{"$message_type":"diagnostic","message":"format argument must be a string literal","code":null,"level":"error","spans":[{"file_name":"/Users/jeffreyfriedman/.rustup/toolchains/nightly-aarch64-apple-darwin/lib/rustlib/src/rust/library/alloc/src/macros.rs","byte_start":3860,"byte_end":3973,"line_start":107,"line_end":109,"column_start":9,"column_end":11,"is_primary":true,"text":[{"text":"        $crate::__export::must_use({","highlight_start":9,"highlight_end":37},{"text":"            $crate::fmt::format($crate::__export::format_args!($($arg)*))","highlight_start":1,"highlight_end":74},{"text":"        })","highlight_start":1,"highlight_end":11}],"label":null,"suggested_replacement":null,"suggestion_applicability":null,"expansion":{"span":{"file_name":"main.rs","byte_start":5379,"byte_end":5438,"line_start":163,"line_end":163,"column_start":18,"column_end":77,"is_primary":false,"text":[{"text":"        println!(format!(\"{}{}\", \"YOU WIN! Score: \", game.score.to_string()));","highlight_start":18,"highlight_end":77}],"label":null,"suggested_replacement":null,"suggestion_applicability":null,"expansion":null},"macro_decl_name":"format!","def_site_span":{"file_name":"/Users/jeffreyfriedman/.rustup/toolchains/nightly-aarch64-apple-darwin/lib/rustlib/src/rust/library/alloc/src/macros.rs","byte_start":3807,"byte_end":3826,"line_start":105,"line_end":105,"column_start":1,"column_end":20,"is_primary":false,"text":[{"text":"macro_rules! format {","highlight_start":1,"highlight_end":20}],"label":null,"suggested_replacement":null,"suggestion_applicability":null,"expansion":null}}}],"children":[{"message":"you might be missing a string literal to format with","code":null,"level":"help","spans":[{"file_name":"main.rs","byte_start":5379,"byte_end":5379,"line_start":163,"line_end":163,"column_start":18,"column_end":18,"is_primary":true,"text":[{"text":"        println!(format!(\"{}{}\", \"YOU WIN! Score: \", game.score.to_string()));","highlight_start":18,"highlight_end":18}],"label":null,"suggested_replacement":"\"{}\", ","suggestion_applicability":"MaybeIncorrect","expansion":null}],"children":[],"rendered":null}],"rendered":"\u001b[0m\u001b[1m\u001b[38;5;9merror\u001b[0m\u001b[0m\u001b[1m: format argument must be a string literal\u001b[0m\n\u001b[0m   \u001b[0m\u001b[0m\u001b[1m\u001b[38;5;12m--> \u001b[0m\u001b[0mmain.rs:163:18\u001b[0m\n\u001b[0m    \u001b[0m\u001b[0m\u001b[1m\u001b[38;5;12m|\u001b[0m\n\u001b[0m\u001b[1m\u001b[38;5;12m163\u001b[0m\u001b[0m \u001b[0m\u001b[0m\u001b[1m\u001b[38;5;12m|\u001b[0m\u001b[0m \u001b[0m\u001b[0m        println!(format!(\"{}{}\", \"YOU WIN! Score: \", game.score.to_string()));\u001b[0m\n\u001b[0m    \u001b[0m\u001b[0m\u001b[1m\u001b[38;5;12m|\u001b[0m\u001b[0m                  \u001b[0m\u001b[0m\u001b[1m\u001b[38;5;9m^^^^^^^^^^^^^^^^^^^^^^^^^^^^^^^^^^^^^^^^^^^^^^^^^^^^^^^^^^^\u001b[0m\n\u001b[0m    \u001b[0m\u001b[0m\u001b[1m\u001b[38;5;12m|\u001b[0m\n\u001b[0m    \u001b[0m\u001b[0m\u001b[1m\u001b[38;5;12m= \u001b[0m\u001b[0m\u001b[1mnote\u001b[0m\u001b[0m: this error originates in the macro `format` (in Nightly builds, run with -Z macro-backtrace for more info)\u001b[0m\n\u001b[0m\u001b[1m\u001b[38;5;14mhelp\u001b[0m\u001b[0m: you might be missing a string literal to format with\u001b[0m\n\u001b[0m    \u001b[0m\u001b[0m\u001b[1m\u001b[38;5;12m|\u001b[0m\n\u001b[0m\u001b[1m\u001b[38;5;12m163\u001b[0m\u001b[0m \u001b[0m\u001b[0m\u001b[1m\u001b[38;5;12m| \u001b[0m\u001b[0m        println!(\u001b[0m\u001b[0m\u001b[38;5;10m\"{}\", \u001b[0m\u001b[0mformat!(\"{}{}\", \"YOU WIN! Score: \", game.score.to_string()));\u001b[0m\n\u001b[0m    \u001b[0m\u001b[0m\u001b[1m\u001b[38;5;12m|\u001b[0m\u001b[0m                  \u001b[0m\u001b[0m\u001b[38;5;10m+++++\u001b[0m\n\n"}
{"$message_type":"diagnostic","message":"format argument must be a string literal","code":null,"level":"error","spans":[{"file_name":"/Users/jeffreyfriedman/.rustup/toolchains/nightly-aarch64-apple-darwin/lib/rustlib/src/rust/library/alloc/src/macros.rs","byte_start":3860,"byte_end":3973,"line_start":107,"line_end":109,"column_start":9,"column_end":11,"is_primary":true,"text":[{"text":"        $crate::__export::must_use({","highlight_start":9,"highlight_end":37},{"text":"            $crate::fmt::format($crate::__export::format_args!($($arg)*))","highlight_start":1,"highlight_end":74},{"text":"        })","highlight_start":1,"highlight_end":11}],"label":null,"suggested_replacement":null,"suggestion_applicability":null,"expansion":{"span":{"file_name":"main.rs","byte_start":10574,"byte_end":10638,"line_start":324,"line_end":324,"column_start":30,"column_end":94,"is_primary":false,"text":[{"text":"                    println!(format!(\"{}{}\", \"Enemy killed! Score: \", game.score.to_string()))","highlight_start":30,"highlight_end":94}],"label":null,"suggested_replacement":null,"suggestion_applicability":null,"expansion":null},"macro_decl_name":"format!","def_site_span":{"file_name":"/Users/jeffreyfriedman/.rustup/toolchains/nightly-aarch64-apple-darwin/lib/rustlib/src/rust/library/alloc/src/macros.rs","byte_start":3807,"byte_end":3826,"line_start":105,"line_end":105,"column_start":1,"column_end":20,"is_primary":false,"text":[{"text":"macro_rules! format {","highlight_start":1,"highlight_end":20}],"label":null,"suggested_replacement":null,"suggestion_applicability":null,"expansion":null}}}],"children":[{"message":"you might be missing a string literal to format with","code":null,"level":"help","spans":[{"file_name":"main.rs","byte_start":10574,"byte_end":10574,"line_start":324,"line_end":324,"column_start":30,"column_end":30,"is_primary":true,"text":[{"text":"                    println!(format!(\"{}{}\", \"Enemy killed! Score: \", game.score.to_string()))","highlight_start":30,"highlight_end":30}],"label":null,"suggested_replacement":"\"{}\", ","suggestion_applicability":"MaybeIncorrect","expansion":null}],"children":[],"rendered":null}],"rendered":"\u001b[0m\u001b[1m\u001b[38;5;9merror\u001b[0m\u001b[0m\u001b[1m: format argument must be a string literal\u001b[0m\n\u001b[0m   \u001b[0m\u001b[0m\u001b[1m\u001b[38;5;12m--> \u001b[0m\u001b[0mmain.rs:324:30\u001b[0m\n\u001b[0m    \u001b[0m\u001b[0m\u001b[1m\u001b[38;5;12m|\u001b[0m\n\u001b[0m\u001b[1m\u001b[38;5;12m324\u001b[0m\u001b[0m \u001b[0m\u001b[0m\u001b[1m\u001b[38;5;12m|\u001b[0m\u001b[0m \u001b[0m\u001b[0m                    println!(format!(\"{}{}\", \"Enemy killed! Score: \", game.score.to_string()))\u001b[0m\n\u001b[0m    \u001b[0m\u001b[0m\u001b[1m\u001b[38;5;12m|\u001b[0m\u001b[0m                              \u001b[0m\u001b[0m\u001b[1m\u001b[38;5;9m^^^^^^^^^^^^^^^^^^^^^^^^^^^^^^^^^^^^^^^^^^^^^^^^^^^^^^^^^^^^^^^^\u001b[0m\n\u001b[0m    \u001b[0m\u001b[0m\u001b[1m\u001b[38;5;12m|\u001b[0m\n\u001b[0m    \u001b[0m\u001b[0m\u001b[1m\u001b[38;5;12m= \u001b[0m\u001b[0m\u001b[1mnote\u001b[0m\u001b[0m: this error originates in the macro `format` (in Nightly builds, run with -Z macro-backtrace for more info)\u001b[0m\n\u001b[0m\u001b[1m\u001b[38;5;14mhelp\u001b[0m\u001b[0m: you might be missing a string literal to format with\u001b[0m\n\u001b[0m    \u001b[0m\u001b[0m\u001b[1m\u001b[38;5;12m|\u001b[0m\n\u001b[0m\u001b[1m\u001b[38;5;12m324\u001b[0m\u001b[0m \u001b[0m\u001b[0m\u001b[1m\u001b[38;5;12m| \u001b[0m\u001b[0m                    println!(\u001b[0m\u001b[0m\u001b[38;5;10m\"{}\", \u001b[0m\u001b[0mformat!(\"{}{}\", \"Enemy killed! Score: \", game.score.to_string()))\u001b[0m\n\u001b[0m    \u001b[0m\u001b[0m\u001b[1m\u001b[38;5;12m|\u001b[0m\u001b[0m                              \u001b[0m\u001b[0m\u001b[38;5;10m+++++\u001b[0m\n\n"}
{"$message_type":"diagnostic","message":"format argument must be a string literal","code":null,"level":"error","spans":[{"file_name":"/Users/jeffreyfriedman/.rustup/toolchains/nightly-aarch64-apple-darwin/lib/rustlib/src/rust/library/alloc/src/macros.rs","byte_start":3860,"byte_end":3973,"line_start":107,"line_end":109,"column_start":9,"column_end":11,"is_primary":true,"text":[{"text":"        $crate::__export::must_use({","highlight_start":9,"highlight_end":37},{"text":"            $crate::fmt::format($crate::__export::format_args!($($arg)*))","highlight_start":1,"highlight_end":74},{"text":"        })","highlight_start":1,"highlight_end":11}],"label":null,"suggested_replacement":null,"suggestion_applicability":null,"expansion":{"span":{"file_name":"main.rs","byte_start":11683,"byte_end":11739,"line_start":360,"line_end":360,"column_start":14,"column_end":70,"is_primary":false,"text":[{"text":"    println!(format!(\"{}{}\", \"Final Score: \", game.score.to_string()));","highlight_start":14,"highlight_end":70}],"label":null,"suggested_replacement":null,"suggestion_applicability":null,"expansion":null},"macro_decl_name":"format!","def_site_span":{"file_name":"/Users/jeffreyfriedman/.rustup/toolchains/nightly-aarch64-apple-darwin/lib/rustlib/src/rust/library/alloc/src/macros.rs","byte_start":3807,"byte_end":3826,"line_start":105,"line_end":105,"column_start":1,"column_end":20,"is_primary":false,"text":[{"text":"macro_rules! format {","highlight_start":1,"highlight_end":20}],"label":null,"suggested_replacement":null,"suggestion_applicability":null,"expansion":null}}}],"children":[{"message":"you might be missing a string literal to format with","code":null,"level":"help","spans":[{"file_name":"main.rs","byte_start":11683,"byte_end":11683,"line_start":360,"line_end":360,"column_start":14,"column_end":14,"is_primary":true,"text":[{"text":"    println!(format!(\"{}{}\", \"Final Score: \", game.score.to_string()));","highlight_start":14,"highlight_end":14}],"label":null,"suggested_replacement":"\"{}\", ","suggestion_applicability":"MaybeIncorrect","expansion":null}],"children":[],"rendered":null}],"rendered":"\u001b[0m\u001b[1m\u001b[38;5;9merror\u001b[0m\u001b[0m\u001b[1m: format argument must be a string literal\u001b[0m\n\u001b[0m   \u001b[0m\u001b[0m\u001b[1m\u001b[38;5;12m--> \u001b[0m\u001b[0mmain.rs:360:14\u001b[0m\n\u001b[0m    \u001b[0m\u001b[0m\u001b[1m\u001b[38;5;12m|\u001b[0m\n\u001b[0m\u001b[1m\u001b[38;5;12m360\u001b[0m\u001b[0m \u001b[0m\u001b[0m\u001b[1m\u001b[38;5;12m|\u001b[0m\u001b[0m \u001b[0m\u001b[0m    println!(format!(\"{}{}\", \"Final Score: \", game.score.to_string()));\u001b[0m\n\u001b[0m    \u001b[0m\u001b[0m\u001b[1m\u001b[38;5;12m|\u001b[0m\u001b[0m              \u001b[0m\u001b[0m\u001b[1m\u001b[38;5;9m^^^^^^^^^^^^^^^^^^^^^^^^^^^^^^^^^^^^^^^^^^^^^^^^^^^^^^^^\u001b[0m\n\u001b[0m    \u001b[0m\u001b[0m\u001b[1m\u001b[38;5;12m|\u001b[0m\n\u001b[0m    \u001b[0m\u001b[0m\u001b[1m\u001b[38;5;12m= \u001b[0m\u001b[0m\u001b[1mnote\u001b[0m\u001b[0m: this error originates in the macro `format` (in Nightly builds, run with -Z macro-backtrace for more info)\u001b[0m\n\u001b[0m\u001b[1m\u001b[38;5;14mhelp\u001b[0m\u001b[0m: you might be missing a string literal to format with\u001b[0m\n\u001b[0m    \u001b[0m\u001b[0m\u001b[1m\u001b[38;5;12m|\u001b[0m\n\u001b[0m\u001b[1m\u001b[38;5;12m360\u001b[0m\u001b[0m \u001b[0m\u001b[0m\u001b[1m\u001b[38;5;12m| \u001b[0m\u001b[0m    println!(\u001b[0m\u001b[0m\u001b[38;5;10m\"{}\", \u001b[0m\u001b[0mformat!(\"{}{}\", \"Final Score: \", game.score.to_string()));\u001b[0m\n\u001b[0m    \u001b[0m\u001b[0m\u001b[1m\u001b[38;5;12m|\u001b[0m\u001b[0m              \u001b[0m\u001b[0m\u001b[38;5;10m+++++\u001b[0m\n\n"}
{"$message_type":"diagnostic","message":"unused import: `Mat4`","code":{"code":"unused_imports","explanation":null},"level":"warning","spans":[{"file_name":"main.rs","byte_start":211,"byte_end":215,"line_start":4,"line_end":4,"column_start":45,"column_end":49,"is_primary":true,"text":[{"text":"use windjammer_game_framework::math::{Vec3, Mat4};","highlight_start":45,"highlight_end":49}],"label":null,"suggested_replacement":null,"suggestion_applicability":null,"expansion":null}],"children":[{"message":"`#[warn(unused_imports)]` (part of `#[warn(unused)]`) on by default","code":null,"level":"note","spans":[],"children":[],"rendered":null},{"message":"remove the unused import","code":null,"level":"help","spans":[{"file_name":"main.rs","byte_start":209,"byte_end":215,"line_start":4,"line_end":4,"column_start":43,"column_end":49,"is_primary":true,"text":[{"text":"use windjammer_game_framework::math::{Vec3, Mat4};","highlight_start":43,"highlight_end":49}],"label":null,"suggested_replacement":"","suggestion_applicability":"MachineApplicable","expansion":null},{"file_name":"main.rs","byte_start":204,"byte_end":205,"line_start":4,"line_end":4,"column_start":38,"column_end":39,"is_primary":true,"text":[{"text":"use windjammer_game_framework::math::{Vec3, Mat4};","highlight_start":38,"highlight_end":39}],"label":null,"suggested_replacement":"","suggestion_applicability":"MachineApplicable","expansion":null},{"file_name":"main.rs","byte_start":215,"byte_end":216,"line_start":4,"line_end":4,"column_start":49,"column_end":50,"is_primary":true,"text":[{"text":"use windjammer_game_framework::math::{Vec3, Mat4};","highlight_start":49,"highlight_end":50}],"label":null,"suggested_replacement":"","suggestion_applicability":"MachineApplicable","expansion":null}],"children":[],"rendered":null}],"rendered":"\u001b[0m\u001b[1m\u001b[33mwarning\u001b[0m\u001b[0m\u001b[1m: unused import: `Mat4`\u001b[0m\n\u001b[0m \u001b[0m\u001b[0m\u001b[1m\u001b[38;5;12m--> \u001b[0m\u001b[0mmain.rs:4:45\u001b[0m\n\u001b[0m  \u001b[0m\u001b[0m\u001b[1m\u001b[38;5;12m|\u001b[0m\n\u001b[0m\u001b[1m\u001b[38;5;12m4\u001b[0m\u001b[0m \u001b[0m\u001b[0m\u001b[1m\u001b[38;5;12m|\u001b[0m\u001b[0m \u001b[0m\u001b[0muse windjammer_game_framework::math::{Vec3, Mat4};\u001b[0m\n\u001b[0m  \u001b[0m\u001b[0m\u001b[1m\u001b[38;5;12m|\u001b[0m\u001b[0m                                             \u001b[0m\u001b[0m\u001b[1m\u001b[33m^^^^\u001b[0m\n\u001b[0m  \u001b[0m\u001b[0m\u001b[1m\u001b[38;5;12m|\u001b[0m\n\u001b[0m  \u001b[0m\u001b[0m\u001b[1m\u001b[38;5;12m= \u001b[0m\u001b[0m\u001b[1mnote\u001b[0m\u001b[0m: `#[warn(unused_imports)]` (part of `#[warn(unused)]`) on by default\u001b[0m\n\n"}
{"$message_type":"diagnostic","message":"unused import: `ControlFlow`","code":{"code":"unused_imports","explanation":null},"level":"warning","spans":[{"file_name":"main.rs","byte_start":11945,"byte_end":11956,"line_start":367,"line_end":367,"column_start":29,"column_end":40,"is_primary":true,"text":[{"text":"    use winit::event_loop::{ControlFlow, EventLoop};","highlight_start":29,"highlight_end":40}],"label":null,"suggested_replacement":null,"suggestion_applicability":null,"expansion":null}],"children":[{"message":"remove the unused import","code":null,"level":"help","spans":[{"file_name":"main.rs","byte_start":11945,"byte_end":11958,"line_start":367,"line_end":367,"column_start":29,"column_end":42,"is_primary":true,"text":[{"text":"    use winit::event_loop::{ControlFlow, EventLoop};","highlight_start":29,"highlight_end":42}],"label":null,"suggested_replacement":"","suggestion_applicability":"MachineApplicable","expansion":null},{"file_name":"main.rs","byte_start":11944,"byte_end":11945,"line_start":367,"line_end":367,"column_start":28,"column_end":29,"is_primary":true,"text":[{"text":"    use winit::event_loop::{ControlFlow, EventLoop};","highlight_start":28,"highlight_end":29}],"label":null,"suggested_replacement":"","suggestion_applicability":"MachineApplicable","expansion":null},{"file_name":"main.rs","byte_start":11967,"byte_end":11968,"line_start":367,"line_end":367,"column_start":51,"column_end":52,"is_primary":true,"text":[{"text":"    use winit::event_loop::{ControlFlow, EventLoop};","highlight_start":51,"highlight_end":52}],"label":null,"suggested_replacement":"","suggestion_applicability":"MachineApplicable","expansion":null}],"children":[],"rendered":null}],"rendered":"\u001b[0m\u001b[1m\u001b[33mwarning\u001b[0m\u001b[0m\u001b[1m: unused import: `ControlFlow`\u001b[0m\n\u001b[0m   \u001b[0m\u001b[0m\u001b[1m\u001b[38;5;12m--> \u001b[0m\u001b[0mmain.rs:367:29\u001b[0m\n\u001b[0m    \u001b[0m\u001b[0m\u001b[1m\u001b[38;5;12m|\u001b[0m\n\u001b[0m\u001b[1m\u001b[38;5;12m367\u001b[0m\u001b[0m \u001b[0m\u001b[0m\u001b[1m\u001b[38;5;12m|\u001b[0m\u001b[0m \u001b[0m\u001b[0m    use winit::event_loop::{ControlFlow, EventLoop};\u001b[0m\n\u001b[0m    \u001b[0m\u001b[0m\u001b[1m\u001b[38;5;12m|\u001b[0m\u001b[0m                             \u001b[0m\u001b[0m\u001b[1m\u001b[33m^^^^^^^^^^^\u001b[0m\n\n"}
{"$message_type":"diagnostic","message":"mismatched types","code":{"code":"E0308","explanation":"Expected type did not match the received type.\n\nErroneous code examples:\n\n```compile_fail,E0308\nfn plus_one(x: i32) -> i32 {\n    x + 1\n}\n\nplus_one(\"Not a number\");\n//       ^^^^^^^^^^^^^^ expected `i32`, found `&str`\n\nif \"Not a bool\" {\n// ^^^^^^^^^^^^ expected `bool`, found `&str`\n}\n\nlet x: f32 = \"Not a float\";\n//     ---   ^^^^^^^^^^^^^ expected `f32`, found `&str`\n//     |\n//     expected due to this\n```\n\nThis error occurs when an expression was used in a place where the compiler\nexpected an expression of a different type. It can occur in several cases, the\nmost common being when calling a function and passing an argument which has a\ndifferent type than the matching type in the function declaration.\n"},"level":"error","spans":[{"file_name":"main.rs","byte_start":763,"byte_end":773,"line_start":31,"line_end":31,"column_start":25,"column_end":35,"is_primary":true,"text":[{"text":"            player_pos: Vec::new(),","highlight_start":25,"highlight_end":35}],"label":"expected `Vec3`, found `Vec<_>`","suggested_replacement":null,"suggestion_applicability":null,"expansion":null}],"children":[{"message":"expected struct `Vec3`\n   found struct `Vec<_>`","code":null,"level":"note","spans":[],"children":[],"rendered":null}],"rendered":"\u001b[0m\u001b[1m\u001b[38;5;9merror[E0308]\u001b[0m\u001b[0m\u001b[1m: mismatched types\u001b[0m\n\u001b[0m  \u001b[0m\u001b[0m\u001b[1m\u001b[38;5;12m--> \u001b[0m\u001b[0mmain.rs:31:25\u001b[0m\n\u001b[0m   \u001b[0m\u001b[0m\u001b[1m\u001b[38;5;12m|\u001b[0m\n\u001b[0m\u001b[1m\u001b[38;5;12m31\u001b[0m\u001b[0m \u001b[0m\u001b[0m\u001b[1m\u001b[38;5;12m|\u001b[0m\u001b[0m \u001b[0m\u001b[0m            player_pos: Vec::new(),\u001b[0m\n\u001b[0m   \u001b[0m\u001b[0m\u001b[1m\u001b[38;5;12m|\u001b[0m\u001b[0m                         \u001b[0m\u001b[0m\u001b[1m\u001b[38;5;9m^^^^^^^^^^\u001b[0m\u001b[0m \u001b[0m\u001b[0m\u001b[1m\u001b[38;5;9mexpected `Vec3`, found `Vec<_>`\u001b[0m\n\u001b[0m   \u001b[0m\u001b[0m\u001b[1m\u001b[38;5;12m|\u001b[0m\n\u001b[0m   \u001b[0m\u001b[0m\u001b[1m\u001b[38;5;12m= \u001b[0m\u001b[0m\u001b[1mnote\u001b[0m\u001b[0m: expected struct `\u001b[0m\u001b[0m\u001b[1m\u001b[35mVec3\u001b[0m\u001b[0m`\u001b[0m\n\u001b[0m              found struct `\u001b[0m\u001b[0m\u001b[1m\u001b[35mVec<_>\u001b[0m\u001b[0m`\u001b[0m\n\n"}
{"$message_type":"diagnostic","message":"mismatched types","code":{"code":"E0308","explanation":"Expected type did not match the received type.\n\nErroneous code examples:\n\n```compile_fail,E0308\nfn plus_one(x: i32) -> i32 {\n    x + 1\n}\n\nplus_one(\"Not a number\");\n//       ^^^^^^^^^^^^^^ expected `i32`, found `&str`\n\nif \"Not a bool\" {\n// ^^^^^^^^^^^^ expected `bool`, found `&str`\n}\n\nlet x: f32 = \"Not a float\";\n//     ---   ^^^^^^^^^^^^^ expected `f32`, found `&str`\n//     |\n//     expected due to this\n```\n\nThis error occurs when an expression was used in a place where the compiler\nexpected an expression of a different type. It can occur in several cases, the\nmost common being when calling a function and passing an argument which has a\ndifferent type than the matching type in the function declaration.\n"},"level":"error","spans":[{"file_name":"main.rs","byte_start":804,"byte_end":814,"line_start":32,"line_end":32,"column_start":30,"column_end":40,"is_primary":true,"text":[{"text":"            player_velocity: Vec::new(),","highlight_start":30,"highlight_end":40}],"label":"expected `Vec3`, found `Vec<_>`","suggested_replacement":null,"suggestion_applicability":null,"expansion":null}],"children":[{"message":"expected struct `Vec3`\n   found struct `Vec<_>`","code":null,"level":"note","spans":[],"children":[],"rendered":null}],"rendered":"\u001b[0m\u001b[1m\u001b[38;5;9merror[E0308]\u001b[0m\u001b[0m\u001b[1m: mismatched types\u001b[0m\n\u001b[0m  \u001b[0m\u001b[0m\u001b[1m\u001b[38;5;12m--> \u001b[0m\u001b[0mmain.rs:32:30\u001b[0m\n\u001b[0m   \u001b[0m\u001b[0m\u001b[1m\u001b[38;5;12m|\u001b[0m\n\u001b[0m\u001b[1m\u001b[38;5;12m32\u001b[0m\u001b[0m \u001b[0m\u001b[0m\u001b[1m\u001b[38;5;12m|\u001b[0m\u001b[0m \u001b[0m\u001b[0m            player_velocity: Vec::new(),\u001b[0m\n\u001b[0m   \u001b[0m\u001b[0m\u001b[1m\u001b[38;5;12m|\u001b[0m\u001b[0m                              \u001b[0m\u001b[0m\u001b[1m\u001b[38;5;9m^^^^^^^^^^\u001b[0m\u001b[0m \u001b[0m\u001b[0m\u001b[1m\u001b[38;5;9mexpected `Vec3`, found `Vec<_>`\u001b[0m\n\u001b[0m   \u001b[0m\u001b[0m\u001b[1m\u001b[38;5;12m|\u001b[0m\n\u001b[0m   \u001b[0m\u001b[0m\u001b[1m\u001b[38;5;12m= \u001b[0m\u001b[0m\u001b[1mnote\u001b[0m\u001b[0m: expected struct `\u001b[0m\u001b[0m\u001b[1m\u001b[35mVec3\u001b[0m\u001b[0m`\u001b[0m\n\u001b[0m              found struct `\u001b[0m\u001b[0m\u001b[1m\u001b[35mVec<_>\u001b[0m\u001b[0m`\u001b[0m\n\n"}
{"$message_type":"diagnostic","message":"no variant or associated item named `Key1` found for enum `windjammer_game_framework::input::Key` in the current scope","code":{"code":"E0599","explanation":"This error occurs when a method is used on a type which doesn't implement it:\n\nErroneous code example:\n\n```compile_fail,E0599\nstruct Mouth;\n\nlet x = Mouth;\nx.chocolate(); // error: no method named `chocolate` found for type `Mouth`\n               //        in the current scope\n```\n\nIn this case, you need to implement the `chocolate` method to fix the error:\n\n```\nstruct Mouth;\n\nimpl Mouth {\n    fn chocolate(&self) { // We implement the `chocolate` method here.\n        println!(\"Hmmm! I love chocolate!\");\n    }\n}\n\nlet x = Mouth;\nx.chocolate(); // ok!\n```\n"},"level":"error","spans":[{"file_name":"main.rs","byte_start":4796,"byte_end":4800,"line_start":140,"line_end":140,"column_start":27,"column_end":31,"is_primary":true,"text":[{"text":"    if input.pressed(Key::Key1) {","highlight_start":27,"highlight_end":31}],"label":"variant or associated item not found in `windjammer_game_framework::input::Key`","suggested_replacement":null,"suggestion_applicability":null,"expansion":null}],"children":[],"rendered":"\u001b[0m\u001b[1m\u001b[38;5;9merror[E0599]\u001b[0m\u001b[0m\u001b[1m: no variant or associated item named `Key1` found for enum `windjammer_game_framework::input::Key` in the current scope\u001b[0m\n\u001b[0m   \u001b[0m\u001b[0m\u001b[1m\u001b[38;5;12m--> \u001b[0m\u001b[0mmain.rs:140:27\u001b[0m\n\u001b[0m    \u001b[0m\u001b[0m\u001b[1m\u001b[38;5;12m|\u001b[0m\n\u001b[0m\u001b[1m\u001b[38;5;12m140\u001b[0m\u001b[0m \u001b[0m\u001b[0m\u001b[1m\u001b[38;5;12m|\u001b[0m\u001b[0m \u001b[0m\u001b[0m    if input.pressed(Key::Key1) {\u001b[0m\n\u001b[0m    \u001b[0m\u001b[0m\u001b[1m\u001b[38;5;12m|\u001b[0m\u001b[0m                           \u001b[0m\u001b[0m\u001b[1m\u001b[38;5;9m^^^^\u001b[0m\u001b[0m \u001b[0m\u001b[0m\u001b[1m\u001b[38;5;9mvariant or associated item not found in `windjammer_game_framework::input::Key`\u001b[0m\n\n"}
{"$message_type":"diagnostic","message":"no variant or associated item named `Key2` found for enum `windjammer_game_framework::input::Key` in the current scope","code":{"code":"E0599","explanation":"This error occurs when a method is used on a type which doesn't implement it:\n\nErroneous code example:\n\n```compile_fail,E0599\nstruct Mouth;\n\nlet x = Mouth;\nx.chocolate(); // error: no method named `chocolate` found for type `Mouth`\n               //        in the current scope\n```\n\nIn this case, you need to implement the `chocolate` method to fix the error:\n\n```\nstruct Mouth;\n\nimpl Mouth {\n    fn chocolate(&self) { // We implement the `chocolate` method here.\n        println!(\"Hmmm! I love chocolate!\");\n    }\n}\n\nlet x = Mouth;\nx.chocolate(); // ok!\n```\n"},"level":"error","spans":[{"file_name":"main.rs","byte_start":4900,"byte_end":4904,"line_start":144,"line_end":144,"column_start":27,"column_end":31,"is_primary":true,"text":[{"text":"    if input.pressed(Key::Key2) {","highlight_start":27,"highlight_end":31}],"label":"variant or associated item not found in `windjammer_game_framework::input::Key`","suggested_replacement":null,"suggestion_applicability":null,"expansion":null}],"children":[],"rendered":"\u001b[0m\u001b[1m\u001b[38;5;9merror[E0599]\u001b[0m\u001b[0m\u001b[1m: no variant or associated item named `Key2` found for enum `windjammer_game_framework::input::Key` in the current scope\u001b[0m\n\u001b[0m   \u001b[0m\u001b[0m\u001b[1m\u001b[38;5;12m--> \u001b[0m\u001b[0mmain.rs:144:27\u001b[0m\n\u001b[0m    \u001b[0m\u001b[0m\u001b[1m\u001b[38;5;12m|\u001b[0m\n\u001b[0m\u001b[1m\u001b[38;5;12m144\u001b[0m\u001b[0m \u001b[0m\u001b[0m\u001b[1m\u001b[38;5;12m|\u001b[0m\u001b[0m \u001b[0m\u001b[0m    if input.pressed(Key::Key2) {\u001b[0m\n\u001b[0m    \u001b[0m\u001b[0m\u001b[1m\u001b[38;5;12m|\u001b[0m\u001b[0m                           \u001b[0m\u001b[0m\u001b[1m\u001b[38;5;9m^^^^\u001b[0m\u001b[0m \u001b[0m\u001b[0m\u001b[1m\u001b[38;5;9mvariant or associated item not found in `windjammer_game_framework::input::Key`\u001b[0m\n\n"}
{"$message_type":"diagnostic","message":"no variant or associated item named `Key3` found for enum `windjammer_game_framework::input::Key` in the current scope","code":{"code":"E0599","explanation":"This error occurs when a method is used on a type which doesn't implement it:\n\nErroneous code example:\n\n```compile_fail,E0599\nstruct Mouth;\n\nlet x = Mouth;\nx.chocolate(); // error: no method named `chocolate` found for type `Mouth`\n               //        in the current scope\n```\n\nIn this case, you need to implement the `chocolate` method to fix the error:\n\n```\nstruct Mouth;\n\nimpl Mouth {\n    fn chocolate(&self) { // We implement the `chocolate` method here.\n        println!(\"Hmmm! I love chocolate!\");\n    }\n}\n\nlet x = Mouth;\nx.chocolate(); // ok!\n```\n"},"level":"error","spans":[{"file_name":"main.rs","byte_start":5005,"byte_end":5009,"line_start":148,"line_end":148,"column_start":27,"column_end":31,"is_primary":true,"text":[{"text":"    if input.pressed(Key::Key3) {","highlight_start":27,"highlight_end":31}],"label":"variant or associated item not found in `windjammer_game_framework::input::Key`","suggested_replacement":null,"suggestion_applicability":null,"expansion":null}],"children":[],"rendered":"\u001b[0m\u001b[1m\u001b[38;5;9merror[E0599]\u001b[0m\u001b[0m\u001b[1m: no variant or associated item named `Key3` found for enum `windjammer_game_framework::input::Key` in the current scope\u001b[0m\n\u001b[0m   \u001b[0m\u001b[0m\u001b[1m\u001b[38;5;12m--> \u001b[0m\u001b[0mmain.rs:148:27\u001b[0m\n\u001b[0m    \u001b[0m\u001b[0m\u001b[1m\u001b[38;5;12m|\u001b[0m\n\u001b[0m\u001b[1m\u001b[38;5;12m148\u001b[0m\u001b[0m \u001b[0m\u001b[0m\u001b[1m\u001b[38;5;12m|\u001b[0m\u001b[0m \u001b[0m\u001b[0m    if input.pressed(Key::Key3) {\u001b[0m\n\u001b[0m    \u001b[0m\u001b[0m\u001b[1m\u001b[38;5;12m|\u001b[0m\u001b[0m                           \u001b[0m\u001b[0m\u001b[1m\u001b[38;5;9m^^^^\u001b[0m\u001b[0m \u001b[0m\u001b[0m\u001b[1m\u001b[38;5;9mvariant or associated item not found in `windjammer_game_framework::input::Key`\u001b[0m\n\n"}
{"$message_type":"diagnostic","message":"mismatched types","code":{"code":"E0308","explanation":"Expected type did not match the received type.\n\nErroneous code examples:\n\n```compile_fail,E0308\nfn plus_one(x: i32) -> i32 {\n    x + 1\n}\n\nplus_one(\"Not a number\");\n//       ^^^^^^^^^^^^^^ expected `i32`, found `&str`\n\nif \"Not a bool\" {\n// ^^^^^^^^^^^^ expected `bool`, found `&str`\n}\n\nlet x: f32 = \"Not a float\";\n//     ---   ^^^^^^^^^^^^^ expected `f32`, found `&str`\n//     |\n//     expected due to this\n```\n\nThis error occurs when an expression was used in a place where the compiler\nexpected an expression of a different type. It can occur in several cases, the\nmost common being when calling a function and passing an argument which has a\ndifferent type than the matching type in the function declaration.\n"},"level":"error","spans":[{"file_name":"main.rs","byte_start":6522,"byte_end":6536,"line_start":204,"line_end":204,"column_start":30,"column_end":44,"is_primary":true,"text":[{"text":"    game.player_velocity.x = move_x * speed;","highlight_start":30,"highlight_end":44}],"label":"expected `f32`, found `f64`","suggested_replacement":null,"suggestion_applicability":null,"expansion":null},{"file_name":"main.rs","byte_start":6497,"byte_end":6519,"line_start":204,"line_end":204,"column_start":5,"column_end":27,"is_primary":false,"text":[{"text":"    game.player_velocity.x = move_x * speed;","highlight_start":5,"highlight_end":27}],"label":"expected due to the type of this binding","suggested_replacement":null,"suggestion_applicability":null,"expansion":null}],"children":[],"rendered":"\u001b[0m\u001b[1m\u001b[38;5;9merror[E0308]\u001b[0m\u001b[0m\u001b[1m: mismatched types\u001b[0m\n\u001b[0m   \u001b[0m\u001b[0m\u001b[1m\u001b[38;5;12m--> \u001b[0m\u001b[0mmain.rs:204:30\u001b[0m\n\u001b[0m    \u001b[0m\u001b[0m\u001b[1m\u001b[38;5;12m|\u001b[0m\n\u001b[0m\u001b[1m\u001b[38;5;12m204\u001b[0m\u001b[0m \u001b[0m\u001b[0m\u001b[1m\u001b[38;5;12m|\u001b[0m\u001b[0m \u001b[0m\u001b[0m    game.player_velocity.x = move_x * speed;\u001b[0m\n\u001b[0m    \u001b[0m\u001b[0m\u001b[1m\u001b[38;5;12m|\u001b[0m\u001b[0m     \u001b[0m\u001b[0m\u001b[1m\u001b[38;5;12m----------------------\u001b[0m\u001b[0m   \u001b[0m\u001b[0m\u001b[1m\u001b[38;5;9m^^^^^^^^^^^^^^\u001b[0m\u001b[0m \u001b[0m\u001b[0m\u001b[1m\u001b[38;5;9mexpected `f32`, found `f64`\u001b[0m\n\u001b[0m    \u001b[0m\u001b[0m\u001b[1m\u001b[38;5;12m|\u001b[0m\u001b[0m     \u001b[0m\u001b[0m\u001b[1m\u001b[38;5;12m|\u001b[0m\n\u001b[0m    \u001b[0m\u001b[0m\u001b[1m\u001b[38;5;12m|\u001b[0m\u001b[0m     \u001b[0m\u001b[0m\u001b[1m\u001b[38;5;12mexpected due to the type of this binding\u001b[0m\n\n"}
{"$message_type":"diagnostic","message":"mismatched types","code":{"code":"E0308","explanation":"Expected type did not match the received type.\n\nErroneous code examples:\n\n```compile_fail,E0308\nfn plus_one(x: i32) -> i32 {\n    x + 1\n}\n\nplus_one(\"Not a number\");\n//       ^^^^^^^^^^^^^^ expected `i32`, found `&str`\n\nif \"Not a bool\" {\n// ^^^^^^^^^^^^ expected `bool`, found `&str`\n}\n\nlet x: f32 = \"Not a float\";\n//     ---   ^^^^^^^^^^^^^ expected `f32`, found `&str`\n//     |\n//     expected due to this\n```\n\nThis error occurs when an expression was used in a place where the compiler\nexpected an expression of a different type. It can occur in several cases, the\nmost common being when calling a function and passing an argument which has a\ndifferent type than the matching type in the function declaration.\n"},"level":"error","spans":[{"file_name":"main.rs","byte_start":6567,"byte_end":6581,"line_start":205,"line_end":205,"column_start":30,"column_end":44,"is_primary":true,"text":[{"text":"    game.player_velocity.z = move_z * speed;","highlight_start":30,"highlight_end":44}],"label":"expected `f32`, found `f64`","suggested_replacement":null,"suggestion_applicability":null,"expansion":null},{"file_name":"main.rs","byte_start":6542,"byte_end":6564,"line_start":205,"line_end":205,"column_start":5,"column_end":27,"is_primary":false,"text":[{"text":"    game.player_velocity.z = move_z * speed;","highlight_start":5,"highlight_end":27}],"label":"expected due to the type of this binding","suggested_replacement":null,"suggestion_applicability":null,"expansion":null}],"children":[],"rendered":"\u001b[0m\u001b[1m\u001b[38;5;9merror[E0308]\u001b[0m\u001b[0m\u001b[1m: mismatched types\u001b[0m\n\u001b[0m   \u001b[0m\u001b[0m\u001b[1m\u001b[38;5;12m--> \u001b[0m\u001b[0mmain.rs:205:30\u001b[0m\n\u001b[0m    \u001b[0m\u001b[0m\u001b[1m\u001b[38;5;12m|\u001b[0m\n\u001b[0m\u001b[1m\u001b[38;5;12m205\u001b[0m\u001b[0m \u001b[0m\u001b[0m\u001b[1m\u001b[38;5;12m|\u001b[0m\u001b[0m \u001b[0m\u001b[0m    game.player_velocity.z = move_z * speed;\u001b[0m\n\u001b[0m    \u001b[0m\u001b[0m\u001b[1m\u001b[38;5;12m|\u001b[0m\u001b[0m     \u001b[0m\u001b[0m\u001b[1m\u001b[38;5;12m----------------------\u001b[0m\u001b[0m   \u001b[0m\u001b[0m\u001b[1m\u001b[38;5;9m^^^^^^^^^^^^^^\u001b[0m\u001b[0m \u001b[0m\u001b[0m\u001b[1m\u001b[38;5;9mexpected `f32`, found `f64`\u001b[0m\n\u001b[0m    \u001b[0m\u001b[0m\u001b[1m\u001b[38;5;12m|\u001b[0m\u001b[0m     \u001b[0m\u001b[0m\u001b[1m\u001b[38;5;12m|\u001b[0m\n\u001b[0m    \u001b[0m\u001b[0m\u001b[1m\u001b[38;5;12m|\u001b[0m\u001b[0m     \u001b[0m\u001b[0m\u001b[1m\u001b[38;5;12mexpected due to the type of this binding\u001b[0m\n\n"}
{"$message_type":"diagnostic","message":"mismatched types","code":{"code":"E0308","explanation":"Expected type did not match the received type.\n\nErroneous code examples:\n\n```compile_fail,E0308\nfn plus_one(x: i32) -> i32 {\n    x + 1\n}\n\nplus_one(\"Not a number\");\n//       ^^^^^^^^^^^^^^ expected `i32`, found `&str`\n\nif \"Not a bool\" {\n// ^^^^^^^^^^^^ expected `bool`, found `&str`\n}\n\nlet x: f32 = \"Not a float\";\n//     ---   ^^^^^^^^^^^^^ expected `f32`, found `&str`\n//     |\n//     expected due to this\n```\n\nThis error occurs when an expression was used in a place where the compiler\nexpected an expression of a different type. It can occur in several cases, the\nmost common being when calling a function and passing an argument which has a\ndifferent type than the matching type in the function declaration.\n"},"level":"error","spans":[{"file_name":"main.rs","byte_start":6676,"byte_end":6694,"line_start":207,"line_end":207,"column_start":34,"column_end":52,"is_primary":true,"text":[{"text":"        game.player_velocity.y = game.jump_velocity;","highlight_start":34,"highlight_end":52}],"label":"expected `f32`, found `f64`","suggested_replacement":null,"suggestion_applicability":null,"expansion":null},{"file_name":"main.rs","byte_start":6651,"byte_end":6673,"line_start":207,"line_end":207,"column_start":9,"column_end":31,"is_primary":false,"text":[{"text":"        game.player_velocity.y = game.jump_velocity;","highlight_start":9,"highlight_end":31}],"label":"expected due to the type of this binding","suggested_replacement":null,"suggestion_applicability":null,"expansion":null}],"children":[],"rendered":"\u001b[0m\u001b[1m\u001b[38;5;9merror[E0308]\u001b[0m\u001b[0m\u001b[1m: mismatched types\u001b[0m\n\u001b[0m   \u001b[0m\u001b[0m\u001b[1m\u001b[38;5;12m--> \u001b[0m\u001b[0mmain.rs:207:34\u001b[0m\n\u001b[0m    \u001b[0m\u001b[0m\u001b[1m\u001b[38;5;12m|\u001b[0m\n\u001b[0m\u001b[1m\u001b[38;5;12m207\u001b[0m\u001b[0m \u001b[0m\u001b[0m\u001b[1m\u001b[38;5;12m|\u001b[0m\u001b[0m \u001b[0m\u001b[0m        game.player_velocity.y = game.jump_velocity;\u001b[0m\n\u001b[0m    \u001b[0m\u001b[0m\u001b[1m\u001b[38;5;12m|\u001b[0m\u001b[0m         \u001b[0m\u001b[0m\u001b[1m\u001b[38;5;12m----------------------\u001b[0m\u001b[0m   \u001b[0m\u001b[0m\u001b[1m\u001b[38;5;9m^^^^^^^^^^^^^^^^^^\u001b[0m\u001b[0m \u001b[0m\u001b[0m\u001b[1m\u001b[38;5;9mexpected `f32`, found `f64`\u001b[0m\n\u001b[0m    \u001b[0m\u001b[0m\u001b[1m\u001b[38;5;12m|\u001b[0m\u001b[0m         \u001b[0m\u001b[0m\u001b[1m\u001b[38;5;12m|\u001b[0m\n\u001b[0m    \u001b[0m\u001b[0m\u001b[1m\u001b[38;5;12m|\u001b[0m\u001b[0m         \u001b[0m\u001b[0m\u001b[1m\u001b[38;5;12mexpected due to the type of this binding\u001b[0m\n\n"}
{"$message_type":"diagnostic","message":"mismatched types","code":{"code":"E0308","explanation":"Expected type did not match the received type.\n\nErroneous code examples:\n\n```compile_fail,E0308\nfn plus_one(x: i32) -> i32 {\n    x + 1\n}\n\nplus_one(\"Not a number\");\n//       ^^^^^^^^^^^^^^ expected `i32`, found `&str`\n\nif \"Not a bool\" {\n// ^^^^^^^^^^^^ expected `bool`, found `&str`\n}\n\nlet x: f32 = \"Not a float\";\n//     ---   ^^^^^^^^^^^^^ expected `f32`, found `&str`\n//     |\n//     expected due to this\n```\n\nThis error occurs when an expression was used in a place where the compiler\nexpected an expression of a different type. It can occur in several cases, the\nmost common being when calling a function and passing an argument which has a\ndifferent type than the matching type in the function declaration.\n"},"level":"error","spans":[{"file_name":"main.rs","byte_start":6831,"byte_end":6851,"line_start":211,"line_end":211,"column_start":59,"column_end":79,"is_primary":true,"text":[{"text":"        game.player_velocity.y = game.player_velocity.y + game.gravity * delta;","highlight_start":59,"highlight_end":79}],"label":"expected `f32`, found `f64`","suggested_replacement":null,"suggestion_applicability":null,"expansion":null}],"children":[],"rendered":"\u001b[0m\u001b[1m\u001b[38;5;9merror[E0308]\u001b[0m\u001b[0m\u001b[1m: mismatched types\u001b[0m\n\u001b[0m   \u001b[0m\u001b[0m\u001b[1m\u001b[38;5;12m--> \u001b[0m\u001b[0mmain.rs:211:59\u001b[0m\n\u001b[0m    \u001b[0m\u001b[0m\u001b[1m\u001b[38;5;12m|\u001b[0m\n\u001b[0m\u001b[1m\u001b[38;5;12m211\u001b[0m\u001b[0m \u001b[0m\u001b[0m\u001b[1m\u001b[38;5;12m|\u001b[0m\u001b[0m \u001b[0m\u001b[0m        game.player_velocity.y = game.player_velocity.y + game.gravity * delta;\u001b[0m\n\u001b[0m    \u001b[0m\u001b[0m\u001b[1m\u001b[38;5;12m|\u001b[0m\u001b[0m                                                           \u001b[0m\u001b[0m\u001b[1m\u001b[38;5;9m^^^^^^^^^^^^^^^^^^^^\u001b[0m\u001b[0m \u001b[0m\u001b[0m\u001b[1m\u001b[38;5;9mexpected `f32`, found `f64`\u001b[0m\n\n"}
{"$message_type":"diagnostic","message":"cannot add `f64` to `f32`","code":{"code":"E0277","explanation":"You tried to use a type which doesn't implement some trait in a place which\nexpected that trait.\n\nErroneous code example:\n\n```compile_fail,E0277\n// here we declare the Foo trait with a bar method\ntrait Foo {\n    fn bar(&self);\n}\n\n// we now declare a function which takes an object implementing the Foo trait\nfn some_func<T: Foo>(foo: T) {\n    foo.bar();\n}\n\nfn main() {\n    // we now call the method with the i32 type, which doesn't implement\n    // the Foo trait\n    some_func(5i32); // error: the trait bound `i32 : Foo` is not satisfied\n}\n```\n\nIn order to fix this error, verify that the type you're using does implement\nthe trait. Example:\n\n```\ntrait Foo {\n    fn bar(&self);\n}\n\n// we implement the trait on the i32 type\nimpl Foo for i32 {\n    fn bar(&self) {}\n}\n\nfn some_func<T: Foo>(foo: T) {\n    foo.bar(); // we can now use this method since i32 implements the\n               // Foo trait\n}\n\nfn main() {\n    some_func(5i32); // ok!\n}\n```\n\nOr in a generic context, an erroneous code example would look like:\n\n```compile_fail,E0277\nfn some_func<T>(foo: T) {\n    println!(\"{:?}\", foo); // error: the trait `core::fmt::Debug` is not\n                           //        implemented for the type `T`\n}\n\nfn main() {\n    // We now call the method with the i32 type,\n    // which *does* implement the Debug trait.\n    some_func(5i32);\n}\n```\n\nNote that the error here is in the definition of the generic function. Although\nwe only call it with a parameter that does implement `Debug`, the compiler\nstill rejects the function. It must work with all possible input types. In\norder to make this example compile, we need to restrict the generic type we're\naccepting:\n\n```\nuse std::fmt;\n\n// Restrict the input type to types that implement Debug.\nfn some_func<T: fmt::Debug>(foo: T) {\n    println!(\"{:?}\", foo);\n}\n\nfn main() {\n    // Calling the method is still fine, as i32 implements Debug.\n    some_func(5i32);\n\n    // This would fail to compile now:\n    // struct WithoutDebug;\n    // some_func(WithoutDebug);\n}\n```\n\nRust only looks at the signature of the called function, as such it must\nalready specify all requirements that will be used for every type parameter.\n"},"level":"error","spans":[{"file_name":"main.rs","byte_start":6829,"byte_end":6830,"line_start":211,"line_end":211,"column_start":57,"column_end":58,"is_primary":true,"text":[{"text":"        game.player_velocity.y = game.player_velocity.y + game.gravity * delta;","highlight_start":57,"highlight_end":58}],"label":"no implementation for `f32 + f64`","suggested_replacement":null,"suggestion_applicability":null,"expansion":null}],"children":[{"message":"the trait `Add<f64>` is not implemented for `f32`","code":null,"level":"help","spans":[],"children":[],"rendered":null},{"message":"the following other types implement trait `Add<Rhs>`:\n  `&f32` implements `Add<&Complex<f32>>`\n  `&f32` implements `Add<Complex<f32>>`\n  `&f32` implements `Add<f32>`\n  `&f32` implements `Add`\n  `f32` implements `Add<&Complex<f32>>`\n  `f32` implements `Add<&f32>`\n  `f32` implements `Add<Complex<f32>>`\n  `f32` implements `Add<Vec2>`\nand 6 others","code":null,"level":"help","spans":[],"children":[],"rendered":null}],"rendered":"\u001b[0m\u001b[1m\u001b[38;5;9merror[E0277]\u001b[0m\u001b[0m\u001b[1m: cannot add `f64` to `f32`\u001b[0m\n\u001b[0m   \u001b[0m\u001b[0m\u001b[1m\u001b[38;5;12m--> \u001b[0m\u001b[0mmain.rs:211:57\u001b[0m\n\u001b[0m    \u001b[0m\u001b[0m\u001b[1m\u001b[38;5;12m|\u001b[0m\n\u001b[0m\u001b[1m\u001b[38;5;12m211\u001b[0m\u001b[0m \u001b[0m\u001b[0m\u001b[1m\u001b[38;5;12m|\u001b[0m\u001b[0m \u001b[0m\u001b[0m        game.player_velocity.y = game.player_velocity.y + game.gravity * delta;\u001b[0m\n\u001b[0m    \u001b[0m\u001b[0m\u001b[1m\u001b[38;5;12m|\u001b[0m\u001b[0m                                                         \u001b[0m\u001b[0m\u001b[1m\u001b[38;5;9m^\u001b[0m\u001b[0m \u001b[0m\u001b[0m\u001b[1m\u001b[38;5;9mno implementation for `f32 + f64`\u001b[0m\n\u001b[0m    \u001b[0m\u001b[0m\u001b[1m\u001b[38;5;12m|\u001b[0m\n\u001b[0m    \u001b[0m\u001b[0m\u001b[1m\u001b[38;5;12m= \u001b[0m\u001b[0m\u001b[1mhelp\u001b[0m\u001b[0m: the trait `Add<f64>` is not implemented for `f32`\u001b[0m\n\u001b[0m    \u001b[0m\u001b[0m\u001b[1m\u001b[38;5;12m= \u001b[0m\u001b[0m\u001b[1mhelp\u001b[0m\u001b[0m: the following other types implement trait `Add<Rhs>`:\u001b[0m\n\u001b[0m              `&f32` implements `Add<&Complex<f32>>`\u001b[0m\n\u001b[0m              `&f32` implements `Add<Complex<f32>>`\u001b[0m\n\u001b[0m              `&f32` implements `Add<f32>`\u001b[0m\n\u001b[0m              `&f32` implements `Add`\u001b[0m\n\u001b[0m              `f32` implements `Add<&Complex<f32>>`\u001b[0m\n\u001b[0m              `f32` implements `Add<&f32>`\u001b[0m\n\u001b[0m              `f32` implements `Add<Complex<f32>>`\u001b[0m\n\u001b[0m              `f32` implements `Add<Vec2>`\u001b[0m\n\u001b[0m            and 6 others\u001b[0m\n\n"}
{"$message_type":"diagnostic","message":"mismatched types","code":{"code":"E0308","explanation":"Expected type did not match the received type.\n\nErroneous code examples:\n\n```compile_fail,E0308\nfn plus_one(x: i32) -> i32 {\n    x + 1\n}\n\nplus_one(\"Not a number\");\n//       ^^^^^^^^^^^^^^ expected `i32`, found `&str`\n\nif \"Not a bool\" {\n// ^^^^^^^^^^^^ expected `bool`, found `&str`\n}\n\nlet x: f32 = \"Not a float\";\n//     ---   ^^^^^^^^^^^^^ expected `f32`, found `&str`\n//     |\n//     expected due to this\n```\n\nThis error occurs when an expression was used in a place where the compiler\nexpected an expression of a different type. It can occur in several cases, the\nmost common being when calling a function and passing an argument which has a\ndifferent type than the matching type in the function declaration.\n"},"level":"error","spans":[{"file_name":"main.rs","byte_start":6920,"byte_end":6925,"line_start":213,"line_end":213,"column_start":62,"column_end":67,"is_primary":true,"text":[{"text":"    let new_x = game.player_pos.x + game.player_velocity.x * delta;","highlight_start":62,"highlight_end":67}],"label":"expected `f32`, found `f64`","suggested_replacement":null,"suggestion_applicability":null,"expansion":null}],"children":[],"rendered":"\u001b[0m\u001b[1m\u001b[38;5;9merror[E0308]\u001b[0m\u001b[0m\u001b[1m: mismatched types\u001b[0m\n\u001b[0m   \u001b[0m\u001b[0m\u001b[1m\u001b[38;5;12m--> \u001b[0m\u001b[0mmain.rs:213:62\u001b[0m\n\u001b[0m    \u001b[0m\u001b[0m\u001b[1m\u001b[38;5;12m|\u001b[0m\n\u001b[0m\u001b[1m\u001b[38;5;12m213\u001b[0m\u001b[0m \u001b[0m\u001b[0m\u001b[1m\u001b[38;5;12m|\u001b[0m\u001b[0m \u001b[0m\u001b[0m    let new_x = game.player_pos.x + game.player_velocity.x * delta;\u001b[0m\n\u001b[0m    \u001b[0m\u001b[0m\u001b[1m\u001b[38;5;12m|\u001b[0m\u001b[0m                                                              \u001b[0m\u001b[0m\u001b[1m\u001b[38;5;9m^^^^^\u001b[0m\u001b[0m \u001b[0m\u001b[0m\u001b[1m\u001b[38;5;9mexpected `f32`, found `f64`\u001b[0m\n\n"}
{"$message_type":"diagnostic","message":"cannot multiply `f32` by `f64`","code":{"code":"E0277","explanation":"You tried to use a type which doesn't implement some trait in a place which\nexpected that trait.\n\nErroneous code example:\n\n```compile_fail,E0277\n// here we declare the Foo trait with a bar method\ntrait Foo {\n    fn bar(&self);\n}\n\n// we now declare a function which takes an object implementing the Foo trait\nfn some_func<T: Foo>(foo: T) {\n    foo.bar();\n}\n\nfn main() {\n    // we now call the method with the i32 type, which doesn't implement\n    // the Foo trait\n    some_func(5i32); // error: the trait bound `i32 : Foo` is not satisfied\n}\n```\n\nIn order to fix this error, verify that the type you're using does implement\nthe trait. Example:\n\n```\ntrait Foo {\n    fn bar(&self);\n}\n\n// we implement the trait on the i32 type\nimpl Foo for i32 {\n    fn bar(&self) {}\n}\n\nfn some_func<T: Foo>(foo: T) {\n    foo.bar(); // we can now use this method since i32 implements the\n               // Foo trait\n}\n\nfn main() {\n    some_func(5i32); // ok!\n}\n```\n\nOr in a generic context, an erroneous code example would look like:\n\n```compile_fail,E0277\nfn some_func<T>(foo: T) {\n    println!(\"{:?}\", foo); // error: the trait `core::fmt::Debug` is not\n                           //        implemented for the type `T`\n}\n\nfn main() {\n    // We now call the method with the i32 type,\n    // which *does* implement the Debug trait.\n    some_func(5i32);\n}\n```\n\nNote that the error here is in the definition of the generic function. Although\nwe only call it with a parameter that does implement `Debug`, the compiler\nstill rejects the function. It must work with all possible input types. In\norder to make this example compile, we need to restrict the generic type we're\naccepting:\n\n```\nuse std::fmt;\n\n// Restrict the input type to types that implement Debug.\nfn some_func<T: fmt::Debug>(foo: T) {\n    println!(\"{:?}\", foo);\n}\n\nfn main() {\n    // Calling the method is still fine, as i32 implements Debug.\n    some_func(5i32);\n\n    // This would fail to compile now:\n    // struct WithoutDebug;\n    // some_func(WithoutDebug);\n}\n```\n\nRust only looks at the signature of the called function, as such it must\nalready specify all requirements that will be used for every type parameter.\n"},"level":"error","spans":[{"file_name":"main.rs","byte_start":6918,"byte_end":6919,"line_start":213,"line_end":213,"column_start":60,"column_end":61,"is_primary":true,"text":[{"text":"    let new_x = game.player_pos.x + game.player_velocity.x * delta;","highlight_start":60,"highlight_end":61}],"label":"no implementation for `f32 * f64`","suggested_replacement":null,"suggestion_applicability":null,"expansion":null}],"children":[{"message":"the trait `Mul<f64>` is not implemented for `f32`","code":null,"level":"help","spans":[],"children":[],"rendered":null},{"message":"the following other types implement trait `Mul<Rhs>`:\n  `&f32` implements `Mul<&Complex<f32>>`\n  `&f32` implements `Mul<Complex<f32>>`\n  `&f32` implements `Mul<f32>`\n  `&f32` implements `Mul`\n  `f32` implements `Mul<&Complex<f32>>`\n  `f32` implements `Mul<&DualQuaternion<f32>>`\n  `f32` implements `Mul<&Matrix<f32, R, C, S>>`\n  `f32` implements `Mul<&OPoint<f32, D>>`\nand 18 others","code":null,"level":"help","spans":[],"children":[],"rendered":null}],"rendered":"\u001b[0m\u001b[1m\u001b[38;5;9merror[E0277]\u001b[0m\u001b[0m\u001b[1m: cannot multiply `f32` by `f64`\u001b[0m\n\u001b[0m   \u001b[0m\u001b[0m\u001b[1m\u001b[38;5;12m--> \u001b[0m\u001b[0mmain.rs:213:60\u001b[0m\n\u001b[0m    \u001b[0m\u001b[0m\u001b[1m\u001b[38;5;12m|\u001b[0m\n\u001b[0m\u001b[1m\u001b[38;5;12m213\u001b[0m\u001b[0m \u001b[0m\u001b[0m\u001b[1m\u001b[38;5;12m|\u001b[0m\u001b[0m \u001b[0m\u001b[0m    let new_x = game.player_pos.x + game.player_velocity.x * delta;\u001b[0m\n\u001b[0m    \u001b[0m\u001b[0m\u001b[1m\u001b[38;5;12m|\u001b[0m\u001b[0m                                                            \u001b[0m\u001b[0m\u001b[1m\u001b[38;5;9m^\u001b[0m\u001b[0m \u001b[0m\u001b[0m\u001b[1m\u001b[38;5;9mno implementation for `f32 * f64`\u001b[0m\n\u001b[0m    \u001b[0m\u001b[0m\u001b[1m\u001b[38;5;12m|\u001b[0m\n\u001b[0m    \u001b[0m\u001b[0m\u001b[1m\u001b[38;5;12m= \u001b[0m\u001b[0m\u001b[1mhelp\u001b[0m\u001b[0m: the trait `Mul<f64>` is not implemented for `f32`\u001b[0m\n\u001b[0m    \u001b[0m\u001b[0m\u001b[1m\u001b[38;5;12m= \u001b[0m\u001b[0m\u001b[1mhelp\u001b[0m\u001b[0m: the following other types implement trait `Mul<Rhs>`:\u001b[0m\n\u001b[0m              `&f32` implements `Mul<&Complex<f32>>`\u001b[0m\n\u001b[0m              `&f32` implements `Mul<Complex<f32>>`\u001b[0m\n\u001b[0m              `&f32` implements `Mul<f32>`\u001b[0m\n\u001b[0m              `&f32` implements `Mul`\u001b[0m\n\u001b[0m              `f32` implements `Mul<&Complex<f32>>`\u001b[0m\n\u001b[0m              `f32` implements `Mul<&DualQuaternion<f32>>`\u001b[0m\n\u001b[0m              `f32` implements `Mul<&Matrix<f32, R, C, S>>`\u001b[0m\n\u001b[0m              `f32` implements `Mul<&OPoint<f32, D>>`\u001b[0m\n\u001b[0m            and 18 others\u001b[0m\n\n"}
{"$message_type":"diagnostic","message":"mismatched types","code":{"code":"E0308","explanation":"Expected type did not match the received type.\n\nErroneous code examples:\n\n```compile_fail,E0308\nfn plus_one(x: i32) -> i32 {\n    x + 1\n}\n\nplus_one(\"Not a number\");\n//       ^^^^^^^^^^^^^^ expected `i32`, found `&str`\n\nif \"Not a bool\" {\n// ^^^^^^^^^^^^ expected `bool`, found `&str`\n}\n\nlet x: f32 = \"Not a float\";\n//     ---   ^^^^^^^^^^^^^ expected `f32`, found `&str`\n//     |\n//     expected due to this\n```\n\nThis error occurs when an expression was used in a place where the compiler\nexpected an expression of a different type. It can occur in several cases, the\nmost common being when calling a function and passing an argument which has a\ndifferent type than the matching type in the function declaration.\n"},"level":"error","spans":[{"file_name":"main.rs","byte_start":6988,"byte_end":6993,"line_start":214,"line_end":214,"column_start":62,"column_end":67,"is_primary":true,"text":[{"text":"    let new_y = game.player_pos.y + game.player_velocity.y * delta;","highlight_start":62,"highlight_end":67}],"label":"expected `f32`, found `f64`","suggested_replacement":null,"suggestion_applicability":null,"expansion":null}],"children":[],"rendered":"\u001b[0m\u001b[1m\u001b[38;5;9merror[E0308]\u001b[0m\u001b[0m\u001b[1m: mismatched types\u001b[0m\n\u001b[0m   \u001b[0m\u001b[0m\u001b[1m\u001b[38;5;12m--> \u001b[0m\u001b[0mmain.rs:214:62\u001b[0m\n\u001b[0m    \u001b[0m\u001b[0m\u001b[1m\u001b[38;5;12m|\u001b[0m\n\u001b[0m\u001b[1m\u001b[38;5;12m214\u001b[0m\u001b[0m \u001b[0m\u001b[0m\u001b[1m\u001b[38;5;12m|\u001b[0m\u001b[0m \u001b[0m\u001b[0m    let new_y = game.player_pos.y + game.player_velocity.y * delta;\u001b[0m\n\u001b[0m    \u001b[0m\u001b[0m\u001b[1m\u001b[38;5;12m|\u001b[0m\u001b[0m                                                              \u001b[0m\u001b[0m\u001b[1m\u001b[38;5;9m^^^^^\u001b[0m\u001b[0m \u001b[0m\u001b[0m\u001b[1m\u001b[38;5;9mexpected `f32`, found `f64`\u001b[0m\n\n"}
{"$message_type":"diagnostic","message":"cannot multiply `f32` by `f64`","code":{"code":"E0277","explanation":"You tried to use a type which doesn't implement some trait in a place which\nexpected that trait.\n\nErroneous code example:\n\n```compile_fail,E0277\n// here we declare the Foo trait with a bar method\ntrait Foo {\n    fn bar(&self);\n}\n\n// we now declare a function which takes an object implementing the Foo trait\nfn some_func<T: Foo>(foo: T) {\n    foo.bar();\n}\n\nfn main() {\n    // we now call the method with the i32 type, which doesn't implement\n    // the Foo trait\n    some_func(5i32); // error: the trait bound `i32 : Foo` is not satisfied\n}\n```\n\nIn order to fix this error, verify that the type you're using does implement\nthe trait. Example:\n\n```\ntrait Foo {\n    fn bar(&self);\n}\n\n// we implement the trait on the i32 type\nimpl Foo for i32 {\n    fn bar(&self) {}\n}\n\nfn some_func<T: Foo>(foo: T) {\n    foo.bar(); // we can now use this method since i32 implements the\n               // Foo trait\n}\n\nfn main() {\n    some_func(5i32); // ok!\n}\n```\n\nOr in a generic context, an erroneous code example would look like:\n\n```compile_fail,E0277\nfn some_func<T>(foo: T) {\n    println!(\"{:?}\", foo); // error: the trait `core::fmt::Debug` is not\n                           //        implemented for the type `T`\n}\n\nfn main() {\n    // We now call the method with the i32 type,\n    // which *does* implement the Debug trait.\n    some_func(5i32);\n}\n```\n\nNote that the error here is in the definition of the generic function. Although\nwe only call it with a parameter that does implement `Debug`, the compiler\nstill rejects the function. It must work with all possible input types. In\norder to make this example compile, we need to restrict the generic type we're\naccepting:\n\n```\nuse std::fmt;\n\n// Restrict the input type to types that implement Debug.\nfn some_func<T: fmt::Debug>(foo: T) {\n    println!(\"{:?}\", foo);\n}\n\nfn main() {\n    // Calling the method is still fine, as i32 implements Debug.\n    some_func(5i32);\n\n    // This would fail to compile now:\n    // struct WithoutDebug;\n    // some_func(WithoutDebug);\n}\n```\n\nRust only looks at the signature of the called function, as such it must\nalready specify all requirements that will be used for every type parameter.\n"},"level":"error","spans":[{"file_name":"main.rs","byte_start":6986,"byte_end":6987,"line_start":214,"line_end":214,"column_start":60,"column_end":61,"is_primary":true,"text":[{"text":"    let new_y = game.player_pos.y + game.player_velocity.y * delta;","highlight_start":60,"highlight_end":61}],"label":"no implementation for `f32 * f64`","suggested_replacement":null,"suggestion_applicability":null,"expansion":null}],"children":[{"message":"the trait `Mul<f64>` is not implemented for `f32`","code":null,"level":"help","spans":[],"children":[],"rendered":null},{"message":"the following other types implement trait `Mul<Rhs>`:\n  `&f32` implements `Mul<&Complex<f32>>`\n  `&f32` implements `Mul<Complex<f32>>`\n  `&f32` implements `Mul<f32>`\n  `&f32` implements `Mul`\n  `f32` implements `Mul<&Complex<f32>>`\n  `f32` implements `Mul<&DualQuaternion<f32>>`\n  `f32` implements `Mul<&Matrix<f32, R, C, S>>`\n  `f32` implements `Mul<&OPoint<f32, D>>`\nand 18 others","code":null,"level":"help","spans":[],"children":[],"rendered":null}],"rendered":"\u001b[0m\u001b[1m\u001b[38;5;9merror[E0277]\u001b[0m\u001b[0m\u001b[1m: cannot multiply `f32` by `f64`\u001b[0m\n\u001b[0m   \u001b[0m\u001b[0m\u001b[1m\u001b[38;5;12m--> \u001b[0m\u001b[0mmain.rs:214:60\u001b[0m\n\u001b[0m    \u001b[0m\u001b[0m\u001b[1m\u001b[38;5;12m|\u001b[0m\n\u001b[0m\u001b[1m\u001b[38;5;12m214\u001b[0m\u001b[0m \u001b[0m\u001b[0m\u001b[1m\u001b[38;5;12m|\u001b[0m\u001b[0m \u001b[0m\u001b[0m    let new_y = game.player_pos.y + game.player_velocity.y * delta;\u001b[0m\n\u001b[0m    \u001b[0m\u001b[0m\u001b[1m\u001b[38;5;12m|\u001b[0m\u001b[0m                                                            \u001b[0m\u001b[0m\u001b[1m\u001b[38;5;9m^\u001b[0m\u001b[0m \u001b[0m\u001b[0m\u001b[1m\u001b[38;5;9mno implementation for `f32 * f64`\u001b[0m\n\u001b[0m    \u001b[0m\u001b[0m\u001b[1m\u001b[38;5;12m|\u001b[0m\n\u001b[0m    \u001b[0m\u001b[0m\u001b[1m\u001b[38;5;12m= \u001b[0m\u001b[0m\u001b[1mhelp\u001b[0m\u001b[0m: the trait `Mul<f64>` is not implemented for `f32`\u001b[0m\n\u001b[0m    \u001b[0m\u001b[0m\u001b[1m\u001b[38;5;12m= \u001b[0m\u001b[0m\u001b[1mhelp\u001b[0m\u001b[0m: the following other types implement trait `Mul<Rhs>`:\u001b[0m\n\u001b[0m              `&f32` implements `Mul<&Complex<f32>>`\u001b[0m\n\u001b[0m              `&f32` implements `Mul<Complex<f32>>`\u001b[0m\n\u001b[0m              `&f32` implements `Mul<f32>`\u001b[0m\n\u001b[0m              `&f32` implements `Mul`\u001b[0m\n\u001b[0m              `f32` implements `Mul<&Complex<f32>>`\u001b[0m\n\u001b[0m              `f32` implements `Mul<&DualQuaternion<f32>>`\u001b[0m\n\u001b[0m              `f32` implements `Mul<&Matrix<f32, R, C, S>>`\u001b[0m\n\u001b[0m              `f32` implements `Mul<&OPoint<f32, D>>`\u001b[0m\n\u001b[0m            and 18 others\u001b[0m\n\n"}
{"$message_type":"diagnostic","message":"mismatched types","code":{"code":"E0308","explanation":"Expected type did not match the received type.\n\nErroneous code examples:\n\n```compile_fail,E0308\nfn plus_one(x: i32) -> i32 {\n    x + 1\n}\n\nplus_one(\"Not a number\");\n//       ^^^^^^^^^^^^^^ expected `i32`, found `&str`\n\nif \"Not a bool\" {\n// ^^^^^^^^^^^^ expected `bool`, found `&str`\n}\n\nlet x: f32 = \"Not a float\";\n//     ---   ^^^^^^^^^^^^^ expected `f32`, found `&str`\n//     |\n//     expected due to this\n```\n\nThis error occurs when an expression was used in a place where the compiler\nexpected an expression of a different type. It can occur in several cases, the\nmost common being when calling a function and passing an argument which has a\ndifferent type than the matching type in the function declaration.\n"},"level":"error","spans":[{"file_name":"main.rs","byte_start":7056,"byte_end":7061,"line_start":215,"line_end":215,"column_start":62,"column_end":67,"is_primary":true,"text":[{"text":"    let new_z = game.player_pos.z + game.player_velocity.z * delta;","highlight_start":62,"highlight_end":67}],"label":"expected `f32`, found `f64`","suggested_replacement":null,"suggestion_applicability":null,"expansion":null}],"children":[],"rendered":"\u001b[0m\u001b[1m\u001b[38;5;9merror[E0308]\u001b[0m\u001b[0m\u001b[1m: mismatched types\u001b[0m\n\u001b[0m   \u001b[0m\u001b[0m\u001b[1m\u001b[38;5;12m--> \u001b[0m\u001b[0mmain.rs:215:62\u001b[0m\n\u001b[0m    \u001b[0m\u001b[0m\u001b[1m\u001b[38;5;12m|\u001b[0m\n\u001b[0m\u001b[1m\u001b[38;5;12m215\u001b[0m\u001b[0m \u001b[0m\u001b[0m\u001b[1m\u001b[38;5;12m|\u001b[0m\u001b[0m \u001b[0m\u001b[0m    let new_z = game.player_pos.z + game.player_velocity.z * delta;\u001b[0m\n\u001b[0m    \u001b[0m\u001b[0m\u001b[1m\u001b[38;5;12m|\u001b[0m\u001b[0m                                                              \u001b[0m\u001b[0m\u001b[1m\u001b[38;5;9m^^^^^\u001b[0m\u001b[0m \u001b[0m\u001b[0m\u001b[1m\u001b[38;5;9mexpected `f32`, found `f64`\u001b[0m\n\n"}
{"$message_type":"diagnostic","message":"cannot multiply `f32` by `f64`","code":{"code":"E0277","explanation":"You tried to use a type which doesn't implement some trait in a place which\nexpected that trait.\n\nErroneous code example:\n\n```compile_fail,E0277\n// here we declare the Foo trait with a bar method\ntrait Foo {\n    fn bar(&self);\n}\n\n// we now declare a function which takes an object implementing the Foo trait\nfn some_func<T: Foo>(foo: T) {\n    foo.bar();\n}\n\nfn main() {\n    // we now call the method with the i32 type, which doesn't implement\n    // the Foo trait\n    some_func(5i32); // error: the trait bound `i32 : Foo` is not satisfied\n}\n```\n\nIn order to fix this error, verify that the type you're using does implement\nthe trait. Example:\n\n```\ntrait Foo {\n    fn bar(&self);\n}\n\n// we implement the trait on the i32 type\nimpl Foo for i32 {\n    fn bar(&self) {}\n}\n\nfn some_func<T: Foo>(foo: T) {\n    foo.bar(); // we can now use this method since i32 implements the\n               // Foo trait\n}\n\nfn main() {\n    some_func(5i32); // ok!\n}\n```\n\nOr in a generic context, an erroneous code example would look like:\n\n```compile_fail,E0277\nfn some_func<T>(foo: T) {\n    println!(\"{:?}\", foo); // error: the trait `core::fmt::Debug` is not\n                           //        implemented for the type `T`\n}\n\nfn main() {\n    // We now call the method with the i32 type,\n    // which *does* implement the Debug trait.\n    some_func(5i32);\n}\n```\n\nNote that the error here is in the definition of the generic function. Although\nwe only call it with a parameter that does implement `Debug`, the compiler\nstill rejects the function. It must work with all possible input types. In\norder to make this example compile, we need to restrict the generic type we're\naccepting:\n\n```\nuse std::fmt;\n\n// Restrict the input type to types that implement Debug.\nfn some_func<T: fmt::Debug>(foo: T) {\n    println!(\"{:?}\", foo);\n}\n\nfn main() {\n    // Calling the method is still fine, as i32 implements Debug.\n    some_func(5i32);\n\n    // This would fail to compile now:\n    // struct WithoutDebug;\n    // some_func(WithoutDebug);\n}\n```\n\nRust only looks at the signature of the called function, as such it must\nalready specify all requirements that will be used for every type parameter.\n"},"level":"error","spans":[{"file_name":"main.rs","byte_start":7054,"byte_end":7055,"line_start":215,"line_end":215,"column_start":60,"column_end":61,"is_primary":true,"text":[{"text":"    let new_z = game.player_pos.z + game.player_velocity.z * delta;","highlight_start":60,"highlight_end":61}],"label":"no implementation for `f32 * f64`","suggested_replacement":null,"suggestion_applicability":null,"expansion":null}],"children":[{"message":"the trait `Mul<f64>` is not implemented for `f32`","code":null,"level":"help","spans":[],"children":[],"rendered":null},{"message":"the following other types implement trait `Mul<Rhs>`:\n  `&f32` implements `Mul<&Complex<f32>>`\n  `&f32` implements `Mul<Complex<f32>>`\n  `&f32` implements `Mul<f32>`\n  `&f32` implements `Mul`\n  `f32` implements `Mul<&Complex<f32>>`\n  `f32` implements `Mul<&DualQuaternion<f32>>`\n  `f32` implements `Mul<&Matrix<f32, R, C, S>>`\n  `f32` implements `Mul<&OPoint<f32, D>>`\nand 18 others","code":null,"level":"help","spans":[],"children":[],"rendered":null}],"rendered":"\u001b[0m\u001b[1m\u001b[38;5;9merror[E0277]\u001b[0m\u001b[0m\u001b[1m: cannot multiply `f32` by `f64`\u001b[0m\n\u001b[0m   \u001b[0m\u001b[0m\u001b[1m\u001b[38;5;12m--> \u001b[0m\u001b[0mmain.rs:215:60\u001b[0m\n\u001b[0m    \u001b[0m\u001b[0m\u001b[1m\u001b[38;5;12m|\u001b[0m\n\u001b[0m\u001b[1m\u001b[38;5;12m215\u001b[0m\u001b[0m \u001b[0m\u001b[0m\u001b[1m\u001b[38;5;12m|\u001b[0m\u001b[0m \u001b[0m\u001b[0m    let new_z = game.player_pos.z + game.player_velocity.z * delta;\u001b[0m\n\u001b[0m    \u001b[0m\u001b[0m\u001b[1m\u001b[38;5;12m|\u001b[0m\u001b[0m                                                            \u001b[0m\u001b[0m\u001b[1m\u001b[38;5;9m^\u001b[0m\u001b[0m \u001b[0m\u001b[0m\u001b[1m\u001b[38;5;9mno implementation for `f32 * f64`\u001b[0m\n\u001b[0m    \u001b[0m\u001b[0m\u001b[1m\u001b[38;5;12m|\u001b[0m\n\u001b[0m    \u001b[0m\u001b[0m\u001b[1m\u001b[38;5;12m= \u001b[0m\u001b[0m\u001b[1mhelp\u001b[0m\u001b[0m: the trait `Mul<f64>` is not implemented for `f32`\u001b[0m\n\u001b[0m    \u001b[0m\u001b[0m\u001b[1m\u001b[38;5;12m= \u001b[0m\u001b[0m\u001b[1mhelp\u001b[0m\u001b[0m: the following other types implement trait `Mul<Rhs>`:\u001b[0m\n\u001b[0m              `&f32` implements `Mul<&Complex<f32>>`\u001b[0m\n\u001b[0m              `&f32` implements `Mul<Complex<f32>>`\u001b[0m\n\u001b[0m              `&f32` implements `Mul<f32>`\u001b[0m\n\u001b[0m              `&f32` implements `Mul`\u001b[0m\n\u001b[0m              `f32` implements `Mul<&Complex<f32>>`\u001b[0m\n\u001b[0m              `f32` implements `Mul<&DualQuaternion<f32>>`\u001b[0m\n\u001b[0m              `f32` implements `Mul<&Matrix<f32, R, C, S>>`\u001b[0m\n\u001b[0m              `f32` implements `Mul<&OPoint<f32, D>>`\u001b[0m\n\u001b[0m            and 18 others\u001b[0m\n\n"}
{"$message_type":"diagnostic","message":"arguments to this function are incorrect","code":{"code":"E0308","explanation":"Expected type did not match the received type.\n\nErroneous code examples:\n\n```compile_fail,E0308\nfn plus_one(x: i32) -> i32 {\n    x + 1\n}\n\nplus_one(\"Not a number\");\n//       ^^^^^^^^^^^^^^ expected `i32`, found `&str`\n\nif \"Not a bool\" {\n// ^^^^^^^^^^^^ expected `bool`, found `&str`\n}\n\nlet x: f32 = \"Not a float\";\n//     ---   ^^^^^^^^^^^^^ expected `f32`, found `&str`\n//     |\n//     expected due to this\n```\n\nThis error occurs when an expression was used in a place where the compiler\nexpected an expression of a different type. It can occur in several cases, the\nmost common being when calling a function and passing an argument which has a\ndifferent type than the matching type in the function declaration.\n"},"level":"error","spans":[{"file_name":"main.rs","byte_start":7181,"byte_end":7194,"line_start":219,"line_end":219,"column_start":28,"column_end":41,"is_primary":false,"text":[{"text":"        if check_collision(new_x.clone(), game.player_pos.z.clone(), &wall) {","highlight_start":28,"highlight_end":41}],"label":"expected `f64`, found `f32`","suggested_replacement":null,"suggestion_applicability":null,"expansion":null},{"file_name":"main.rs","byte_start":7196,"byte_end":7221,"line_start":219,"line_end":219,"column_start":43,"column_end":68,"is_primary":false,"text":[{"text":"        if check_collision(new_x.clone(), game.player_pos.z.clone(), &wall) {","highlight_start":43,"highlight_end":68}],"label":"expected `f64`, found `f32`","suggested_replacement":null,"suggestion_applicability":null,"expansion":null},{"file_name":"main.rs","byte_start":7165,"byte_end":7180,"line_start":219,"line_end":219,"column_start":12,"column_end":27,"is_primary":true,"text":[{"text":"        if check_collision(new_x.clone(), game.player_pos.z.clone(), &wall) {","highlight_start":12,"highlight_end":27}],"label":null,"suggested_replacement":null,"suggestion_applicability":null,"expansion":null}],"children":[{"message":"function defined here","code":null,"level":"note","spans":[{"file_name":"main.rs","byte_start":7723,"byte_end":7729,"line_start":242,"line_end":242,"column_start":20,"column_end":26,"is_primary":false,"text":[{"text":"fn check_collision(x: f64, z: f64, wall: &Wall) -> bool {","highlight_start":20,"highlight_end":26}],"label":"","suggested_replacement":null,"suggestion_applicability":null,"expansion":null},{"file_name":"main.rs","byte_start":7731,"byte_end":7737,"line_start":242,"line_end":242,"column_start":28,"column_end":34,"is_primary":false,"text":[{"text":"fn check_collision(x: f64, z: f64, wall: &Wall) -> bool {","highlight_start":28,"highlight_end":34}],"label":"","suggested_replacement":null,"suggestion_applicability":null,"expansion":null},{"file_name":"main.rs","byte_start":7707,"byte_end":7722,"line_start":242,"line_end":242,"column_start":4,"column_end":19,"is_primary":true,"text":[{"text":"fn check_collision(x: f64, z: f64, wall: &Wall) -> bool {","highlight_start":4,"highlight_end":19}],"label":null,"suggested_replacement":null,"suggestion_applicability":null,"expansion":null}],"children":[],"rendered":null},{"message":"you can convert an `f32` to an `f64`","code":null,"level":"help","spans":[{"file_name":"main.rs","byte_start":7194,"byte_end":7194,"line_start":219,"line_end":219,"column_start":41,"column_end":41,"is_primary":true,"text":[{"text":"        if check_collision(new_x.clone(), game.player_pos.z.clone(), &wall) {","highlight_start":41,"highlight_end":41}],"label":null,"suggested_replacement":".into()","suggestion_applicability":"MachineApplicable","expansion":null}],"children":[],"rendered":null},{"message":"you can convert an `f32` to an `f64`","code":null,"level":"help","spans":[{"file_name":"main.rs","byte_start":7221,"byte_end":7221,"line_start":219,"line_end":219,"column_start":68,"column_end":68,"is_primary":true,"text":[{"text":"        if check_collision(new_x.clone(), game.player_pos.z.clone(), &wall) {","highlight_start":68,"highlight_end":68}],"label":null,"suggested_replacement":".into()","suggestion_applicability":"MachineApplicable","expansion":null}],"children":[],"rendered":null}],"rendered":"\u001b[0m\u001b[1m\u001b[38;5;9merror[E0308]\u001b[0m\u001b[0m\u001b[1m: arguments to this function are incorrect\u001b[0m\n\u001b[0m   \u001b[0m\u001b[0m\u001b[1m\u001b[38;5;12m--> \u001b[0m\u001b[0mmain.rs:219:12\u001b[0m\n\u001b[0m    \u001b[0m\u001b[0m\u001b[1m\u001b[38;5;12m|\u001b[0m\n\u001b[0m\u001b[1m\u001b[38;5;12m219\u001b[0m\u001b[0m \u001b[0m\u001b[0m\u001b[1m\u001b[38;5;12m|\u001b[0m\u001b[0m \u001b[0m\u001b[0m        if check_collision(new_x.clone(), game.player_pos.z.clone(), &wall) {\u001b[0m\n\u001b[0m    \u001b[0m\u001b[0m\u001b[1m\u001b[38;5;12m|\u001b[0m\u001b[0m            \u001b[0m\u001b[0m\u001b[1m\u001b[38;5;9m^^^^^^^^^^^^^^^\u001b[0m\u001b[0m \u001b[0m\u001b[0m\u001b[1m\u001b[38;5;12m-------------\u001b[0m\u001b[0m  \u001b[0m\u001b[0m\u001b[1m\u001b[38;5;12m-------------------------\u001b[0m\u001b[0m \u001b[0m\u001b[0m\u001b[1m\u001b[38;5;12mexpected `f64`, found `f32`\u001b[0m\n\u001b[0m    \u001b[0m\u001b[0m\u001b[1m\u001b[38;5;12m|\u001b[0m\u001b[0m                            \u001b[0m\u001b[0m\u001b[1m\u001b[38;5;12m|\u001b[0m\n\u001b[0m    \u001b[0m\u001b[0m\u001b[1m\u001b[38;5;12m|\u001b[0m\u001b[0m                            \u001b[0m\u001b[0m\u001b[1m\u001b[38;5;12mexpected `f64`, found `f32`\u001b[0m\n\u001b[0m    \u001b[0m\u001b[0m\u001b[1m\u001b[38;5;12m|\u001b[0m\n\u001b[0m\u001b[1m\u001b[38;5;10mnote\u001b[0m\u001b[0m: function defined here\u001b[0m\n\u001b[0m   \u001b[0m\u001b[0m\u001b[1m\u001b[38;5;12m--> \u001b[0m\u001b[0mmain.rs:242:4\u001b[0m\n\u001b[0m    \u001b[0m\u001b[0m\u001b[1m\u001b[38;5;12m|\u001b[0m\n\u001b[0m\u001b[1m\u001b[38;5;12m242\u001b[0m\u001b[0m \u001b[0m\u001b[0m\u001b[1m\u001b[38;5;12m|\u001b[0m\u001b[0m \u001b[0m\u001b[0mfn check_collision(x: f64, z: f64, wall: &Wall) -> bool {\u001b[0m\n\u001b[0m    \u001b[0m\u001b[0m\u001b[1m\u001b[38;5;12m|\u001b[0m\u001b[0m    \u001b[0m\u001b[0m\u001b[1m\u001b[38;5;10m^^^^^^^^^^^^^^^\u001b[0m\u001b[0m \u001b[0m\u001b[0m\u001b[1m\u001b[38;5;12m------\u001b[0m\u001b[0m  \u001b[0m\u001b[0m\u001b[1m\u001b[38;5;12m------\u001b[0m\n\u001b[0m\u001b[1m\u001b[38;5;14mhelp\u001b[0m\u001b[0m: you can convert an `f32` to an `f64`\u001b[0m\n\u001b[0m    \u001b[0m\u001b[0m\u001b[1m\u001b[38;5;12m|\u001b[0m\n\u001b[0m\u001b[1m\u001b[38;5;12m219\u001b[0m\u001b[0m \u001b[0m\u001b[0m\u001b[1m\u001b[38;5;12m| \u001b[0m\u001b[0m        if check_collision(new_x.clone()\u001b[0m\u001b[0m\u001b[38;5;10m.into()\u001b[0m\u001b[0m, game.player_pos.z.clone(), &wall) {\u001b[0m\n\u001b[0m    \u001b[0m\u001b[0m\u001b[1m\u001b[38;5;12m|\u001b[0m\u001b[0m                                         \u001b[0m\u001b[0m\u001b[38;5;10m+++++++\u001b[0m\n\u001b[0m\u001b[1m\u001b[38;5;14mhelp\u001b[0m\u001b[0m: you can convert an `f32` to an `f64`\u001b[0m\n\u001b[0m    \u001b[0m\u001b[0m\u001b[1m\u001b[38;5;12m|\u001b[0m\n\u001b[0m\u001b[1m\u001b[38;5;12m219\u001b[0m\u001b[0m \u001b[0m\u001b[0m\u001b[1m\u001b[38;5;12m| \u001b[0m\u001b[0m        if check_collision(new_x.clone(), game.player_pos.z.clone()\u001b[0m\u001b[0m\u001b[38;5;10m.into()\u001b[0m\u001b[0m, &wall) {\u001b[0m\n\u001b[0m    \u001b[0m\u001b[0m\u001b[1m\u001b[38;5;12m|\u001b[0m\u001b[0m                                                                    \u001b[0m\u001b[0m\u001b[38;5;10m+++++++\u001b[0m\n\n"}
{"$message_type":"diagnostic","message":"arguments to this function are incorrect","code":{"code":"E0308","explanation":"Expected type did not match the received type.\n\nErroneous code examples:\n\n```compile_fail,E0308\nfn plus_one(x: i32) -> i32 {\n    x + 1\n}\n\nplus_one(\"Not a number\");\n//       ^^^^^^^^^^^^^^ expected `i32`, found `&str`\n\nif \"Not a bool\" {\n// ^^^^^^^^^^^^ expected `bool`, found `&str`\n}\n\nlet x: f32 = \"Not a float\";\n//     ---   ^^^^^^^^^^^^^ expected `f32`, found `&str`\n//     |\n//     expected due to this\n```\n\nThis error occurs when an expression was used in a place where the compiler\nexpected an expression of a different type. It can occur in several cases, the\nmost common being when calling a function and passing an argument which has a\ndifferent type than the matching type in the function declaration.\n"},"level":"error","spans":[{"file_name":"main.rs","byte_start":7301,"byte_end":7318,"line_start":222,"line_end":222,"column_start":28,"column_end":45,"is_primary":false,"text":[{"text":"        if check_collision(game.player_pos.x, new_z, &wall) {","highlight_start":28,"highlight_end":45}],"label":"expected `f64`, found `f32`","suggested_replacement":null,"suggestion_applicability":null,"expansion":null},{"file_name":"main.rs","byte_start":7320,"byte_end":7325,"line_start":222,"line_end":222,"column_start":47,"column_end":52,"is_primary":false,"text":[{"text":"        if check_collision(game.player_pos.x, new_z, &wall) {","highlight_start":47,"highlight_end":52}],"label":"expected `f64`, found `f32`","suggested_replacement":null,"suggestion_applicability":null,"expansion":null},{"file_name":"main.rs","byte_start":7285,"byte_end":7300,"line_start":222,"line_end":222,"column_start":12,"column_end":27,"is_primary":true,"text":[{"text":"        if check_collision(game.player_pos.x, new_z, &wall) {","highlight_start":12,"highlight_end":27}],"label":null,"suggested_replacement":null,"suggestion_applicability":null,"expansion":null}],"children":[{"message":"function defined here","code":null,"level":"note","spans":[{"file_name":"main.rs","byte_start":7723,"byte_end":7729,"line_start":242,"line_end":242,"column_start":20,"column_end":26,"is_primary":false,"text":[{"text":"fn check_collision(x: f64, z: f64, wall: &Wall) -> bool {","highlight_start":20,"highlight_end":26}],"label":"","suggested_replacement":null,"suggestion_applicability":null,"expansion":null},{"file_name":"main.rs","byte_start":7731,"byte_end":7737,"line_start":242,"line_end":242,"column_start":28,"column_end":34,"is_primary":false,"text":[{"text":"fn check_collision(x: f64, z: f64, wall: &Wall) -> bool {","highlight_start":28,"highlight_end":34}],"label":"","suggested_replacement":null,"suggestion_applicability":null,"expansion":null},{"file_name":"main.rs","byte_start":7707,"byte_end":7722,"line_start":242,"line_end":242,"column_start":4,"column_end":19,"is_primary":true,"text":[{"text":"fn check_collision(x: f64, z: f64, wall: &Wall) -> bool {","highlight_start":4,"highlight_end":19}],"label":null,"suggested_replacement":null,"suggestion_applicability":null,"expansion":null}],"children":[],"rendered":null},{"message":"you can convert an `f32` to an `f64`","code":null,"level":"help","spans":[{"file_name":"main.rs","byte_start":7318,"byte_end":7318,"line_start":222,"line_end":222,"column_start":45,"column_end":45,"is_primary":true,"text":[{"text":"        if check_collision(game.player_pos.x, new_z, &wall) {","highlight_start":45,"highlight_end":45}],"label":null,"suggested_replacement":".into()","suggestion_applicability":"MachineApplicable","expansion":null}],"children":[],"rendered":null},{"message":"you can convert an `f32` to an `f64`","code":null,"level":"help","spans":[{"file_name":"main.rs","byte_start":7325,"byte_end":7325,"line_start":222,"line_end":222,"column_start":52,"column_end":52,"is_primary":true,"text":[{"text":"        if check_collision(game.player_pos.x, new_z, &wall) {","highlight_start":52,"highlight_end":52}],"label":null,"suggested_replacement":".into()","suggestion_applicability":"MachineApplicable","expansion":null}],"children":[],"rendered":null}],"rendered":"\u001b[0m\u001b[1m\u001b[38;5;9merror[E0308]\u001b[0m\u001b[0m\u001b[1m: arguments to this function are incorrect\u001b[0m\n\u001b[0m   \u001b[0m\u001b[0m\u001b[1m\u001b[38;5;12m--> \u001b[0m\u001b[0mmain.rs:222:12\u001b[0m\n\u001b[0m    \u001b[0m\u001b[0m\u001b[1m\u001b[38;5;12m|\u001b[0m\n\u001b[0m\u001b[1m\u001b[38;5;12m222\u001b[0m\u001b[0m \u001b[0m\u001b[0m\u001b[1m\u001b[38;5;12m|\u001b[0m\u001b[0m \u001b[0m\u001b[0m        if check_collision(game.player_pos.x, new_z, &wall) {\u001b[0m\n\u001b[0m    \u001b[0m\u001b[0m\u001b[1m\u001b[38;5;12m|\u001b[0m\u001b[0m            \u001b[0m\u001b[0m\u001b[1m\u001b[38;5;9m^^^^^^^^^^^^^^^\u001b[0m\u001b[0m \u001b[0m\u001b[0m\u001b[1m\u001b[38;5;12m-----------------\u001b[0m\u001b[0m  \u001b[0m\u001b[0m\u001b[1m\u001b[38;5;12m-----\u001b[0m\u001b[0m \u001b[0m\u001b[0m\u001b[1m\u001b[38;5;12mexpected `f64`, found `f32`\u001b[0m\n\u001b[0m    \u001b[0m\u001b[0m\u001b[1m\u001b[38;5;12m|\u001b[0m\u001b[0m                            \u001b[0m\u001b[0m\u001b[1m\u001b[38;5;12m|\u001b[0m\n\u001b[0m    \u001b[0m\u001b[0m\u001b[1m\u001b[38;5;12m|\u001b[0m\u001b[0m                            \u001b[0m\u001b[0m\u001b[1m\u001b[38;5;12mexpected `f64`, found `f32`\u001b[0m\n\u001b[0m    \u001b[0m\u001b[0m\u001b[1m\u001b[38;5;12m|\u001b[0m\n\u001b[0m\u001b[1m\u001b[38;5;10mnote\u001b[0m\u001b[0m: function defined here\u001b[0m\n\u001b[0m   \u001b[0m\u001b[0m\u001b[1m\u001b[38;5;12m--> \u001b[0m\u001b[0mmain.rs:242:4\u001b[0m\n\u001b[0m    \u001b[0m\u001b[0m\u001b[1m\u001b[38;5;12m|\u001b[0m\n\u001b[0m\u001b[1m\u001b[38;5;12m242\u001b[0m\u001b[0m \u001b[0m\u001b[0m\u001b[1m\u001b[38;5;12m|\u001b[0m\u001b[0m \u001b[0m\u001b[0mfn check_collision(x: f64, z: f64, wall: &Wall) -> bool {\u001b[0m\n\u001b[0m    \u001b[0m\u001b[0m\u001b[1m\u001b[38;5;12m|\u001b[0m\u001b[0m    \u001b[0m\u001b[0m\u001b[1m\u001b[38;5;10m^^^^^^^^^^^^^^^\u001b[0m\u001b[0m \u001b[0m\u001b[0m\u001b[1m\u001b[38;5;12m------\u001b[0m\u001b[0m  \u001b[0m\u001b[0m\u001b[1m\u001b[38;5;12m------\u001b[0m\n\u001b[0m\u001b[1m\u001b[38;5;14mhelp\u001b[0m\u001b[0m: you can convert an `f32` to an `f64`\u001b[0m\n\u001b[0m    \u001b[0m\u001b[0m\u001b[1m\u001b[38;5;12m|\u001b[0m\n\u001b[0m\u001b[1m\u001b[38;5;12m222\u001b[0m\u001b[0m \u001b[0m\u001b[0m\u001b[1m\u001b[38;5;12m| \u001b[0m\u001b[0m        if check_collision(game.player_pos.x\u001b[0m\u001b[0m\u001b[38;5;10m.into()\u001b[0m\u001b[0m, new_z, &wall) {\u001b[0m\n\u001b[0m    \u001b[0m\u001b[0m\u001b[1m\u001b[38;5;12m|\u001b[0m\u001b[0m                                             \u001b[0m\u001b[0m\u001b[38;5;10m+++++++\u001b[0m\n\u001b[0m\u001b[1m\u001b[38;5;14mhelp\u001b[0m\u001b[0m: you can convert an `f32` to an `f64`\u001b[0m\n\u001b[0m    \u001b[0m\u001b[0m\u001b[1m\u001b[38;5;12m|\u001b[0m\n\u001b[0m\u001b[1m\u001b[38;5;12m222\u001b[0m\u001b[0m \u001b[0m\u001b[0m\u001b[1m\u001b[38;5;12m| \u001b[0m\u001b[0m        if check_collision(game.player_pos.x, new_z\u001b[0m\u001b[0m\u001b[38;5;10m.into()\u001b[0m\u001b[0m, &wall) {\u001b[0m\n\u001b[0m    \u001b[0m\u001b[0m\u001b[1m\u001b[38;5;12m|\u001b[0m\u001b[0m                                                    \u001b[0m\u001b[0m\u001b[38;5;10m+++++++\u001b[0m\n\n"}
{"$message_type":"diagnostic","message":"mismatched types","code":{"code":"E0308","explanation":"Expected type did not match the received type.\n\nErroneous code examples:\n\n```compile_fail,E0308\nfn plus_one(x: i32) -> i32 {\n    x + 1\n}\n\nplus_one(\"Not a number\");\n//       ^^^^^^^^^^^^^^ expected `i32`, found `&str`\n\nif \"Not a bool\" {\n// ^^^^^^^^^^^^ expected `bool`, found `&str`\n}\n\nlet x: f32 = \"Not a float\";\n//     ---   ^^^^^^^^^^^^^ expected `f32`, found `&str`\n//     |\n//     expected due to this\n```\n\nThis error occurs when an expression was used in a place where the compiler\nexpected an expression of a different type. It can occur in several cases, the\nmost common being when calling a function and passing an argument which has a\ndifferent type than the matching type in the function declaration.\n"},"level":"error","spans":[{"file_name":"main.rs","byte_start":7889,"byte_end":7899,"line_start":246,"line_end":246,"column_start":19,"column_end":29,"is_primary":true,"text":[{"text":"    let dx = (x - wall.pos.x).abs();","highlight_start":19,"highlight_end":29}],"label":"expected `f64`, found `f32`","suggested_replacement":null,"suggestion_applicability":null,"expansion":null}],"children":[],"rendered":"\u001b[0m\u001b[1m\u001b[38;5;9merror[E0308]\u001b[0m\u001b[0m\u001b[1m: mismatched types\u001b[0m\n\u001b[0m   \u001b[0m\u001b[0m\u001b[1m\u001b[38;5;12m--> \u001b[0m\u001b[0mmain.rs:246:19\u001b[0m\n\u001b[0m    \u001b[0m\u001b[0m\u001b[1m\u001b[38;5;12m|\u001b[0m\n\u001b[0m\u001b[1m\u001b[38;5;12m246\u001b[0m\u001b[0m \u001b[0m\u001b[0m\u001b[1m\u001b[38;5;12m|\u001b[0m\u001b[0m \u001b[0m\u001b[0m    let dx = (x - wall.pos.x).abs();\u001b[0m\n\u001b[0m    \u001b[0m\u001b[0m\u001b[1m\u001b[38;5;12m|\u001b[0m\u001b[0m                   \u001b[0m\u001b[0m\u001b[1m\u001b[38;5;9m^^^^^^^^^^\u001b[0m\u001b[0m \u001b[0m\u001b[0m\u001b[1m\u001b[38;5;9mexpected `f64`, found `f32`\u001b[0m\n\n"}
{"$message_type":"diagnostic","message":"cannot subtract `f32` from `f64`","code":{"code":"E0277","explanation":"You tried to use a type which doesn't implement some trait in a place which\nexpected that trait.\n\nErroneous code example:\n\n```compile_fail,E0277\n// here we declare the Foo trait with a bar method\ntrait Foo {\n    fn bar(&self);\n}\n\n// we now declare a function which takes an object implementing the Foo trait\nfn some_func<T: Foo>(foo: T) {\n    foo.bar();\n}\n\nfn main() {\n    // we now call the method with the i32 type, which doesn't implement\n    // the Foo trait\n    some_func(5i32); // error: the trait bound `i32 : Foo` is not satisfied\n}\n```\n\nIn order to fix this error, verify that the type you're using does implement\nthe trait. Example:\n\n```\ntrait Foo {\n    fn bar(&self);\n}\n\n// we implement the trait on the i32 type\nimpl Foo for i32 {\n    fn bar(&self) {}\n}\n\nfn some_func<T: Foo>(foo: T) {\n    foo.bar(); // we can now use this method since i32 implements the\n               // Foo trait\n}\n\nfn main() {\n    some_func(5i32); // ok!\n}\n```\n\nOr in a generic context, an erroneous code example would look like:\n\n```compile_fail,E0277\nfn some_func<T>(foo: T) {\n    println!(\"{:?}\", foo); // error: the trait `core::fmt::Debug` is not\n                           //        implemented for the type `T`\n}\n\nfn main() {\n    // We now call the method with the i32 type,\n    // which *does* implement the Debug trait.\n    some_func(5i32);\n}\n```\n\nNote that the error here is in the definition of the generic function. Although\nwe only call it with a parameter that does implement `Debug`, the compiler\nstill rejects the function. It must work with all possible input types. In\norder to make this example compile, we need to restrict the generic type we're\naccepting:\n\n```\nuse std::fmt;\n\n// Restrict the input type to types that implement Debug.\nfn some_func<T: fmt::Debug>(foo: T) {\n    println!(\"{:?}\", foo);\n}\n\nfn main() {\n    // Calling the method is still fine, as i32 implements Debug.\n    some_func(5i32);\n\n    // This would fail to compile now:\n    // struct WithoutDebug;\n    // some_func(WithoutDebug);\n}\n```\n\nRust only looks at the signature of the called function, as such it must\nalready specify all requirements that will be used for every type parameter.\n"},"level":"error","spans":[{"file_name":"main.rs","byte_start":7887,"byte_end":7888,"line_start":246,"line_end":246,"column_start":17,"column_end":18,"is_primary":true,"text":[{"text":"    let dx = (x - wall.pos.x).abs();","highlight_start":17,"highlight_end":18}],"label":"no implementation for `f64 - f32`","suggested_replacement":null,"suggestion_applicability":null,"expansion":null}],"children":[{"message":"the trait `Sub<f32>` is not implemented for `f64`","code":null,"level":"help","spans":[],"children":[],"rendered":null},{"message":"the following other types implement trait `Sub<Rhs>`:\n  `&f64` implements `Sub<&Complex<f64>>`\n  `&f64` implements `Sub<Complex<f64>>`\n  `&f64` implements `Sub<f64>`\n  `&f64` implements `Sub`\n  `f64` implements `Sub<&Complex<f64>>`\n  `f64` implements `Sub<&f64>`\n  `f64` implements `Sub<Complex<f64>>`\n  `f64` implements `Sub<DVec2>`\nand 5 others","code":null,"level":"help","spans":[],"children":[],"rendered":null}],"rendered":"\u001b[0m\u001b[1m\u001b[38;5;9merror[E0277]\u001b[0m\u001b[0m\u001b[1m: cannot subtract `f32` from `f64`\u001b[0m\n\u001b[0m   \u001b[0m\u001b[0m\u001b[1m\u001b[38;5;12m--> \u001b[0m\u001b[0mmain.rs:246:17\u001b[0m\n\u001b[0m    \u001b[0m\u001b[0m\u001b[1m\u001b[38;5;12m|\u001b[0m\n\u001b[0m\u001b[1m\u001b[38;5;12m246\u001b[0m\u001b[0m \u001b[0m\u001b[0m\u001b[1m\u001b[38;5;12m|\u001b[0m\u001b[0m \u001b[0m\u001b[0m    let dx = (x - wall.pos.x).abs();\u001b[0m\n\u001b[0m    \u001b[0m\u001b[0m\u001b[1m\u001b[38;5;12m|\u001b[0m\u001b[0m                 \u001b[0m\u001b[0m\u001b[1m\u001b[38;5;9m^\u001b[0m\u001b[0m \u001b[0m\u001b[0m\u001b[1m\u001b[38;5;9mno implementation for `f64 - f32`\u001b[0m\n\u001b[0m    \u001b[0m\u001b[0m\u001b[1m\u001b[38;5;12m|\u001b[0m\n\u001b[0m    \u001b[0m\u001b[0m\u001b[1m\u001b[38;5;12m= \u001b[0m\u001b[0m\u001b[1mhelp\u001b[0m\u001b[0m: the trait `Sub<f32>` is not implemented for `f64`\u001b[0m\n\u001b[0m    \u001b[0m\u001b[0m\u001b[1m\u001b[38;5;12m= \u001b[0m\u001b[0m\u001b[1mhelp\u001b[0m\u001b[0m: the following other types implement trait `Sub<Rhs>`:\u001b[0m\n\u001b[0m              `&f64` implements `Sub<&Complex<f64>>`\u001b[0m\n\u001b[0m              `&f64` implements `Sub<Complex<f64>>`\u001b[0m\n\u001b[0m              `&f64` implements `Sub<f64>`\u001b[0m\n\u001b[0m              `&f64` implements `Sub`\u001b[0m\n\u001b[0m              `f64` implements `Sub<&Complex<f64>>`\u001b[0m\n\u001b[0m              `f64` implements `Sub<&f64>`\u001b[0m\n\u001b[0m              `f64` implements `Sub<Complex<f64>>`\u001b[0m\n\u001b[0m              `f64` implements `Sub<DVec2>`\u001b[0m\n\u001b[0m            and 5 others\u001b[0m\n\n"}
{"$message_type":"diagnostic","message":"mismatched types","code":{"code":"E0308","explanation":"Expected type did not match the received type.\n\nErroneous code examples:\n\n```compile_fail,E0308\nfn plus_one(x: i32) -> i32 {\n    x + 1\n}\n\nplus_one(\"Not a number\");\n//       ^^^^^^^^^^^^^^ expected `i32`, found `&str`\n\nif \"Not a bool\" {\n// ^^^^^^^^^^^^ expected `bool`, found `&str`\n}\n\nlet x: f32 = \"Not a float\";\n//     ---   ^^^^^^^^^^^^^ expected `f32`, found `&str`\n//     |\n//     expected due to this\n```\n\nThis error occurs when an expression was used in a place where the compiler\nexpected an expression of a different type. It can occur in several cases, the\nmost common being when calling a function and passing an argument which has a\ndifferent type than the matching type in the function declaration.\n"},"level":"error","spans":[{"file_name":"main.rs","byte_start":7926,"byte_end":7936,"line_start":247,"line_end":247,"column_start":19,"column_end":29,"is_primary":true,"text":[{"text":"    let dz = (z - wall.pos.z).abs();","highlight_start":19,"highlight_end":29}],"label":"expected `f64`, found `f32`","suggested_replacement":null,"suggestion_applicability":null,"expansion":null}],"children":[],"rendered":"\u001b[0m\u001b[1m\u001b[38;5;9merror[E0308]\u001b[0m\u001b[0m\u001b[1m: mismatched types\u001b[0m\n\u001b[0m   \u001b[0m\u001b[0m\u001b[1m\u001b[38;5;12m--> \u001b[0m\u001b[0mmain.rs:247:19\u001b[0m\n\u001b[0m    \u001b[0m\u001b[0m\u001b[1m\u001b[38;5;12m|\u001b[0m\n\u001b[0m\u001b[1m\u001b[38;5;12m247\u001b[0m\u001b[0m \u001b[0m\u001b[0m\u001b[1m\u001b[38;5;12m|\u001b[0m\u001b[0m \u001b[0m\u001b[0m    let dz = (z - wall.pos.z).abs();\u001b[0m\n\u001b[0m    \u001b[0m\u001b[0m\u001b[1m\u001b[38;5;12m|\u001b[0m\u001b[0m                   \u001b[0m\u001b[0m\u001b[1m\u001b[38;5;9m^^^^^^^^^^\u001b[0m\u001b[0m \u001b[0m\u001b[0m\u001b[1m\u001b[38;5;9mexpected `f64`, found `f32`\u001b[0m\n\n"}
{"$message_type":"diagnostic","message":"cannot subtract `f32` from `f64`","code":{"code":"E0277","explanation":"You tried to use a type which doesn't implement some trait in a place which\nexpected that trait.\n\nErroneous code example:\n\n```compile_fail,E0277\n// here we declare the Foo trait with a bar method\ntrait Foo {\n    fn bar(&self);\n}\n\n// we now declare a function which takes an object implementing the Foo trait\nfn some_func<T: Foo>(foo: T) {\n    foo.bar();\n}\n\nfn main() {\n    // we now call the method with the i32 type, which doesn't implement\n    // the Foo trait\n    some_func(5i32); // error: the trait bound `i32 : Foo` is not satisfied\n}\n```\n\nIn order to fix this error, verify that the type you're using does implement\nthe trait. Example:\n\n```\ntrait Foo {\n    fn bar(&self);\n}\n\n// we implement the trait on the i32 type\nimpl Foo for i32 {\n    fn bar(&self) {}\n}\n\nfn some_func<T: Foo>(foo: T) {\n    foo.bar(); // we can now use this method since i32 implements the\n               // Foo trait\n}\n\nfn main() {\n    some_func(5i32); // ok!\n}\n```\n\nOr in a generic context, an erroneous code example would look like:\n\n```compile_fail,E0277\nfn some_func<T>(foo: T) {\n    println!(\"{:?}\", foo); // error: the trait `core::fmt::Debug` is not\n                           //        implemented for the type `T`\n}\n\nfn main() {\n    // We now call the method with the i32 type,\n    // which *does* implement the Debug trait.\n    some_func(5i32);\n}\n```\n\nNote that the error here is in the definition of the generic function. Although\nwe only call it with a parameter that does implement `Debug`, the compiler\nstill rejects the function. It must work with all possible input types. In\norder to make this example compile, we need to restrict the generic type we're\naccepting:\n\n```\nuse std::fmt;\n\n// Restrict the input type to types that implement Debug.\nfn some_func<T: fmt::Debug>(foo: T) {\n    println!(\"{:?}\", foo);\n}\n\nfn main() {\n    // Calling the method is still fine, as i32 implements Debug.\n    some_func(5i32);\n\n    // This would fail to compile now:\n    // struct WithoutDebug;\n    // some_func(WithoutDebug);\n}\n```\n\nRust only looks at the signature of the called function, as such it must\nalready specify all requirements that will be used for every type parameter.\n"},"level":"error","spans":[{"file_name":"main.rs","byte_start":7924,"byte_end":7925,"line_start":247,"line_end":247,"column_start":17,"column_end":18,"is_primary":true,"text":[{"text":"    let dz = (z - wall.pos.z).abs();","highlight_start":17,"highlight_end":18}],"label":"no implementation for `f64 - f32`","suggested_replacement":null,"suggestion_applicability":null,"expansion":null}],"children":[{"message":"the trait `Sub<f32>` is not implemented for `f64`","code":null,"level":"help","spans":[],"children":[],"rendered":null},{"message":"the following other types implement trait `Sub<Rhs>`:\n  `&f64` implements `Sub<&Complex<f64>>`\n  `&f64` implements `Sub<Complex<f64>>`\n  `&f64` implements `Sub<f64>`\n  `&f64` implements `Sub`\n  `f64` implements `Sub<&Complex<f64>>`\n  `f64` implements `Sub<&f64>`\n  `f64` implements `Sub<Complex<f64>>`\n  `f64` implements `Sub<DVec2>`\nand 5 others","code":null,"level":"help","spans":[],"children":[],"rendered":null}],"rendered":"\u001b[0m\u001b[1m\u001b[38;5;9merror[E0277]\u001b[0m\u001b[0m\u001b[1m: cannot subtract `f32` from `f64`\u001b[0m\n\u001b[0m   \u001b[0m\u001b[0m\u001b[1m\u001b[38;5;12m--> \u001b[0m\u001b[0mmain.rs:247:17\u001b[0m\n\u001b[0m    \u001b[0m\u001b[0m\u001b[1m\u001b[38;5;12m|\u001b[0m\n\u001b[0m\u001b[1m\u001b[38;5;12m247\u001b[0m\u001b[0m \u001b[0m\u001b[0m\u001b[1m\u001b[38;5;12m|\u001b[0m\u001b[0m \u001b[0m\u001b[0m    let dz = (z - wall.pos.z).abs();\u001b[0m\n\u001b[0m    \u001b[0m\u001b[0m\u001b[1m\u001b[38;5;12m|\u001b[0m\u001b[0m                 \u001b[0m\u001b[0m\u001b[1m\u001b[38;5;9m^\u001b[0m\u001b[0m \u001b[0m\u001b[0m\u001b[1m\u001b[38;5;9mno implementation for `f64 - f32`\u001b[0m\n\u001b[0m    \u001b[0m\u001b[0m\u001b[1m\u001b[38;5;12m|\u001b[0m\n\u001b[0m    \u001b[0m\u001b[0m\u001b[1m\u001b[38;5;12m= \u001b[0m\u001b[0m\u001b[1mhelp\u001b[0m\u001b[0m: the trait `Sub<f32>` is not implemented for `f64`\u001b[0m\n\u001b[0m    \u001b[0m\u001b[0m\u001b[1m\u001b[38;5;12m= \u001b[0m\u001b[0m\u001b[1mhelp\u001b[0m\u001b[0m: the following other types implement trait `Sub<Rhs>`:\u001b[0m\n\u001b[0m              `&f64` implements `Sub<&Complex<f64>>`\u001b[0m\n\u001b[0m              `&f64` implements `Sub<Complex<f64>>`\u001b[0m\n\u001b[0m              `&f64` implements `Sub<f64>`\u001b[0m\n\u001b[0m              `&f64` implements `Sub`\u001b[0m\n\u001b[0m              `f64` implements `Sub<&Complex<f64>>`\u001b[0m\n\u001b[0m              `f64` implements `Sub<&f64>`\u001b[0m\n\u001b[0m              `f64` implements `Sub<Complex<f64>>`\u001b[0m\n\u001b[0m              `f64` implements `Sub<DVec2>`\u001b[0m\n\u001b[0m            and 5 others\u001b[0m\n\n"}
{"$message_type":"diagnostic","message":"mismatched types","code":{"code":"E0308","explanation":"Expected type did not match the received type.\n\nErroneous code examples:\n\n```compile_fail,E0308\nfn plus_one(x: i32) -> i32 {\n    x + 1\n}\n\nplus_one(\"Not a number\");\n//       ^^^^^^^^^^^^^^ expected `i32`, found `&str`\n\nif \"Not a bool\" {\n// ^^^^^^^^^^^^ expected `bool`, found `&str`\n}\n\nlet x: f32 = \"Not a float\";\n//     ---   ^^^^^^^^^^^^^ expected `f32`, found `&str`\n//     |\n//     expected due to this\n```\n\nThis error occurs when an expression was used in a place where the compiler\nexpected an expression of a different type. It can occur in several cases, the\nmost common being when calling a function and passing an argument which has a\ndifferent type than the matching type in the function declaration.\n"},"level":"error","spans":[{"file_name":"main.rs","byte_start":7961,"byte_end":7987,"line_start":248,"line_end":248,"column_start":17,"column_end":43,"is_primary":true,"text":[{"text":"    return dx < half_width + player_radius && dz < half_depth + player_radius;","highlight_start":17,"highlight_end":43}],"label":"expected `f64`, found `f32`","suggested_replacement":null,"suggestion_applicability":null,"expansion":null},{"file_name":"main.rs","byte_start":7956,"byte_end":7958,"line_start":248,"line_end":248,"column_start":12,"column_end":14,"is_primary":false,"text":[{"text":"    return dx < half_width + player_radius && dz < half_depth + player_radius;","highlight_start":12,"highlight_end":14}],"label":"expected because this is `f64`","suggested_replacement":null,"suggestion_applicability":null,"expansion":null}],"children":[{"message":"you can convert an `f32` to an `f64`","code":null,"level":"help","spans":[{"file_name":"main.rs","byte_start":7961,"byte_end":7961,"line_start":248,"line_end":248,"column_start":17,"column_end":17,"is_primary":true,"text":[{"text":"    return dx < half_width + player_radius && dz < half_depth + player_radius;","highlight_start":17,"highlight_end":17}],"label":null,"suggested_replacement":"(","suggestion_applicability":"MachineApplicable","expansion":null},{"file_name":"main.rs","byte_start":7987,"byte_end":7987,"line_start":248,"line_end":248,"column_start":43,"column_end":43,"is_primary":true,"text":[{"text":"    return dx < half_width + player_radius && dz < half_depth + player_radius;","highlight_start":43,"highlight_end":43}],"label":null,"suggested_replacement":").into()","suggestion_applicability":"MachineApplicable","expansion":null}],"children":[],"rendered":null}],"rendered":"\u001b[0m\u001b[1m\u001b[38;5;9merror[E0308]\u001b[0m\u001b[0m\u001b[1m: mismatched types\u001b[0m\n\u001b[0m   \u001b[0m\u001b[0m\u001b[1m\u001b[38;5;12m--> \u001b[0m\u001b[0mmain.rs:248:17\u001b[0m\n\u001b[0m    \u001b[0m\u001b[0m\u001b[1m\u001b[38;5;12m|\u001b[0m\n\u001b[0m\u001b[1m\u001b[38;5;12m248\u001b[0m\u001b[0m \u001b[0m\u001b[0m\u001b[1m\u001b[38;5;12m|\u001b[0m\u001b[0m \u001b[0m\u001b[0m    return dx < half_width + player_radius && dz < half_depth + player_radius;\u001b[0m\n\u001b[0m    \u001b[0m\u001b[0m\u001b[1m\u001b[38;5;12m|\u001b[0m\u001b[0m            \u001b[0m\u001b[0m\u001b[1m\u001b[38;5;12m--\u001b[0m\u001b[0m   \u001b[0m\u001b[0m\u001b[1m\u001b[38;5;9m^^^^^^^^^^^^^^^^^^^^^^^^^^\u001b[0m\u001b[0m \u001b[0m\u001b[0m\u001b[1m\u001b[38;5;9mexpected `f64`, found `f32`\u001b[0m\n\u001b[0m    \u001b[0m\u001b[0m\u001b[1m\u001b[38;5;12m|\u001b[0m\u001b[0m            \u001b[0m\u001b[0m\u001b[1m\u001b[38;5;12m|\u001b[0m\n\u001b[0m    \u001b[0m\u001b[0m\u001b[1m\u001b[38;5;12m|\u001b[0m\u001b[0m            \u001b[0m\u001b[0m\u001b[1m\u001b[38;5;12mexpected because this is `f64`\u001b[0m\n\u001b[0m    \u001b[0m\u001b[0m\u001b[1m\u001b[38;5;12m|\u001b[0m\n\u001b[0m\u001b[1m\u001b[38;5;14mhelp\u001b[0m\u001b[0m: you can convert an `f32` to an `f64`\u001b[0m\n\u001b[0m    \u001b[0m\u001b[0m\u001b[1m\u001b[38;5;12m|\u001b[0m\n\u001b[0m\u001b[1m\u001b[38;5;12m248\u001b[0m\u001b[0m \u001b[0m\u001b[0m\u001b[1m\u001b[38;5;12m| \u001b[0m\u001b[0m    return dx < \u001b[0m\u001b[0m\u001b[38;5;10m(\u001b[0m\u001b[0mhalf_width + player_radius\u001b[0m\u001b[0m\u001b[38;5;10m).into()\u001b[0m\u001b[0m && dz < half_depth + player_radius;\u001b[0m\n\u001b[0m    \u001b[0m\u001b[0m\u001b[1m\u001b[38;5;12m|\u001b[0m\u001b[0m                 \u001b[0m\u001b[0m\u001b[38;5;10m+\u001b[0m\u001b[0m                          \u001b[0m\u001b[0m\u001b[38;5;10m++++++++\u001b[0m\n\n"}
{"$message_type":"diagnostic","message":"mismatched types","code":{"code":"E0308","explanation":"Expected type did not match the received type.\n\nErroneous code examples:\n\n```compile_fail,E0308\nfn plus_one(x: i32) -> i32 {\n    x + 1\n}\n\nplus_one(\"Not a number\");\n//       ^^^^^^^^^^^^^^ expected `i32`, found `&str`\n\nif \"Not a bool\" {\n// ^^^^^^^^^^^^ expected `bool`, found `&str`\n}\n\nlet x: f32 = \"Not a float\";\n//     ---   ^^^^^^^^^^^^^ expected `f32`, found `&str`\n//     |\n//     expected due to this\n```\n\nThis error occurs when an expression was used in a place where the compiler\nexpected an expression of a different type. It can occur in several cases, the\nmost common being when calling a function and passing an argument which has a\ndifferent type than the matching type in the function declaration.\n"},"level":"error","spans":[{"file_name":"main.rs","byte_start":7996,"byte_end":8022,"line_start":248,"line_end":248,"column_start":52,"column_end":78,"is_primary":true,"text":[{"text":"    return dx < half_width + player_radius && dz < half_depth + player_radius;","highlight_start":52,"highlight_end":78}],"label":"expected `f64`, found `f32`","suggested_replacement":null,"suggestion_applicability":null,"expansion":null},{"file_name":"main.rs","byte_start":7991,"byte_end":7993,"line_start":248,"line_end":248,"column_start":47,"column_end":49,"is_primary":false,"text":[{"text":"    return dx < half_width + player_radius && dz < half_depth + player_radius;","highlight_start":47,"highlight_end":49}],"label":"expected because this is `f64`","suggested_replacement":null,"suggestion_applicability":null,"expansion":null}],"children":[{"message":"you can convert an `f32` to an `f64`","code":null,"level":"help","spans":[{"file_name":"main.rs","byte_start":7996,"byte_end":7996,"line_start":248,"line_end":248,"column_start":52,"column_end":52,"is_primary":true,"text":[{"text":"    return dx < half_width + player_radius && dz < half_depth + player_radius;","highlight_start":52,"highlight_end":52}],"label":null,"suggested_replacement":"(","suggestion_applicability":"MachineApplicable","expansion":null},{"file_name":"main.rs","byte_start":8022,"byte_end":8022,"line_start":248,"line_end":248,"column_start":78,"column_end":78,"is_primary":true,"text":[{"text":"    return dx < half_width + player_radius && dz < half_depth + player_radius;","highlight_start":78,"highlight_end":78}],"label":null,"suggested_replacement":").into()","suggestion_applicability":"MachineApplicable","expansion":null}],"children":[],"rendered":null}],"rendered":"\u001b[0m\u001b[1m\u001b[38;5;9merror[E0308]\u001b[0m\u001b[0m\u001b[1m: mismatched types\u001b[0m\n\u001b[0m   \u001b[0m\u001b[0m\u001b[1m\u001b[38;5;12m--> \u001b[0m\u001b[0mmain.rs:248:52\u001b[0m\n\u001b[0m    \u001b[0m\u001b[0m\u001b[1m\u001b[38;5;12m|\u001b[0m\n\u001b[0m\u001b[1m\u001b[38;5;12m248\u001b[0m\u001b[0m \u001b[0m\u001b[0m\u001b[1m\u001b[38;5;12m|\u001b[0m\u001b[0m \u001b[0m\u001b[0m    return dx < half_width + player_radius && dz < half_depth + player_radius;\u001b[0m\n\u001b[0m    \u001b[0m\u001b[0m\u001b[1m\u001b[38;5;12m|\u001b[0m\u001b[0m                                               \u001b[0m\u001b[0m\u001b[1m\u001b[38;5;12m--\u001b[0m\u001b[0m   \u001b[0m\u001b[0m\u001b[1m\u001b[38;5;9m^^^^^^^^^^^^^^^^^^^^^^^^^^\u001b[0m\u001b[0m \u001b[0m\u001b[0m\u001b[1m\u001b[38;5;9mexpected `f64`, found `f32`\u001b[0m\n\u001b[0m    \u001b[0m\u001b[0m\u001b[1m\u001b[38;5;12m|\u001b[0m\u001b[0m                                               \u001b[0m\u001b[0m\u001b[1m\u001b[38;5;12m|\u001b[0m\n\u001b[0m    \u001b[0m\u001b[0m\u001b[1m\u001b[38;5;12m|\u001b[0m\u001b[0m                                               \u001b[0m\u001b[0m\u001b[1m\u001b[38;5;12mexpected because this is `f64`\u001b[0m\n\u001b[0m    \u001b[0m\u001b[0m\u001b[1m\u001b[38;5;12m|\u001b[0m\n\u001b[0m\u001b[1m\u001b[38;5;14mhelp\u001b[0m\u001b[0m: you can convert an `f32` to an `f64`\u001b[0m\n\u001b[0m    \u001b[0m\u001b[0m\u001b[1m\u001b[38;5;12m|\u001b[0m\n\u001b[0m\u001b[1m\u001b[38;5;12m248\u001b[0m\u001b[0m \u001b[0m\u001b[0m\u001b[1m\u001b[38;5;12m| \u001b[0m\u001b[0m    return dx < half_width + player_radius && dz < \u001b[0m\u001b[0m\u001b[38;5;10m(\u001b[0m\u001b[0mhalf_depth + player_radius\u001b[0m\u001b[0m\u001b[38;5;10m).into()\u001b[0m\u001b[0m;\u001b[0m\n\u001b[0m    \u001b[0m\u001b[0m\u001b[1m\u001b[38;5;12m|\u001b[0m\u001b[0m                                                    \u001b[0m\u001b[0m\u001b[38;5;10m+\u001b[0m\u001b[0m                          \u001b[0m\u001b[0m\u001b[38;5;10m++++++++\u001b[0m\n\n"}
{"$message_type":"diagnostic","message":"mismatched types","code":{"code":"E0308","explanation":"Expected type did not match the received type.\n\nErroneous code examples:\n\n```compile_fail,E0308\nfn plus_one(x: i32) -> i32 {\n    x + 1\n}\n\nplus_one(\"Not a number\");\n//       ^^^^^^^^^^^^^^ expected `i32`, found `&str`\n\nif \"Not a bool\" {\n// ^^^^^^^^^^^^ expected `bool`, found `&str`\n}\n\nlet x: f32 = \"Not a float\";\n//     ---   ^^^^^^^^^^^^^ expected `f32`, found `&str`\n//     |\n//     expected due to this\n```\n\nThis error occurs when an expression was used in a place where the compiler\nexpected an expression of a different type. It can occur in several cases, the\nmost common being when calling a function and passing an argument which has a\ndifferent type than the matching type in the function declaration.\n"},"level":"error","spans":[{"file_name":"main.rs","byte_start":8699,"byte_end":8704,"line_start":268,"line_end":268,"column_start":64,"column_end":69,"is_primary":true,"text":[{"text":"                enemy.pos.x = enemy.pos.x + enemy.velocity.x * delta;","highlight_start":64,"highlight_end":69}],"label":"expected `f32`, found `f64`","suggested_replacement":null,"suggestion_applicability":null,"expansion":null}],"children":[],"rendered":"\u001b[0m\u001b[1m\u001b[38;5;9merror[E0308]\u001b[0m\u001b[0m\u001b[1m: mismatched types\u001b[0m\n\u001b[0m   \u001b[0m\u001b[0m\u001b[1m\u001b[38;5;12m--> \u001b[0m\u001b[0mmain.rs:268:64\u001b[0m\n\u001b[0m    \u001b[0m\u001b[0m\u001b[1m\u001b[38;5;12m|\u001b[0m\n\u001b[0m\u001b[1m\u001b[38;5;12m268\u001b[0m\u001b[0m \u001b[0m\u001b[0m\u001b[1m\u001b[38;5;12m|\u001b[0m\u001b[0m \u001b[0m\u001b[0m                enemy.pos.x = enemy.pos.x + enemy.velocity.x * delta;\u001b[0m\n\u001b[0m    \u001b[0m\u001b[0m\u001b[1m\u001b[38;5;12m|\u001b[0m\u001b[0m                                                                \u001b[0m\u001b[0m\u001b[1m\u001b[38;5;9m^^^^^\u001b[0m\u001b[0m \u001b[0m\u001b[0m\u001b[1m\u001b[38;5;9mexpected `f32`, found `f64`\u001b[0m\n\n"}
{"$message_type":"diagnostic","message":"cannot multiply `f32` by `f64`","code":{"code":"E0277","explanation":"You tried to use a type which doesn't implement some trait in a place which\nexpected that trait.\n\nErroneous code example:\n\n```compile_fail,E0277\n// here we declare the Foo trait with a bar method\ntrait Foo {\n    fn bar(&self);\n}\n\n// we now declare a function which takes an object implementing the Foo trait\nfn some_func<T: Foo>(foo: T) {\n    foo.bar();\n}\n\nfn main() {\n    // we now call the method with the i32 type, which doesn't implement\n    // the Foo trait\n    some_func(5i32); // error: the trait bound `i32 : Foo` is not satisfied\n}\n```\n\nIn order to fix this error, verify that the type you're using does implement\nthe trait. Example:\n\n```\ntrait Foo {\n    fn bar(&self);\n}\n\n// we implement the trait on the i32 type\nimpl Foo for i32 {\n    fn bar(&self) {}\n}\n\nfn some_func<T: Foo>(foo: T) {\n    foo.bar(); // we can now use this method since i32 implements the\n               // Foo trait\n}\n\nfn main() {\n    some_func(5i32); // ok!\n}\n```\n\nOr in a generic context, an erroneous code example would look like:\n\n```compile_fail,E0277\nfn some_func<T>(foo: T) {\n    println!(\"{:?}\", foo); // error: the trait `core::fmt::Debug` is not\n                           //        implemented for the type `T`\n}\n\nfn main() {\n    // We now call the method with the i32 type,\n    // which *does* implement the Debug trait.\n    some_func(5i32);\n}\n```\n\nNote that the error here is in the definition of the generic function. Although\nwe only call it with a parameter that does implement `Debug`, the compiler\nstill rejects the function. It must work with all possible input types. In\norder to make this example compile, we need to restrict the generic type we're\naccepting:\n\n```\nuse std::fmt;\n\n// Restrict the input type to types that implement Debug.\nfn some_func<T: fmt::Debug>(foo: T) {\n    println!(\"{:?}\", foo);\n}\n\nfn main() {\n    // Calling the method is still fine, as i32 implements Debug.\n    some_func(5i32);\n\n    // This would fail to compile now:\n    // struct WithoutDebug;\n    // some_func(WithoutDebug);\n}\n```\n\nRust only looks at the signature of the called function, as such it must\nalready specify all requirements that will be used for every type parameter.\n"},"level":"error","spans":[{"file_name":"main.rs","byte_start":8697,"byte_end":8698,"line_start":268,"line_end":268,"column_start":62,"column_end":63,"is_primary":true,"text":[{"text":"                enemy.pos.x = enemy.pos.x + enemy.velocity.x * delta;","highlight_start":62,"highlight_end":63}],"label":"no implementation for `f32 * f64`","suggested_replacement":null,"suggestion_applicability":null,"expansion":null}],"children":[{"message":"the trait `Mul<f64>` is not implemented for `f32`","code":null,"level":"help","spans":[],"children":[],"rendered":null},{"message":"the following other types implement trait `Mul<Rhs>`:\n  `&f32` implements `Mul<&Complex<f32>>`\n  `&f32` implements `Mul<Complex<f32>>`\n  `&f32` implements `Mul<f32>`\n  `&f32` implements `Mul`\n  `f32` implements `Mul<&Complex<f32>>`\n  `f32` implements `Mul<&DualQuaternion<f32>>`\n  `f32` implements `Mul<&Matrix<f32, R, C, S>>`\n  `f32` implements `Mul<&OPoint<f32, D>>`\nand 18 others","code":null,"level":"help","spans":[],"children":[],"rendered":null}],"rendered":"\u001b[0m\u001b[1m\u001b[38;5;9merror[E0277]\u001b[0m\u001b[0m\u001b[1m: cannot multiply `f32` by `f64`\u001b[0m\n\u001b[0m   \u001b[0m\u001b[0m\u001b[1m\u001b[38;5;12m--> \u001b[0m\u001b[0mmain.rs:268:62\u001b[0m\n\u001b[0m    \u001b[0m\u001b[0m\u001b[1m\u001b[38;5;12m|\u001b[0m\n\u001b[0m\u001b[1m\u001b[38;5;12m268\u001b[0m\u001b[0m \u001b[0m\u001b[0m\u001b[1m\u001b[38;5;12m|\u001b[0m\u001b[0m \u001b[0m\u001b[0m                enemy.pos.x = enemy.pos.x + enemy.velocity.x * delta;\u001b[0m\n\u001b[0m    \u001b[0m\u001b[0m\u001b[1m\u001b[38;5;12m|\u001b[0m\u001b[0m                                                              \u001b[0m\u001b[0m\u001b[1m\u001b[38;5;9m^\u001b[0m\u001b[0m \u001b[0m\u001b[0m\u001b[1m\u001b[38;5;9mno implementation for `f32 * f64`\u001b[0m\n\u001b[0m    \u001b[0m\u001b[0m\u001b[1m\u001b[38;5;12m|\u001b[0m\n\u001b[0m    \u001b[0m\u001b[0m\u001b[1m\u001b[38;5;12m= \u001b[0m\u001b[0m\u001b[1mhelp\u001b[0m\u001b[0m: the trait `Mul<f64>` is not implemented for `f32`\u001b[0m\n\u001b[0m    \u001b[0m\u001b[0m\u001b[1m\u001b[38;5;12m= \u001b[0m\u001b[0m\u001b[1mhelp\u001b[0m\u001b[0m: the following other types implement trait `Mul<Rhs>`:\u001b[0m\n\u001b[0m              `&f32` implements `Mul<&Complex<f32>>`\u001b[0m\n\u001b[0m              `&f32` implements `Mul<Complex<f32>>`\u001b[0m\n\u001b[0m              `&f32` implements `Mul<f32>`\u001b[0m\n\u001b[0m              `&f32` implements `Mul`\u001b[0m\n\u001b[0m              `f32` implements `Mul<&Complex<f32>>`\u001b[0m\n\u001b[0m              `f32` implements `Mul<&DualQuaternion<f32>>`\u001b[0m\n\u001b[0m              `f32` implements `Mul<&Matrix<f32, R, C, S>>`\u001b[0m\n\u001b[0m              `f32` implements `Mul<&OPoint<f32, D>>`\u001b[0m\n\u001b[0m            and 18 others\u001b[0m\n\n"}
{"$message_type":"diagnostic","message":"mismatched types","code":{"code":"E0308","explanation":"Expected type did not match the received type.\n\nErroneous code examples:\n\n```compile_fail,E0308\nfn plus_one(x: i32) -> i32 {\n    x + 1\n}\n\nplus_one(\"Not a number\");\n//       ^^^^^^^^^^^^^^ expected `i32`, found `&str`\n\nif \"Not a bool\" {\n// ^^^^^^^^^^^^ expected `bool`, found `&str`\n}\n\nlet x: f32 = \"Not a float\";\n//     ---   ^^^^^^^^^^^^^ expected `f32`, found `&str`\n//     |\n//     expected due to this\n```\n\nThis error occurs when an expression was used in a place where the compiler\nexpected an expression of a different type. It can occur in several cases, the\nmost common being when calling a function and passing an argument which has a\ndifferent type than the matching type in the function declaration.\n"},"level":"error","spans":[{"file_name":"main.rs","byte_start":8769,"byte_end":8774,"line_start":269,"line_end":269,"column_start":64,"column_end":69,"is_primary":true,"text":[{"text":"                enemy.pos.z = enemy.pos.z + enemy.velocity.z * delta;","highlight_start":64,"highlight_end":69}],"label":"expected `f32`, found `f64`","suggested_replacement":null,"suggestion_applicability":null,"expansion":null}],"children":[],"rendered":"\u001b[0m\u001b[1m\u001b[38;5;9merror[E0308]\u001b[0m\u001b[0m\u001b[1m: mismatched types\u001b[0m\n\u001b[0m   \u001b[0m\u001b[0m\u001b[1m\u001b[38;5;12m--> \u001b[0m\u001b[0mmain.rs:269:64\u001b[0m\n\u001b[0m    \u001b[0m\u001b[0m\u001b[1m\u001b[38;5;12m|\u001b[0m\n\u001b[0m\u001b[1m\u001b[38;5;12m269\u001b[0m\u001b[0m \u001b[0m\u001b[0m\u001b[1m\u001b[38;5;12m|\u001b[0m\u001b[0m \u001b[0m\u001b[0m                enemy.pos.z = enemy.pos.z + enemy.velocity.z * delta;\u001b[0m\n\u001b[0m    \u001b[0m\u001b[0m\u001b[1m\u001b[38;5;12m|\u001b[0m\u001b[0m                                                                \u001b[0m\u001b[0m\u001b[1m\u001b[38;5;9m^^^^^\u001b[0m\u001b[0m \u001b[0m\u001b[0m\u001b[1m\u001b[38;5;9mexpected `f32`, found `f64`\u001b[0m\n\n"}
{"$message_type":"diagnostic","message":"cannot multiply `f32` by `f64`","code":{"code":"E0277","explanation":"You tried to use a type which doesn't implement some trait in a place which\nexpected that trait.\n\nErroneous code example:\n\n```compile_fail,E0277\n// here we declare the Foo trait with a bar method\ntrait Foo {\n    fn bar(&self);\n}\n\n// we now declare a function which takes an object implementing the Foo trait\nfn some_func<T: Foo>(foo: T) {\n    foo.bar();\n}\n\nfn main() {\n    // we now call the method with the i32 type, which doesn't implement\n    // the Foo trait\n    some_func(5i32); // error: the trait bound `i32 : Foo` is not satisfied\n}\n```\n\nIn order to fix this error, verify that the type you're using does implement\nthe trait. Example:\n\n```\ntrait Foo {\n    fn bar(&self);\n}\n\n// we implement the trait on the i32 type\nimpl Foo for i32 {\n    fn bar(&self) {}\n}\n\nfn some_func<T: Foo>(foo: T) {\n    foo.bar(); // we can now use this method since i32 implements the\n               // Foo trait\n}\n\nfn main() {\n    some_func(5i32); // ok!\n}\n```\n\nOr in a generic context, an erroneous code example would look like:\n\n```compile_fail,E0277\nfn some_func<T>(foo: T) {\n    println!(\"{:?}\", foo); // error: the trait `core::fmt::Debug` is not\n                           //        implemented for the type `T`\n}\n\nfn main() {\n    // We now call the method with the i32 type,\n    // which *does* implement the Debug trait.\n    some_func(5i32);\n}\n```\n\nNote that the error here is in the definition of the generic function. Although\nwe only call it with a parameter that does implement `Debug`, the compiler\nstill rejects the function. It must work with all possible input types. In\norder to make this example compile, we need to restrict the generic type we're\naccepting:\n\n```\nuse std::fmt;\n\n// Restrict the input type to types that implement Debug.\nfn some_func<T: fmt::Debug>(foo: T) {\n    println!(\"{:?}\", foo);\n}\n\nfn main() {\n    // Calling the method is still fine, as i32 implements Debug.\n    some_func(5i32);\n\n    // This would fail to compile now:\n    // struct WithoutDebug;\n    // some_func(WithoutDebug);\n}\n```\n\nRust only looks at the signature of the called function, as such it must\nalready specify all requirements that will be used for every type parameter.\n"},"level":"error","spans":[{"file_name":"main.rs","byte_start":8767,"byte_end":8768,"line_start":269,"line_end":269,"column_start":62,"column_end":63,"is_primary":true,"text":[{"text":"                enemy.pos.z = enemy.pos.z + enemy.velocity.z * delta;","highlight_start":62,"highlight_end":63}],"label":"no implementation for `f32 * f64`","suggested_replacement":null,"suggestion_applicability":null,"expansion":null}],"children":[{"message":"the trait `Mul<f64>` is not implemented for `f32`","code":null,"level":"help","spans":[],"children":[],"rendered":null},{"message":"the following other types implement trait `Mul<Rhs>`:\n  `&f32` implements `Mul<&Complex<f32>>`\n  `&f32` implements `Mul<Complex<f32>>`\n  `&f32` implements `Mul<f32>`\n  `&f32` implements `Mul`\n  `f32` implements `Mul<&Complex<f32>>`\n  `f32` implements `Mul<&DualQuaternion<f32>>`\n  `f32` implements `Mul<&Matrix<f32, R, C, S>>`\n  `f32` implements `Mul<&OPoint<f32, D>>`\nand 18 others","code":null,"level":"help","spans":[],"children":[],"rendered":null}],"rendered":"\u001b[0m\u001b[1m\u001b[38;5;9merror[E0277]\u001b[0m\u001b[0m\u001b[1m: cannot multiply `f32` by `f64`\u001b[0m\n\u001b[0m   \u001b[0m\u001b[0m\u001b[1m\u001b[38;5;12m--> \u001b[0m\u001b[0mmain.rs:269:62\u001b[0m\n\u001b[0m    \u001b[0m\u001b[0m\u001b[1m\u001b[38;5;12m|\u001b[0m\n\u001b[0m\u001b[1m\u001b[38;5;12m269\u001b[0m\u001b[0m \u001b[0m\u001b[0m\u001b[1m\u001b[38;5;12m|\u001b[0m\u001b[0m \u001b[0m\u001b[0m                enemy.pos.z = enemy.pos.z + enemy.velocity.z * delta;\u001b[0m\n\u001b[0m    \u001b[0m\u001b[0m\u001b[1m\u001b[38;5;12m|\u001b[0m\u001b[0m                                                              \u001b[0m\u001b[0m\u001b[1m\u001b[38;5;9m^\u001b[0m\u001b[0m \u001b[0m\u001b[0m\u001b[1m\u001b[38;5;9mno implementation for `f32 * f64`\u001b[0m\n\u001b[0m    \u001b[0m\u001b[0m\u001b[1m\u001b[38;5;12m|\u001b[0m\n\u001b[0m    \u001b[0m\u001b[0m\u001b[1m\u001b[38;5;12m= \u001b[0m\u001b[0m\u001b[1mhelp\u001b[0m\u001b[0m: the trait `Mul<f64>` is not implemented for `f32`\u001b[0m\n\u001b[0m    \u001b[0m\u001b[0m\u001b[1m\u001b[38;5;12m= \u001b[0m\u001b[0m\u001b[1mhelp\u001b[0m\u001b[0m: the following other types implement trait `Mul<Rhs>`:\u001b[0m\n\u001b[0m              `&f32` implements `Mul<&Complex<f32>>`\u001b[0m\n\u001b[0m              `&f32` implements `Mul<Complex<f32>>`\u001b[0m\n\u001b[0m              `&f32` implements `Mul<f32>`\u001b[0m\n\u001b[0m              `&f32` implements `Mul`\u001b[0m\n\u001b[0m              `f32` implements `Mul<&Complex<f32>>`\u001b[0m\n\u001b[0m              `f32` implements `Mul<&DualQuaternion<f32>>`\u001b[0m\n\u001b[0m              `f32` implements `Mul<&Matrix<f32, R, C, S>>`\u001b[0m\n\u001b[0m              `f32` implements `Mul<&OPoint<f32, D>>`\u001b[0m\n\u001b[0m            and 18 others\u001b[0m\n\n"}
{"$message_type":"diagnostic","message":"mismatched types","code":{"code":"E0308","explanation":"Expected type did not match the received type.\n\nErroneous code examples:\n\n```compile_fail,E0308\nfn plus_one(x: i32) -> i32 {\n    x + 1\n}\n\nplus_one(\"Not a number\");\n//       ^^^^^^^^^^^^^^ expected `i32`, found `&str`\n\nif \"Not a bool\" {\n// ^^^^^^^^^^^^ expected `bool`, found `&str`\n}\n\nlet x: f32 = \"Not a float\";\n//     ---   ^^^^^^^^^^^^^ expected `f32`, found `&str`\n//     |\n//     expected due to this\n```\n\nThis error occurs when an expression was used in a place where the compiler\nexpected an expression of a different type. It can occur in several cases, the\nmost common being when calling a function and passing an argument which has a\ndifferent type than the matching type in the function declaration.\n"},"level":"error","spans":[{"file_name":"main.rs","byte_start":9386,"byte_end":9391,"line_start":292,"line_end":292,"column_start":59,"column_end":64,"is_primary":true,"text":[{"text":"        bullet.pos.x = bullet.pos.x + bullet.velocity.x * delta;","highlight_start":59,"highlight_end":64}],"label":"expected `f32`, found `f64`","suggested_replacement":null,"suggestion_applicability":null,"expansion":null}],"children":[],"rendered":"\u001b[0m\u001b[1m\u001b[38;5;9merror[E0308]\u001b[0m\u001b[0m\u001b[1m: mismatched types\u001b[0m\n\u001b[0m   \u001b[0m\u001b[0m\u001b[1m\u001b[38;5;12m--> \u001b[0m\u001b[0mmain.rs:292:59\u001b[0m\n\u001b[0m    \u001b[0m\u001b[0m\u001b[1m\u001b[38;5;12m|\u001b[0m\n\u001b[0m\u001b[1m\u001b[38;5;12m292\u001b[0m\u001b[0m \u001b[0m\u001b[0m\u001b[1m\u001b[38;5;12m|\u001b[0m\u001b[0m \u001b[0m\u001b[0m        bullet.pos.x = bullet.pos.x + bullet.velocity.x * delta;\u001b[0m\n\u001b[0m    \u001b[0m\u001b[0m\u001b[1m\u001b[38;5;12m|\u001b[0m\u001b[0m                                                           \u001b[0m\u001b[0m\u001b[1m\u001b[38;5;9m^^^^^\u001b[0m\u001b[0m \u001b[0m\u001b[0m\u001b[1m\u001b[38;5;9mexpected `f32`, found `f64`\u001b[0m\n\n"}
{"$message_type":"diagnostic","message":"cannot multiply `f32` by `f64`","code":{"code":"E0277","explanation":"You tried to use a type which doesn't implement some trait in a place which\nexpected that trait.\n\nErroneous code example:\n\n```compile_fail,E0277\n// here we declare the Foo trait with a bar method\ntrait Foo {\n    fn bar(&self);\n}\n\n// we now declare a function which takes an object implementing the Foo trait\nfn some_func<T: Foo>(foo: T) {\n    foo.bar();\n}\n\nfn main() {\n    // we now call the method with the i32 type, which doesn't implement\n    // the Foo trait\n    some_func(5i32); // error: the trait bound `i32 : Foo` is not satisfied\n}\n```\n\nIn order to fix this error, verify that the type you're using does implement\nthe trait. Example:\n\n```\ntrait Foo {\n    fn bar(&self);\n}\n\n// we implement the trait on the i32 type\nimpl Foo for i32 {\n    fn bar(&self) {}\n}\n\nfn some_func<T: Foo>(foo: T) {\n    foo.bar(); // we can now use this method since i32 implements the\n               // Foo trait\n}\n\nfn main() {\n    some_func(5i32); // ok!\n}\n```\n\nOr in a generic context, an erroneous code example would look like:\n\n```compile_fail,E0277\nfn some_func<T>(foo: T) {\n    println!(\"{:?}\", foo); // error: the trait `core::fmt::Debug` is not\n                           //        implemented for the type `T`\n}\n\nfn main() {\n    // We now call the method with the i32 type,\n    // which *does* implement the Debug trait.\n    some_func(5i32);\n}\n```\n\nNote that the error here is in the definition of the generic function. Although\nwe only call it with a parameter that does implement `Debug`, the compiler\nstill rejects the function. It must work with all possible input types. In\norder to make this example compile, we need to restrict the generic type we're\naccepting:\n\n```\nuse std::fmt;\n\n// Restrict the input type to types that implement Debug.\nfn some_func<T: fmt::Debug>(foo: T) {\n    println!(\"{:?}\", foo);\n}\n\nfn main() {\n    // Calling the method is still fine, as i32 implements Debug.\n    some_func(5i32);\n\n    // This would fail to compile now:\n    // struct WithoutDebug;\n    // some_func(WithoutDebug);\n}\n```\n\nRust only looks at the signature of the called function, as such it must\nalready specify all requirements that will be used for every type parameter.\n"},"level":"error","spans":[{"file_name":"main.rs","byte_start":9384,"byte_end":9385,"line_start":292,"line_end":292,"column_start":57,"column_end":58,"is_primary":true,"text":[{"text":"        bullet.pos.x = bullet.pos.x + bullet.velocity.x * delta;","highlight_start":57,"highlight_end":58}],"label":"no implementation for `f32 * f64`","suggested_replacement":null,"suggestion_applicability":null,"expansion":null}],"children":[{"message":"the trait `Mul<f64>` is not implemented for `f32`","code":null,"level":"help","spans":[],"children":[],"rendered":null},{"message":"the following other types implement trait `Mul<Rhs>`:\n  `&f32` implements `Mul<&Complex<f32>>`\n  `&f32` implements `Mul<Complex<f32>>`\n  `&f32` implements `Mul<f32>`\n  `&f32` implements `Mul`\n  `f32` implements `Mul<&Complex<f32>>`\n  `f32` implements `Mul<&DualQuaternion<f32>>`\n  `f32` implements `Mul<&Matrix<f32, R, C, S>>`\n  `f32` implements `Mul<&OPoint<f32, D>>`\nand 18 others","code":null,"level":"help","spans":[],"children":[],"rendered":null}],"rendered":"\u001b[0m\u001b[1m\u001b[38;5;9merror[E0277]\u001b[0m\u001b[0m\u001b[1m: cannot multiply `f32` by `f64`\u001b[0m\n\u001b[0m   \u001b[0m\u001b[0m\u001b[1m\u001b[38;5;12m--> \u001b[0m\u001b[0mmain.rs:292:57\u001b[0m\n\u001b[0m    \u001b[0m\u001b[0m\u001b[1m\u001b[38;5;12m|\u001b[0m\n\u001b[0m\u001b[1m\u001b[38;5;12m292\u001b[0m\u001b[0m \u001b[0m\u001b[0m\u001b[1m\u001b[38;5;12m|\u001b[0m\u001b[0m \u001b[0m\u001b[0m        bullet.pos.x = bullet.pos.x + bullet.velocity.x * delta;\u001b[0m\n\u001b[0m    \u001b[0m\u001b[0m\u001b[1m\u001b[38;5;12m|\u001b[0m\u001b[0m                                                         \u001b[0m\u001b[0m\u001b[1m\u001b[38;5;9m^\u001b[0m\u001b[0m \u001b[0m\u001b[0m\u001b[1m\u001b[38;5;9mno implementation for `f32 * f64`\u001b[0m\n\u001b[0m    \u001b[0m\u001b[0m\u001b[1m\u001b[38;5;12m|\u001b[0m\n\u001b[0m    \u001b[0m\u001b[0m\u001b[1m\u001b[38;5;12m= \u001b[0m\u001b[0m\u001b[1mhelp\u001b[0m\u001b[0m: the trait `Mul<f64>` is not implemented for `f32`\u001b[0m\n\u001b[0m    \u001b[0m\u001b[0m\u001b[1m\u001b[38;5;12m= \u001b[0m\u001b[0m\u001b[1mhelp\u001b[0m\u001b[0m: the following other types implement trait `Mul<Rhs>`:\u001b[0m\n\u001b[0m              `&f32` implements `Mul<&Complex<f32>>`\u001b[0m\n\u001b[0m              `&f32` implements `Mul<Complex<f32>>`\u001b[0m\n\u001b[0m              `&f32` implements `Mul<f32>`\u001b[0m\n\u001b[0m              `&f32` implements `Mul`\u001b[0m\n\u001b[0m              `f32` implements `Mul<&Complex<f32>>`\u001b[0m\n\u001b[0m              `f32` implements `Mul<&DualQuaternion<f32>>`\u001b[0m\n\u001b[0m              `f32` implements `Mul<&Matrix<f32, R, C, S>>`\u001b[0m\n\u001b[0m              `f32` implements `Mul<&OPoint<f32, D>>`\u001b[0m\n\u001b[0m            and 18 others\u001b[0m\n\n"}
{"$message_type":"diagnostic","message":"mismatched types","code":{"code":"E0308","explanation":"Expected type did not match the received type.\n\nErroneous code examples:\n\n```compile_fail,E0308\nfn plus_one(x: i32) -> i32 {\n    x + 1\n}\n\nplus_one(\"Not a number\");\n//       ^^^^^^^^^^^^^^ expected `i32`, found `&str`\n\nif \"Not a bool\" {\n// ^^^^^^^^^^^^ expected `bool`, found `&str`\n}\n\nlet x: f32 = \"Not a float\";\n//     ---   ^^^^^^^^^^^^^ expected `f32`, found `&str`\n//     |\n//     expected due to this\n```\n\nThis error occurs when an expression was used in a place where the compiler\nexpected an expression of a different type. It can occur in several cases, the\nmost common being when calling a function and passing an argument which has a\ndifferent type than the matching type in the function declaration.\n"},"level":"error","spans":[{"file_name":"main.rs","byte_start":9451,"byte_end":9456,"line_start":293,"line_end":293,"column_start":59,"column_end":64,"is_primary":true,"text":[{"text":"        bullet.pos.y = bullet.pos.y + bullet.velocity.y * delta;","highlight_start":59,"highlight_end":64}],"label":"expected `f32`, found `f64`","suggested_replacement":null,"suggestion_applicability":null,"expansion":null}],"children":[],"rendered":"\u001b[0m\u001b[1m\u001b[38;5;9merror[E0308]\u001b[0m\u001b[0m\u001b[1m: mismatched types\u001b[0m\n\u001b[0m   \u001b[0m\u001b[0m\u001b[1m\u001b[38;5;12m--> \u001b[0m\u001b[0mmain.rs:293:59\u001b[0m\n\u001b[0m    \u001b[0m\u001b[0m\u001b[1m\u001b[38;5;12m|\u001b[0m\n\u001b[0m\u001b[1m\u001b[38;5;12m293\u001b[0m\u001b[0m \u001b[0m\u001b[0m\u001b[1m\u001b[38;5;12m|\u001b[0m\u001b[0m \u001b[0m\u001b[0m        bullet.pos.y = bullet.pos.y + bullet.velocity.y * delta;\u001b[0m\n\u001b[0m    \u001b[0m\u001b[0m\u001b[1m\u001b[38;5;12m|\u001b[0m\u001b[0m                                                           \u001b[0m\u001b[0m\u001b[1m\u001b[38;5;9m^^^^^\u001b[0m\u001b[0m \u001b[0m\u001b[0m\u001b[1m\u001b[38;5;9mexpected `f32`, found `f64`\u001b[0m\n\n"}
{"$message_type":"diagnostic","message":"cannot multiply `f32` by `f64`","code":{"code":"E0277","explanation":"You tried to use a type which doesn't implement some trait in a place which\nexpected that trait.\n\nErroneous code example:\n\n```compile_fail,E0277\n// here we declare the Foo trait with a bar method\ntrait Foo {\n    fn bar(&self);\n}\n\n// we now declare a function which takes an object implementing the Foo trait\nfn some_func<T: Foo>(foo: T) {\n    foo.bar();\n}\n\nfn main() {\n    // we now call the method with the i32 type, which doesn't implement\n    // the Foo trait\n    some_func(5i32); // error: the trait bound `i32 : Foo` is not satisfied\n}\n```\n\nIn order to fix this error, verify that the type you're using does implement\nthe trait. Example:\n\n```\ntrait Foo {\n    fn bar(&self);\n}\n\n// we implement the trait on the i32 type\nimpl Foo for i32 {\n    fn bar(&self) {}\n}\n\nfn some_func<T: Foo>(foo: T) {\n    foo.bar(); // we can now use this method since i32 implements the\n               // Foo trait\n}\n\nfn main() {\n    some_func(5i32); // ok!\n}\n```\n\nOr in a generic context, an erroneous code example would look like:\n\n```compile_fail,E0277\nfn some_func<T>(foo: T) {\n    println!(\"{:?}\", foo); // error: the trait `core::fmt::Debug` is not\n                           //        implemented for the type `T`\n}\n\nfn main() {\n    // We now call the method with the i32 type,\n    // which *does* implement the Debug trait.\n    some_func(5i32);\n}\n```\n\nNote that the error here is in the definition of the generic function. Although\nwe only call it with a parameter that does implement `Debug`, the compiler\nstill rejects the function. It must work with all possible input types. In\norder to make this example compile, we need to restrict the generic type we're\naccepting:\n\n```\nuse std::fmt;\n\n// Restrict the input type to types that implement Debug.\nfn some_func<T: fmt::Debug>(foo: T) {\n    println!(\"{:?}\", foo);\n}\n\nfn main() {\n    // Calling the method is still fine, as i32 implements Debug.\n    some_func(5i32);\n\n    // This would fail to compile now:\n    // struct WithoutDebug;\n    // some_func(WithoutDebug);\n}\n```\n\nRust only looks at the signature of the called function, as such it must\nalready specify all requirements that will be used for every type parameter.\n"},"level":"error","spans":[{"file_name":"main.rs","byte_start":9449,"byte_end":9450,"line_start":293,"line_end":293,"column_start":57,"column_end":58,"is_primary":true,"text":[{"text":"        bullet.pos.y = bullet.pos.y + bullet.velocity.y * delta;","highlight_start":57,"highlight_end":58}],"label":"no implementation for `f32 * f64`","suggested_replacement":null,"suggestion_applicability":null,"expansion":null}],"children":[{"message":"the trait `Mul<f64>` is not implemented for `f32`","code":null,"level":"help","spans":[],"children":[],"rendered":null},{"message":"the following other types implement trait `Mul<Rhs>`:\n  `&f32` implements `Mul<&Complex<f32>>`\n  `&f32` implements `Mul<Complex<f32>>`\n  `&f32` implements `Mul<f32>`\n  `&f32` implements `Mul`\n  `f32` implements `Mul<&Complex<f32>>`\n  `f32` implements `Mul<&DualQuaternion<f32>>`\n  `f32` implements `Mul<&Matrix<f32, R, C, S>>`\n  `f32` implements `Mul<&OPoint<f32, D>>`\nand 18 others","code":null,"level":"help","spans":[],"children":[],"rendered":null}],"rendered":"\u001b[0m\u001b[1m\u001b[38;5;9merror[E0277]\u001b[0m\u001b[0m\u001b[1m: cannot multiply `f32` by `f64`\u001b[0m\n\u001b[0m   \u001b[0m\u001b[0m\u001b[1m\u001b[38;5;12m--> \u001b[0m\u001b[0mmain.rs:293:57\u001b[0m\n\u001b[0m    \u001b[0m\u001b[0m\u001b[1m\u001b[38;5;12m|\u001b[0m\n\u001b[0m\u001b[1m\u001b[38;5;12m293\u001b[0m\u001b[0m \u001b[0m\u001b[0m\u001b[1m\u001b[38;5;12m|\u001b[0m\u001b[0m \u001b[0m\u001b[0m        bullet.pos.y = bullet.pos.y + bullet.velocity.y * delta;\u001b[0m\n\u001b[0m    \u001b[0m\u001b[0m\u001b[1m\u001b[38;5;12m|\u001b[0m\u001b[0m                                                         \u001b[0m\u001b[0m\u001b[1m\u001b[38;5;9m^\u001b[0m\u001b[0m \u001b[0m\u001b[0m\u001b[1m\u001b[38;5;9mno implementation for `f32 * f64`\u001b[0m\n\u001b[0m    \u001b[0m\u001b[0m\u001b[1m\u001b[38;5;12m|\u001b[0m\n\u001b[0m    \u001b[0m\u001b[0m\u001b[1m\u001b[38;5;12m= \u001b[0m\u001b[0m\u001b[1mhelp\u001b[0m\u001b[0m: the trait `Mul<f64>` is not implemented for `f32`\u001b[0m\n\u001b[0m    \u001b[0m\u001b[0m\u001b[1m\u001b[38;5;12m= \u001b[0m\u001b[0m\u001b[1mhelp\u001b[0m\u001b[0m: the following other types implement trait `Mul<Rhs>`:\u001b[0m\n\u001b[0m              `&f32` implements `Mul<&Complex<f32>>`\u001b[0m\n\u001b[0m              `&f32` implements `Mul<Complex<f32>>`\u001b[0m\n\u001b[0m              `&f32` implements `Mul<f32>`\u001b[0m\n\u001b[0m              `&f32` implements `Mul`\u001b[0m\n\u001b[0m              `f32` implements `Mul<&Complex<f32>>`\u001b[0m\n\u001b[0m              `f32` implements `Mul<&DualQuaternion<f32>>`\u001b[0m\n\u001b[0m              `f32` implements `Mul<&Matrix<f32, R, C, S>>`\u001b[0m\n\u001b[0m              `f32` implements `Mul<&OPoint<f32, D>>`\u001b[0m\n\u001b[0m            and 18 others\u001b[0m\n\n"}
{"$message_type":"diagnostic","message":"mismatched types","code":{"code":"E0308","explanation":"Expected type did not match the received type.\n\nErroneous code examples:\n\n```compile_fail,E0308\nfn plus_one(x: i32) -> i32 {\n    x + 1\n}\n\nplus_one(\"Not a number\");\n//       ^^^^^^^^^^^^^^ expected `i32`, found `&str`\n\nif \"Not a bool\" {\n// ^^^^^^^^^^^^ expected `bool`, found `&str`\n}\n\nlet x: f32 = \"Not a float\";\n//     ---   ^^^^^^^^^^^^^ expected `f32`, found `&str`\n//     |\n//     expected due to this\n```\n\nThis error occurs when an expression was used in a place where the compiler\nexpected an expression of a different type. It can occur in several cases, the\nmost common being when calling a function and passing an argument which has a\ndifferent type than the matching type in the function declaration.\n"},"level":"error","spans":[{"file_name":"main.rs","byte_start":9516,"byte_end":9521,"line_start":294,"line_end":294,"column_start":59,"column_end":64,"is_primary":true,"text":[{"text":"        bullet.pos.z = bullet.pos.z + bullet.velocity.z * delta;","highlight_start":59,"highlight_end":64}],"label":"expected `f32`, found `f64`","suggested_replacement":null,"suggestion_applicability":null,"expansion":null}],"children":[],"rendered":"\u001b[0m\u001b[1m\u001b[38;5;9merror[E0308]\u001b[0m\u001b[0m\u001b[1m: mismatched types\u001b[0m\n\u001b[0m   \u001b[0m\u001b[0m\u001b[1m\u001b[38;5;12m--> \u001b[0m\u001b[0mmain.rs:294:59\u001b[0m\n\u001b[0m    \u001b[0m\u001b[0m\u001b[1m\u001b[38;5;12m|\u001b[0m\n\u001b[0m\u001b[1m\u001b[38;5;12m294\u001b[0m\u001b[0m \u001b[0m\u001b[0m\u001b[1m\u001b[38;5;12m|\u001b[0m\u001b[0m \u001b[0m\u001b[0m        bullet.pos.z = bullet.pos.z + bullet.velocity.z * delta;\u001b[0m\n\u001b[0m    \u001b[0m\u001b[0m\u001b[1m\u001b[38;5;12m|\u001b[0m\u001b[0m                                                           \u001b[0m\u001b[0m\u001b[1m\u001b[38;5;9m^^^^^\u001b[0m\u001b[0m \u001b[0m\u001b[0m\u001b[1m\u001b[38;5;9mexpected `f32`, found `f64`\u001b[0m\n\n"}
{"$message_type":"diagnostic","message":"cannot multiply `f32` by `f64`","code":{"code":"E0277","explanation":"You tried to use a type which doesn't implement some trait in a place which\nexpected that trait.\n\nErroneous code example:\n\n```compile_fail,E0277\n// here we declare the Foo trait with a bar method\ntrait Foo {\n    fn bar(&self);\n}\n\n// we now declare a function which takes an object implementing the Foo trait\nfn some_func<T: Foo>(foo: T) {\n    foo.bar();\n}\n\nfn main() {\n    // we now call the method with the i32 type, which doesn't implement\n    // the Foo trait\n    some_func(5i32); // error: the trait bound `i32 : Foo` is not satisfied\n}\n```\n\nIn order to fix this error, verify that the type you're using does implement\nthe trait. Example:\n\n```\ntrait Foo {\n    fn bar(&self);\n}\n\n// we implement the trait on the i32 type\nimpl Foo for i32 {\n    fn bar(&self) {}\n}\n\nfn some_func<T: Foo>(foo: T) {\n    foo.bar(); // we can now use this method since i32 implements the\n               // Foo trait\n}\n\nfn main() {\n    some_func(5i32); // ok!\n}\n```\n\nOr in a generic context, an erroneous code example would look like:\n\n```compile_fail,E0277\nfn some_func<T>(foo: T) {\n    println!(\"{:?}\", foo); // error: the trait `core::fmt::Debug` is not\n                           //        implemented for the type `T`\n}\n\nfn main() {\n    // We now call the method with the i32 type,\n    // which *does* implement the Debug trait.\n    some_func(5i32);\n}\n```\n\nNote that the error here is in the definition of the generic function. Although\nwe only call it with a parameter that does implement `Debug`, the compiler\nstill rejects the function. It must work with all possible input types. In\norder to make this example compile, we need to restrict the generic type we're\naccepting:\n\n```\nuse std::fmt;\n\n// Restrict the input type to types that implement Debug.\nfn some_func<T: fmt::Debug>(foo: T) {\n    println!(\"{:?}\", foo);\n}\n\nfn main() {\n    // Calling the method is still fine, as i32 implements Debug.\n    some_func(5i32);\n\n    // This would fail to compile now:\n    // struct WithoutDebug;\n    // some_func(WithoutDebug);\n}\n```\n\nRust only looks at the signature of the called function, as such it must\nalready specify all requirements that will be used for every type parameter.\n"},"level":"error","spans":[{"file_name":"main.rs","byte_start":9514,"byte_end":9515,"line_start":294,"line_end":294,"column_start":57,"column_end":58,"is_primary":true,"text":[{"text":"        bullet.pos.z = bullet.pos.z + bullet.velocity.z * delta;","highlight_start":57,"highlight_end":58}],"label":"no implementation for `f32 * f64`","suggested_replacement":null,"suggestion_applicability":null,"expansion":null}],"children":[{"message":"the trait `Mul<f64>` is not implemented for `f32`","code":null,"level":"help","spans":[],"children":[],"rendered":null},{"message":"the following other types implement trait `Mul<Rhs>`:\n  `&f32` implements `Mul<&Complex<f32>>`\n  `&f32` implements `Mul<Complex<f32>>`\n  `&f32` implements `Mul<f32>`\n  `&f32` implements `Mul`\n  `f32` implements `Mul<&Complex<f32>>`\n  `f32` implements `Mul<&DualQuaternion<f32>>`\n  `f32` implements `Mul<&Matrix<f32, R, C, S>>`\n  `f32` implements `Mul<&OPoint<f32, D>>`\nand 18 others","code":null,"level":"help","spans":[],"children":[],"rendered":null}],"rendered":"\u001b[0m\u001b[1m\u001b[38;5;9merror[E0277]\u001b[0m\u001b[0m\u001b[1m: cannot multiply `f32` by `f64`\u001b[0m\n\u001b[0m   \u001b[0m\u001b[0m\u001b[1m\u001b[38;5;12m--> \u001b[0m\u001b[0mmain.rs:294:57\u001b[0m\n\u001b[0m    \u001b[0m\u001b[0m\u001b[1m\u001b[38;5;12m|\u001b[0m\n\u001b[0m\u001b[1m\u001b[38;5;12m294\u001b[0m\u001b[0m \u001b[0m\u001b[0m\u001b[1m\u001b[38;5;12m|\u001b[0m\u001b[0m \u001b[0m\u001b[0m        bullet.pos.z = bullet.pos.z + bullet.velocity.z * delta;\u001b[0m\n\u001b[0m    \u001b[0m\u001b[0m\u001b[1m\u001b[38;5;12m|\u001b[0m\u001b[0m                                                         \u001b[0m\u001b[0m\u001b[1m\u001b[38;5;9m^\u001b[0m\u001b[0m \u001b[0m\u001b[0m\u001b[1m\u001b[38;5;9mno implementation for `f32 * f64`\u001b[0m\n\u001b[0m    \u001b[0m\u001b[0m\u001b[1m\u001b[38;5;12m|\u001b[0m\n\u001b[0m    \u001b[0m\u001b[0m\u001b[1m\u001b[38;5;12m= \u001b[0m\u001b[0m\u001b[1mhelp\u001b[0m\u001b[0m: the trait `Mul<f64>` is not implemented for `f32`\u001b[0m\n\u001b[0m    \u001b[0m\u001b[0m\u001b[1m\u001b[38;5;12m= \u001b[0m\u001b[0m\u001b[1mhelp\u001b[0m\u001b[0m: the following other types implement trait `Mul<Rhs>`:\u001b[0m\n\u001b[0m              `&f32` implements `Mul<&Complex<f32>>`\u001b[0m\n\u001b[0m              `&f32` implements `Mul<Complex<f32>>`\u001b[0m\n\u001b[0m              `&f32` implements `Mul<f32>`\u001b[0m\n\u001b[0m              `&f32` implements `Mul`\u001b[0m\n\u001b[0m              `f32` implements `Mul<&Complex<f32>>`\u001b[0m\n\u001b[0m              `f32` implements `Mul<&DualQuaternion<f32>>`\u001b[0m\n\u001b[0m              `f32` implements `Mul<&Matrix<f32, R, C, S>>`\u001b[0m\n\u001b[0m              `f32` implements `Mul<&OPoint<f32, D>>`\u001b[0m\n\u001b[0m            and 18 others\u001b[0m\n\n"}
{"$message_type":"diagnostic","message":"arguments to this function are incorrect","code":{"code":"E0308","explanation":"Expected type did not match the received type.\n\nErroneous code examples:\n\n```compile_fail,E0308\nfn plus_one(x: i32) -> i32 {\n    x + 1\n}\n\nplus_one(\"Not a number\");\n//       ^^^^^^^^^^^^^^ expected `i32`, found `&str`\n\nif \"Not a bool\" {\n// ^^^^^^^^^^^^ expected `bool`, found `&str`\n}\n\nlet x: f32 = \"Not a float\";\n//     ---   ^^^^^^^^^^^^^ expected `f32`, found `&str`\n//     |\n//     expected due to this\n```\n\nThis error occurs when an expression was used in a place where the compiler\nexpected an expression of a different type. It can occur in several cases, the\nmost common being when calling a function and passing an argument which has a\ndifferent type than the matching type in the function declaration.\n"},"level":"error","spans":[{"file_name":"main.rs","byte_start":9776,"byte_end":9788,"line_start":302,"line_end":302,"column_start":32,"column_end":44,"is_primary":false,"text":[{"text":"            if check_collision(bullet.pos.x, bullet.pos.z, &wall) {","highlight_start":32,"highlight_end":44}],"label":"expected `f64`, found `f32`","suggested_replacement":null,"suggestion_applicability":null,"expansion":null},{"file_name":"main.rs","byte_start":9790,"byte_end":9802,"line_start":302,"line_end":302,"column_start":46,"column_end":58,"is_primary":false,"text":[{"text":"            if check_collision(bullet.pos.x, bullet.pos.z, &wall) {","highlight_start":46,"highlight_end":58}],"label":"expected `f64`, found `f32`","suggested_replacement":null,"suggestion_applicability":null,"expansion":null},{"file_name":"main.rs","byte_start":9760,"byte_end":9775,"line_start":302,"line_end":302,"column_start":16,"column_end":31,"is_primary":true,"text":[{"text":"            if check_collision(bullet.pos.x, bullet.pos.z, &wall) {","highlight_start":16,"highlight_end":31}],"label":null,"suggested_replacement":null,"suggestion_applicability":null,"expansion":null}],"children":[{"message":"function defined here","code":null,"level":"note","spans":[{"file_name":"main.rs","byte_start":7723,"byte_end":7729,"line_start":242,"line_end":242,"column_start":20,"column_end":26,"is_primary":false,"text":[{"text":"fn check_collision(x: f64, z: f64, wall: &Wall) -> bool {","highlight_start":20,"highlight_end":26}],"label":"","suggested_replacement":null,"suggestion_applicability":null,"expansion":null},{"file_name":"main.rs","byte_start":7731,"byte_end":7737,"line_start":242,"line_end":242,"column_start":28,"column_end":34,"is_primary":false,"text":[{"text":"fn check_collision(x: f64, z: f64, wall: &Wall) -> bool {","highlight_start":28,"highlight_end":34}],"label":"","suggested_replacement":null,"suggestion_applicability":null,"expansion":null},{"file_name":"main.rs","byte_start":7707,"byte_end":7722,"line_start":242,"line_end":242,"column_start":4,"column_end":19,"is_primary":true,"text":[{"text":"fn check_collision(x: f64, z: f64, wall: &Wall) -> bool {","highlight_start":4,"highlight_end":19}],"label":null,"suggested_replacement":null,"suggestion_applicability":null,"expansion":null}],"children":[],"rendered":null},{"message":"you can convert an `f32` to an `f64`","code":null,"level":"help","spans":[{"file_name":"main.rs","byte_start":9788,"byte_end":9788,"line_start":302,"line_end":302,"column_start":44,"column_end":44,"is_primary":true,"text":[{"text":"            if check_collision(bullet.pos.x, bullet.pos.z, &wall) {","highlight_start":44,"highlight_end":44}],"label":null,"suggested_replacement":".into()","suggestion_applicability":"MachineApplicable","expansion":null}],"children":[],"rendered":null},{"message":"you can convert an `f32` to an `f64`","code":null,"level":"help","spans":[{"file_name":"main.rs","byte_start":9802,"byte_end":9802,"line_start":302,"line_end":302,"column_start":58,"column_end":58,"is_primary":true,"text":[{"text":"            if check_collision(bullet.pos.x, bullet.pos.z, &wall) {","highlight_start":58,"highlight_end":58}],"label":null,"suggested_replacement":".into()","suggestion_applicability":"MachineApplicable","expansion":null}],"children":[],"rendered":null}],"rendered":"\u001b[0m\u001b[1m\u001b[38;5;9merror[E0308]\u001b[0m\u001b[0m\u001b[1m: arguments to this function are incorrect\u001b[0m\n\u001b[0m   \u001b[0m\u001b[0m\u001b[1m\u001b[38;5;12m--> \u001b[0m\u001b[0mmain.rs:302:16\u001b[0m\n\u001b[0m    \u001b[0m\u001b[0m\u001b[1m\u001b[38;5;12m|\u001b[0m\n\u001b[0m\u001b[1m\u001b[38;5;12m302\u001b[0m\u001b[0m \u001b[0m\u001b[0m\u001b[1m\u001b[38;5;12m|\u001b[0m\u001b[0m \u001b[0m\u001b[0m            if check_collision(bullet.pos.x, bullet.pos.z, &wall) {\u001b[0m\n\u001b[0m    \u001b[0m\u001b[0m\u001b[1m\u001b[38;5;12m|\u001b[0m\u001b[0m                \u001b[0m\u001b[0m\u001b[1m\u001b[38;5;9m^^^^^^^^^^^^^^^\u001b[0m\u001b[0m \u001b[0m\u001b[0m\u001b[1m\u001b[38;5;12m------------\u001b[0m\u001b[0m  \u001b[0m\u001b[0m\u001b[1m\u001b[38;5;12m------------\u001b[0m\u001b[0m \u001b[0m\u001b[0m\u001b[1m\u001b[38;5;12mexpected `f64`, found `f32`\u001b[0m\n\u001b[0m    \u001b[0m\u001b[0m\u001b[1m\u001b[38;5;12m|\u001b[0m\u001b[0m                                \u001b[0m\u001b[0m\u001b[1m\u001b[38;5;12m|\u001b[0m\n\u001b[0m    \u001b[0m\u001b[0m\u001b[1m\u001b[38;5;12m|\u001b[0m\u001b[0m                                \u001b[0m\u001b[0m\u001b[1m\u001b[38;5;12mexpected `f64`, found `f32`\u001b[0m\n\u001b[0m    \u001b[0m\u001b[0m\u001b[1m\u001b[38;5;12m|\u001b[0m\n\u001b[0m\u001b[1m\u001b[38;5;10mnote\u001b[0m\u001b[0m: function defined here\u001b[0m\n\u001b[0m   \u001b[0m\u001b[0m\u001b[1m\u001b[38;5;12m--> \u001b[0m\u001b[0mmain.rs:242:4\u001b[0m\n\u001b[0m    \u001b[0m\u001b[0m\u001b[1m\u001b[38;5;12m|\u001b[0m\n\u001b[0m\u001b[1m\u001b[38;5;12m242\u001b[0m\u001b[0m \u001b[0m\u001b[0m\u001b[1m\u001b[38;5;12m|\u001b[0m\u001b[0m \u001b[0m\u001b[0mfn check_collision(x: f64, z: f64, wall: &Wall) -> bool {\u001b[0m\n\u001b[0m    \u001b[0m\u001b[0m\u001b[1m\u001b[38;5;12m|\u001b[0m\u001b[0m    \u001b[0m\u001b[0m\u001b[1m\u001b[38;5;10m^^^^^^^^^^^^^^^\u001b[0m\u001b[0m \u001b[0m\u001b[0m\u001b[1m\u001b[38;5;12m------\u001b[0m\u001b[0m  \u001b[0m\u001b[0m\u001b[1m\u001b[38;5;12m------\u001b[0m\n\u001b[0m\u001b[1m\u001b[38;5;14mhelp\u001b[0m\u001b[0m: you can convert an `f32` to an `f64`\u001b[0m\n\u001b[0m    \u001b[0m\u001b[0m\u001b[1m\u001b[38;5;12m|\u001b[0m\n\u001b[0m\u001b[1m\u001b[38;5;12m302\u001b[0m\u001b[0m \u001b[0m\u001b[0m\u001b[1m\u001b[38;5;12m| \u001b[0m\u001b[0m            if check_collision(bullet.pos.x\u001b[0m\u001b[0m\u001b[38;5;10m.into()\u001b[0m\u001b[0m, bullet.pos.z, &wall) {\u001b[0m\n\u001b[0m    \u001b[0m\u001b[0m\u001b[1m\u001b[38;5;12m|\u001b[0m\u001b[0m                                            \u001b[0m\u001b[0m\u001b[38;5;10m+++++++\u001b[0m\n\u001b[0m\u001b[1m\u001b[38;5;14mhelp\u001b[0m\u001b[0m: you can convert an `f32` to an `f64`\u001b[0m\n\u001b[0m    \u001b[0m\u001b[0m\u001b[1m\u001b[38;5;12m|\u001b[0m\n\u001b[0m\u001b[1m\u001b[38;5;12m302\u001b[0m\u001b[0m \u001b[0m\u001b[0m\u001b[1m\u001b[38;5;12m| \u001b[0m\u001b[0m            if check_collision(bullet.pos.x, bullet.pos.z\u001b[0m\u001b[0m\u001b[38;5;10m.into()\u001b[0m\u001b[0m, &wall) {\u001b[0m\n\u001b[0m    \u001b[0m\u001b[0m\u001b[1m\u001b[38;5;12m|\u001b[0m\u001b[0m                                                          \u001b[0m\u001b[0m\u001b[38;5;10m+++++++\u001b[0m\n\n"}
{"$message_type":"diagnostic","message":"mismatched types","code":{"code":"E0308","explanation":"Expected type did not match the received type.\n\nErroneous code examples:\n\n```compile_fail,E0308\nfn plus_one(x: i32) -> i32 {\n    x + 1\n}\n\nplus_one(\"Not a number\");\n//       ^^^^^^^^^^^^^^ expected `i32`, found `&str`\n\nif \"Not a bool\" {\n// ^^^^^^^^^^^^ expected `bool`, found `&str`\n}\n\nlet x: f32 = \"Not a float\";\n//     ---   ^^^^^^^^^^^^^ expected `f32`, found `&str`\n//     |\n//     expected due to this\n```\n\nThis error occurs when an expression was used in a place where the compiler\nexpected an expression of a different type. It can occur in several cases, the\nmost common being when calling a function and passing an argument which has a\ndifferent type than the matching type in the function declaration.\n"},"level":"error","spans":[{"file_name":"main.rs","byte_start":11013,"byte_end":11028,"line_start":341,"line_end":341,"column_start":18,"column_end":33,"is_primary":true,"text":[{"text":"    camera.yaw = game.player_yaw;","highlight_start":18,"highlight_end":33}],"label":"expected `f32`, found `f64`","suggested_replacement":null,"suggestion_applicability":null,"expansion":null},{"file_name":"main.rs","byte_start":11000,"byte_end":11010,"line_start":341,"line_end":341,"column_start":5,"column_end":15,"is_primary":false,"text":[{"text":"    camera.yaw = game.player_yaw;","highlight_start":5,"highlight_end":15}],"label":"expected due to the type of this binding","suggested_replacement":null,"suggestion_applicability":null,"expansion":null}],"children":[],"rendered":"\u001b[0m\u001b[1m\u001b[38;5;9merror[E0308]\u001b[0m\u001b[0m\u001b[1m: mismatched types\u001b[0m\n\u001b[0m   \u001b[0m\u001b[0m\u001b[1m\u001b[38;5;12m--> \u001b[0m\u001b[0mmain.rs:341:18\u001b[0m\n\u001b[0m    \u001b[0m\u001b[0m\u001b[1m\u001b[38;5;12m|\u001b[0m\n\u001b[0m\u001b[1m\u001b[38;5;12m341\u001b[0m\u001b[0m \u001b[0m\u001b[0m\u001b[1m\u001b[38;5;12m|\u001b[0m\u001b[0m \u001b[0m\u001b[0m    camera.yaw = game.player_yaw;\u001b[0m\n\u001b[0m    \u001b[0m\u001b[0m\u001b[1m\u001b[38;5;12m|\u001b[0m\u001b[0m     \u001b[0m\u001b[0m\u001b[1m\u001b[38;5;12m----------\u001b[0m\u001b[0m   \u001b[0m\u001b[0m\u001b[1m\u001b[38;5;9m^^^^^^^^^^^^^^^\u001b[0m\u001b[0m \u001b[0m\u001b[0m\u001b[1m\u001b[38;5;9mexpected `f32`, found `f64`\u001b[0m\n\u001b[0m    \u001b[0m\u001b[0m\u001b[1m\u001b[38;5;12m|\u001b[0m\u001b[0m     \u001b[0m\u001b[0m\u001b[1m\u001b[38;5;12m|\u001b[0m\n\u001b[0m    \u001b[0m\u001b[0m\u001b[1m\u001b[38;5;12m|\u001b[0m\u001b[0m     \u001b[0m\u001b[0m\u001b[1m\u001b[38;5;12mexpected due to the type of this binding\u001b[0m\n\n"}
{"$message_type":"diagnostic","message":"mismatched types","code":{"code":"E0308","explanation":"Expected type did not match the received type.\n\nErroneous code examples:\n\n```compile_fail,E0308\nfn plus_one(x: i32) -> i32 {\n    x + 1\n}\n\nplus_one(\"Not a number\");\n//       ^^^^^^^^^^^^^^ expected `i32`, found `&str`\n\nif \"Not a bool\" {\n// ^^^^^^^^^^^^ expected `bool`, found `&str`\n}\n\nlet x: f32 = \"Not a float\";\n//     ---   ^^^^^^^^^^^^^ expected `f32`, found `&str`\n//     |\n//     expected due to this\n```\n\nThis error occurs when an expression was used in a place where the compiler\nexpected an expression of a different type. It can occur in several cases, the\nmost common being when calling a function and passing an argument which has a\ndifferent type than the matching type in the function declaration.\n"},"level":"error","spans":[{"file_name":"main.rs","byte_start":11049,"byte_end":11066,"line_start":342,"line_end":342,"column_start":20,"column_end":37,"is_primary":true,"text":[{"text":"    camera.pitch = game.player_pitch;","highlight_start":20,"highlight_end":37}],"label":"expected `f32`, found `f64`","suggested_replacement":null,"suggestion_applicability":null,"expansion":null},{"file_name":"main.rs","byte_start":11034,"byte_end":11046,"line_start":342,"line_end":342,"column_start":5,"column_end":17,"is_primary":false,"text":[{"text":"    camera.pitch = game.player_pitch;","highlight_start":5,"highlight_end":17}],"label":"expected due to the type of this binding","suggested_replacement":null,"suggestion_applicability":null,"expansion":null}],"children":[],"rendered":"\u001b[0m\u001b[1m\u001b[38;5;9merror[E0308]\u001b[0m\u001b[0m\u001b[1m: mismatched types\u001b[0m\n\u001b[0m   \u001b[0m\u001b[0m\u001b[1m\u001b[38;5;12m--> \u001b[0m\u001b[0mmain.rs:342:20\u001b[0m\n\u001b[0m    \u001b[0m\u001b[0m\u001b[1m\u001b[38;5;12m|\u001b[0m\n\u001b[0m\u001b[1m\u001b[38;5;12m342\u001b[0m\u001b[0m \u001b[0m\u001b[0m\u001b[1m\u001b[38;5;12m|\u001b[0m\u001b[0m \u001b[0m\u001b[0m    camera.pitch = game.player_pitch;\u001b[0m\n\u001b[0m    \u001b[0m\u001b[0m\u001b[1m\u001b[38;5;12m|\u001b[0m\u001b[0m     \u001b[0m\u001b[0m\u001b[1m\u001b[38;5;12m------------\u001b[0m\u001b[0m   \u001b[0m\u001b[0m\u001b[1m\u001b[38;5;9m^^^^^^^^^^^^^^^^^\u001b[0m\u001b[0m \u001b[0m\u001b[0m\u001b[1m\u001b[38;5;9mexpected `f32`, found `f64`\u001b[0m\n\u001b[0m    \u001b[0m\u001b[0m\u001b[1m\u001b[38;5;12m|\u001b[0m\u001b[0m     \u001b[0m\u001b[0m\u001b[1m\u001b[38;5;12m|\u001b[0m\n\u001b[0m    \u001b[0m\u001b[0m\u001b[1m\u001b[38;5;12m|\u001b[0m\u001b[0m     \u001b[0m\u001b[0m\u001b[1m\u001b[38;5;12mexpected due to the type of this binding\u001b[0m\n\n"}
{"$message_type":"diagnostic","message":"mismatched types","code":{"code":"E0308","explanation":"Expected type did not match the received type.\n\nErroneous code examples:\n\n```compile_fail,E0308\nfn plus_one(x: i32) -> i32 {\n    x + 1\n}\n\nplus_one(\"Not a number\");\n//       ^^^^^^^^^^^^^^ expected `i32`, found `&str`\n\nif \"Not a bool\" {\n// ^^^^^^^^^^^^ expected `bool`, found `&str`\n}\n\nlet x: f32 = \"Not a float\";\n//     ---   ^^^^^^^^^^^^^ expected `f32`, found `&str`\n//     |\n//     expected due to this\n```\n\nThis error occurs when an expression was used in a place where the compiler\nexpected an expression of a different type. It can occur in several cases, the\nmost common being when calling a function and passing an argument which has a\ndifferent type than the matching type in the function declaration.\n"},"level":"error","spans":[{"file_name":"main.rs","byte_start":11155,"byte_end":11167,"line_start":344,"line_end":344,"column_start":40,"column_end":52,"is_primary":true,"text":[{"text":"    renderer.draw_plane(Vec3::new(0.0, game.floor_y, 0.0), Vec3::new(100.0, 0.0, 100.0), Color::rgb(0.2, 0.2, 0.2));","highlight_start":40,"highlight_end":52}],"label":"expected `f32`, found `f64`","suggested_replacement":null,"suggestion_applicability":null,"expansion":null},{"file_name":"main.rs","byte_start":11140,"byte_end":11149,"line_start":344,"line_end":344,"column_start":25,"column_end":34,"is_primary":false,"text":[{"text":"    renderer.draw_plane(Vec3::new(0.0, game.floor_y, 0.0), Vec3::new(100.0, 0.0, 100.0), Color::rgb(0.2, 0.2, 0.2));","highlight_start":25,"highlight_end":34}],"label":"arguments to this function are incorrect","suggested_replacement":null,"suggestion_applicability":null,"expansion":null}],"children":[{"message":"associated function defined here","code":null,"level":"note","spans":[{"file_name":"/Users/jeffreyfriedman/.cargo/registry/src/index.crates.io-1949cf8c6b5b557f/glam-0.25.0/src/f32/vec3.rs","byte_start":2076,"byte_end":2079,"line_start":76,"line_end":76,"column_start":18,"column_end":21,"is_primary":true,"text":[{"text":"    pub const fn new(x: f32, y: f32, z: f32) -> Self {","highlight_start":18,"highlight_end":21}],"label":null,"suggested_replacement":null,"suggestion_applicability":null,"expansion":null}],"children":[],"rendered":null}],"rendered":"\u001b[0m\u001b[1m\u001b[38;5;9merror[E0308]\u001b[0m\u001b[0m\u001b[1m: mismatched types\u001b[0m\n\u001b[0m   \u001b[0m\u001b[0m\u001b[1m\u001b[38;5;12m--> \u001b[0m\u001b[0mmain.rs:344:40\u001b[0m\n\u001b[0m    \u001b[0m\u001b[0m\u001b[1m\u001b[38;5;12m|\u001b[0m\n\u001b[0m\u001b[1m\u001b[38;5;12m344\u001b[0m\u001b[0m \u001b[0m\u001b[0m\u001b[1m\u001b[38;5;12m|\u001b[0m\u001b[0m \u001b[0m\u001b[0m    renderer.draw_plane(Vec3::new(0.0, game.floor_y, 0.0), Vec3::new(100.0, 0.0, 100.0), Color::rgb(0.2, 0.2, 0.2));\u001b[0m\n\u001b[0m    \u001b[0m\u001b[0m\u001b[1m\u001b[38;5;12m|\u001b[0m\u001b[0m                         \u001b[0m\u001b[0m\u001b[1m\u001b[38;5;12m---------\u001b[0m\u001b[0m      \u001b[0m\u001b[0m\u001b[1m\u001b[38;5;9m^^^^^^^^^^^^\u001b[0m\u001b[0m \u001b[0m\u001b[0m\u001b[1m\u001b[38;5;9mexpected `f32`, found `f64`\u001b[0m\n\u001b[0m    \u001b[0m\u001b[0m\u001b[1m\u001b[38;5;12m|\u001b[0m\u001b[0m                         \u001b[0m\u001b[0m\u001b[1m\u001b[38;5;12m|\u001b[0m\n\u001b[0m    \u001b[0m\u001b[0m\u001b[1m\u001b[38;5;12m|\u001b[0m\u001b[0m                         \u001b[0m\u001b[0m\u001b[1m\u001b[38;5;12marguments to this function are incorrect\u001b[0m\n\u001b[0m    \u001b[0m\u001b[0m\u001b[1m\u001b[38;5;12m|\u001b[0m\n\u001b[0m\u001b[1m\u001b[38;5;10mnote\u001b[0m\u001b[0m: associated function defined here\u001b[0m\n\u001b[0m   \u001b[0m\u001b[0m\u001b[1m\u001b[38;5;12m--> \u001b[0m\u001b[0m/Users/jeffreyfriedman/.cargo/registry/src/index.crates.io-1949cf8c6b5b557f/glam-0.25.0/src/f32/vec3.rs:76:18\u001b[0m\n\u001b[0m    \u001b[0m\u001b[0m\u001b[1m\u001b[38;5;12m|\u001b[0m\n\u001b[0m \u001b[0m\u001b[0m\u001b[1m\u001b[38;5;12m76\u001b[0m\u001b[0m \u001b[0m\u001b[0m\u001b[1m\u001b[38;5;12m|\u001b[0m\u001b[0m \u001b[0m\u001b[0m    pub const fn new(x: f32, y: f32, z: f32) -> Self {\u001b[0m\n\u001b[0m    \u001b[0m\u001b[0m\u001b[1m\u001b[38;5;12m|\u001b[0m\u001b[0m                  \u001b[0m\u001b[0m\u001b[1m\u001b[38;5;10m^^^\u001b[0m\n\n"}
{"$message_type":"diagnostic","message":"cannot borrow `game.walls` as mutable, as it is behind a `&` reference","code":{"code":"E0596","explanation":"This error occurs because you tried to mutably borrow a non-mutable variable.\n\nErroneous code example:\n\n```compile_fail,E0596\nlet x = 1;\nlet y = &mut x; // error: cannot borrow mutably\n```\n\nIn here, `x` isn't mutable, so when we try to mutably borrow it in `y`, it\nfails. To fix this error, you need to make `x` mutable:\n\n```\nlet mut x = 1;\nlet y = &mut x; // ok!\n```\n"},"level":"error","spans":[{"file_name":"main.rs","byte_start":2536,"byte_end":2546,"line_start":108,"line_end":108,"column_start":5,"column_end":15,"is_primary":true,"text":[{"text":"    game.walls.push(Wall { pos: Vec3::new(0.0, 2.0, -20.0), size: Vec3::new(40.0, 4.0, 1.0), color: Color::rgb(0.5, 0.5, 0.5) });","highlight_start":5,"highlight_end":15}],"label":"`game` is a `&` reference, so the data it refers to cannot be borrowed as mutable","suggested_replacement":null,"suggestion_applicability":null,"expansion":null}],"children":[{"message":"consider changing this to be a mutable reference","code":null,"level":"help","spans":[{"file_name":"main.rs","byte_start":2517,"byte_end":2517,"line_start":107,"line_end":107,"column_start":24,"column_end":24,"is_primary":true,"text":[{"text":"fn create_level(game: &ShooterGame) {","highlight_start":24,"highlight_end":24}],"label":null,"suggested_replacement":"mut ","suggestion_applicability":"MachineApplicable","expansion":null}],"children":[],"rendered":null}],"rendered":"\u001b[0m\u001b[1m\u001b[38;5;9merror[E0596]\u001b[0m\u001b[0m\u001b[1m: cannot borrow `game.walls` as mutable, as it is behind a `&` reference\u001b[0m\n\u001b[0m   \u001b[0m\u001b[0m\u001b[1m\u001b[38;5;12m--> \u001b[0m\u001b[0mmain.rs:108:5\u001b[0m\n\u001b[0m    \u001b[0m\u001b[0m\u001b[1m\u001b[38;5;12m|\u001b[0m\n\u001b[0m\u001b[1m\u001b[38;5;12m108\u001b[0m\u001b[0m \u001b[0m\u001b[0m\u001b[1m\u001b[38;5;12m|\u001b[0m\u001b[0m \u001b[0m\u001b[0m    game.walls.push(Wall { pos: Vec3::new(0.0, 2.0, -20.0), size: Vec3::new(40.0, 4.0, 1.0), color: Color::rgb(0.5, 0.5, 0.5) });\u001b[0m\n\u001b[0m    \u001b[0m\u001b[0m\u001b[1m\u001b[38;5;12m|\u001b[0m\u001b[0m     \u001b[0m\u001b[0m\u001b[1m\u001b[38;5;9m^^^^^^^^^^\u001b[0m\u001b[0m \u001b[0m\u001b[0m\u001b[1m\u001b[38;5;9m`game` is a `&` reference, so the data it refers to cannot be borrowed as mutable\u001b[0m\n\u001b[0m    \u001b[0m\u001b[0m\u001b[1m\u001b[38;5;12m|\u001b[0m\n\u001b[0m\u001b[1m\u001b[38;5;14mhelp\u001b[0m\u001b[0m: consider changing this to be a mutable reference\u001b[0m\n\u001b[0m    \u001b[0m\u001b[0m\u001b[1m\u001b[38;5;12m|\u001b[0m\n\u001b[0m\u001b[1m\u001b[38;5;12m107\u001b[0m\u001b[0m \u001b[0m\u001b[0m\u001b[1m\u001b[38;5;12m| \u001b[0m\u001b[0mfn create_level(game: &\u001b[0m\u001b[0m\u001b[38;5;10mmut \u001b[0m\u001b[0mShooterGame) {\u001b[0m\n\u001b[0m    \u001b[0m\u001b[0m\u001b[1m\u001b[38;5;12m|\u001b[0m\u001b[0m                        \u001b[0m\u001b[0m\u001b[38;5;10m+++\u001b[0m\n\n"}
{"$message_type":"diagnostic","message":"cannot borrow `game.walls` as mutable, as it is behind a `&` reference","code":{"code":"E0596","explanation":"This error occurs because you tried to mutably borrow a non-mutable variable.\n\nErroneous code example:\n\n```compile_fail,E0596\nlet x = 1;\nlet y = &mut x; // error: cannot borrow mutably\n```\n\nIn here, `x` isn't mutable, so when we try to mutably borrow it in `y`, it\nfails. To fix this error, you need to make `x` mutable:\n\n```\nlet mut x = 1;\nlet y = &mut x; // ok!\n```\n"},"level":"error","spans":[{"file_name":"main.rs","byte_start":2666,"byte_end":2676,"line_start":109,"line_end":109,"column_start":5,"column_end":15,"is_primary":true,"text":[{"text":"    game.walls.push(Wall { pos: Vec3::new(0.0, 2.0, 20.0), size: Vec3::new(40.0, 4.0, 1.0), color: Color::rgb(0.5, 0.5, 0.5) });","highlight_start":5,"highlight_end":15}],"label":"`game` is a `&` reference, so the data it refers to cannot be borrowed as mutable","suggested_replacement":null,"suggestion_applicability":null,"expansion":null}],"children":[{"message":"consider changing this to be a mutable reference","code":null,"level":"help","spans":[{"file_name":"main.rs","byte_start":2517,"byte_end":2517,"line_start":107,"line_end":107,"column_start":24,"column_end":24,"is_primary":true,"text":[{"text":"fn create_level(game: &ShooterGame) {","highlight_start":24,"highlight_end":24}],"label":null,"suggested_replacement":"mut ","suggestion_applicability":"MachineApplicable","expansion":null}],"children":[],"rendered":null}],"rendered":"\u001b[0m\u001b[1m\u001b[38;5;9merror[E0596]\u001b[0m\u001b[0m\u001b[1m: cannot borrow `game.walls` as mutable, as it is behind a `&` reference\u001b[0m\n\u001b[0m   \u001b[0m\u001b[0m\u001b[1m\u001b[38;5;12m--> \u001b[0m\u001b[0mmain.rs:109:5\u001b[0m\n\u001b[0m    \u001b[0m\u001b[0m\u001b[1m\u001b[38;5;12m|\u001b[0m\n\u001b[0m\u001b[1m\u001b[38;5;12m109\u001b[0m\u001b[0m \u001b[0m\u001b[0m\u001b[1m\u001b[38;5;12m|\u001b[0m\u001b[0m \u001b[0m\u001b[0m    game.walls.push(Wall { pos: Vec3::new(0.0, 2.0, 20.0), size: Vec3::new(40.0, 4.0, 1.0), color: Color::rgb(0.5, 0.5, 0.5) });\u001b[0m\n\u001b[0m    \u001b[0m\u001b[0m\u001b[1m\u001b[38;5;12m|\u001b[0m\u001b[0m     \u001b[0m\u001b[0m\u001b[1m\u001b[38;5;9m^^^^^^^^^^\u001b[0m\u001b[0m \u001b[0m\u001b[0m\u001b[1m\u001b[38;5;9m`game` is a `&` reference, so the data it refers to cannot be borrowed as mutable\u001b[0m\n\u001b[0m    \u001b[0m\u001b[0m\u001b[1m\u001b[38;5;12m|\u001b[0m\n\u001b[0m\u001b[1m\u001b[38;5;14mhelp\u001b[0m\u001b[0m: consider changing this to be a mutable reference\u001b[0m\n\u001b[0m    \u001b[0m\u001b[0m\u001b[1m\u001b[38;5;12m|\u001b[0m\n\u001b[0m\u001b[1m\u001b[38;5;12m107\u001b[0m\u001b[0m \u001b[0m\u001b[0m\u001b[1m\u001b[38;5;12m| \u001b[0m\u001b[0mfn create_level(game: &\u001b[0m\u001b[0m\u001b[38;5;10mmut \u001b[0m\u001b[0mShooterGame) {\u001b[0m\n\u001b[0m    \u001b[0m\u001b[0m\u001b[1m\u001b[38;5;12m|\u001b[0m\u001b[0m                        \u001b[0m\u001b[0m\u001b[38;5;10m+++\u001b[0m\n\n"}
{"$message_type":"diagnostic","message":"cannot borrow `game.walls` as mutable, as it is behind a `&` reference","code":{"code":"E0596","explanation":"This error occurs because you tried to mutably borrow a non-mutable variable.\n\nErroneous code example:\n\n```compile_fail,E0596\nlet x = 1;\nlet y = &mut x; // error: cannot borrow mutably\n```\n\nIn here, `x` isn't mutable, so when we try to mutably borrow it in `y`, it\nfails. To fix this error, you need to make `x` mutable:\n\n```\nlet mut x = 1;\nlet y = &mut x; // ok!\n```\n"},"level":"error","spans":[{"file_name":"main.rs","byte_start":2795,"byte_end":2805,"line_start":110,"line_end":110,"column_start":5,"column_end":15,"is_primary":true,"text":[{"text":"    game.walls.push(Wall { pos: Vec3::new(-20.0, 2.0, 0.0), size: Vec3::new(1.0, 4.0, 40.0), color: Color::rgb(0.5, 0.5, 0.5) });","highlight_start":5,"highlight_end":15}],"label":"`game` is a `&` reference, so the data it refers to cannot be borrowed as mutable","suggested_replacement":null,"suggestion_applicability":null,"expansion":null}],"children":[{"message":"consider changing this to be a mutable reference","code":null,"level":"help","spans":[{"file_name":"main.rs","byte_start":2517,"byte_end":2517,"line_start":107,"line_end":107,"column_start":24,"column_end":24,"is_primary":true,"text":[{"text":"fn create_level(game: &ShooterGame) {","highlight_start":24,"highlight_end":24}],"label":null,"suggested_replacement":"mut ","suggestion_applicability":"MachineApplicable","expansion":null}],"children":[],"rendered":null}],"rendered":"\u001b[0m\u001b[1m\u001b[38;5;9merror[E0596]\u001b[0m\u001b[0m\u001b[1m: cannot borrow `game.walls` as mutable, as it is behind a `&` reference\u001b[0m\n\u001b[0m   \u001b[0m\u001b[0m\u001b[1m\u001b[38;5;12m--> \u001b[0m\u001b[0mmain.rs:110:5\u001b[0m\n\u001b[0m    \u001b[0m\u001b[0m\u001b[1m\u001b[38;5;12m|\u001b[0m\n\u001b[0m\u001b[1m\u001b[38;5;12m110\u001b[0m\u001b[0m \u001b[0m\u001b[0m\u001b[1m\u001b[38;5;12m|\u001b[0m\u001b[0m \u001b[0m\u001b[0m    game.walls.push(Wall { pos: Vec3::new(-20.0, 2.0, 0.0), size: Vec3::new(1.0, 4.0, 40.0), color: Color::rgb(0.5, 0.5, 0.5) });\u001b[0m\n\u001b[0m    \u001b[0m\u001b[0m\u001b[1m\u001b[38;5;12m|\u001b[0m\u001b[0m     \u001b[0m\u001b[0m\u001b[1m\u001b[38;5;9m^^^^^^^^^^\u001b[0m\u001b[0m \u001b[0m\u001b[0m\u001b[1m\u001b[38;5;9m`game` is a `&` reference, so the data it refers to cannot be borrowed as mutable\u001b[0m\n\u001b[0m    \u001b[0m\u001b[0m\u001b[1m\u001b[38;5;12m|\u001b[0m\n\u001b[0m\u001b[1m\u001b[38;5;14mhelp\u001b[0m\u001b[0m: consider changing this to be a mutable reference\u001b[0m\n\u001b[0m    \u001b[0m\u001b[0m\u001b[1m\u001b[38;5;12m|\u001b[0m\n\u001b[0m\u001b[1m\u001b[38;5;12m107\u001b[0m\u001b[0m \u001b[0m\u001b[0m\u001b[1m\u001b[38;5;12m| \u001b[0m\u001b[0mfn create_level(game: &\u001b[0m\u001b[0m\u001b[38;5;10mmut \u001b[0m\u001b[0mShooterGame) {\u001b[0m\n\u001b[0m    \u001b[0m\u001b[0m\u001b[1m\u001b[38;5;12m|\u001b[0m\u001b[0m                        \u001b[0m\u001b[0m\u001b[38;5;10m+++\u001b[0m\n\n"}
{"$message_type":"diagnostic","message":"cannot borrow `game.walls` as mutable, as it is behind a `&` reference","code":{"code":"E0596","explanation":"This error occurs because you tried to mutably borrow a non-mutable variable.\n\nErroneous code example:\n\n```compile_fail,E0596\nlet x = 1;\nlet y = &mut x; // error: cannot borrow mutably\n```\n\nIn here, `x` isn't mutable, so when we try to mutably borrow it in `y`, it\nfails. To fix this error, you need to make `x` mutable:\n\n```\nlet mut x = 1;\nlet y = &mut x; // ok!\n```\n"},"level":"error","spans":[{"file_name":"main.rs","byte_start":2925,"byte_end":2935,"line_start":111,"line_end":111,"column_start":5,"column_end":15,"is_primary":true,"text":[{"text":"    game.walls.push(Wall { pos: Vec3::new(20.0, 2.0, 0.0), size: Vec3::new(1.0, 4.0, 40.0), color: Color::rgb(0.5, 0.5, 0.5) });","highlight_start":5,"highlight_end":15}],"label":"`game` is a `&` reference, so the data it refers to cannot be borrowed as mutable","suggested_replacement":null,"suggestion_applicability":null,"expansion":null}],"children":[{"message":"consider changing this to be a mutable reference","code":null,"level":"help","spans":[{"file_name":"main.rs","byte_start":2517,"byte_end":2517,"line_start":107,"line_end":107,"column_start":24,"column_end":24,"is_primary":true,"text":[{"text":"fn create_level(game: &ShooterGame) {","highlight_start":24,"highlight_end":24}],"label":null,"suggested_replacement":"mut ","suggestion_applicability":"MachineApplicable","expansion":null}],"children":[],"rendered":null}],"rendered":"\u001b[0m\u001b[1m\u001b[38;5;9merror[E0596]\u001b[0m\u001b[0m\u001b[1m: cannot borrow `game.walls` as mutable, as it is behind a `&` reference\u001b[0m\n\u001b[0m   \u001b[0m\u001b[0m\u001b[1m\u001b[38;5;12m--> \u001b[0m\u001b[0mmain.rs:111:5\u001b[0m\n\u001b[0m    \u001b[0m\u001b[0m\u001b[1m\u001b[38;5;12m|\u001b[0m\n\u001b[0m\u001b[1m\u001b[38;5;12m111\u001b[0m\u001b[0m \u001b[0m\u001b[0m\u001b[1m\u001b[38;5;12m|\u001b[0m\u001b[0m \u001b[0m\u001b[0m    game.walls.push(Wall { pos: Vec3::new(20.0, 2.0, 0.0), size: Vec3::new(1.0, 4.0, 40.0), color: Color::rgb(0.5, 0.5, 0.5) });\u001b[0m\n\u001b[0m    \u001b[0m\u001b[0m\u001b[1m\u001b[38;5;12m|\u001b[0m\u001b[0m     \u001b[0m\u001b[0m\u001b[1m\u001b[38;5;9m^^^^^^^^^^\u001b[0m\u001b[0m \u001b[0m\u001b[0m\u001b[1m\u001b[38;5;9m`game` is a `&` reference, so the data it refers to cannot be borrowed as mutable\u001b[0m\n\u001b[0m    \u001b[0m\u001b[0m\u001b[1m\u001b[38;5;12m|\u001b[0m\n\u001b[0m\u001b[1m\u001b[38;5;14mhelp\u001b[0m\u001b[0m: consider changing this to be a mutable reference\u001b[0m\n\u001b[0m    \u001b[0m\u001b[0m\u001b[1m\u001b[38;5;12m|\u001b[0m\n\u001b[0m\u001b[1m\u001b[38;5;12m107\u001b[0m\u001b[0m \u001b[0m\u001b[0m\u001b[1m\u001b[38;5;12m| \u001b[0m\u001b[0mfn create_level(game: &\u001b[0m\u001b[0m\u001b[38;5;10mmut \u001b[0m\u001b[0mShooterGame) {\u001b[0m\n\u001b[0m    \u001b[0m\u001b[0m\u001b[1m\u001b[38;5;12m|\u001b[0m\u001b[0m                        \u001b[0m\u001b[0m\u001b[38;5;10m+++\u001b[0m\n\n"}
{"$message_type":"diagnostic","message":"cannot borrow `game.walls` as mutable, as it is behind a `&` reference","code":{"code":"E0596","explanation":"This error occurs because you tried to mutably borrow a non-mutable variable.\n\nErroneous code example:\n\n```compile_fail,E0596\nlet x = 1;\nlet y = &mut x; // error: cannot borrow mutably\n```\n\nIn here, `x` isn't mutable, so when we try to mutably borrow it in `y`, it\nfails. To fix this error, you need to make `x` mutable:\n\n```\nlet mut x = 1;\nlet y = &mut x; // ok!\n```\n"},"level":"error","spans":[{"file_name":"main.rs","byte_start":3054,"byte_end":3064,"line_start":112,"line_end":112,"column_start":5,"column_end":15,"is_primary":true,"text":[{"text":"    game.walls.push(Wall { pos: Vec3::new(-10.0, 2.0, 0.0), size: Vec3::new(1.0, 4.0, 15.0), color: Color::rgb(0.4, 0.4, 0.4) });","highlight_start":5,"highlight_end":15}],"label":"`game` is a `&` reference, so the data it refers to cannot be borrowed as mutable","suggested_replacement":null,"suggestion_applicability":null,"expansion":null}],"children":[{"message":"consider changing this to be a mutable reference","code":null,"level":"help","spans":[{"file_name":"main.rs","byte_start":2517,"byte_end":2517,"line_start":107,"line_end":107,"column_start":24,"column_end":24,"is_primary":true,"text":[{"text":"fn create_level(game: &ShooterGame) {","highlight_start":24,"highlight_end":24}],"label":null,"suggested_replacement":"mut ","suggestion_applicability":"MachineApplicable","expansion":null}],"children":[],"rendered":null}],"rendered":"\u001b[0m\u001b[1m\u001b[38;5;9merror[E0596]\u001b[0m\u001b[0m\u001b[1m: cannot borrow `game.walls` as mutable, as it is behind a `&` reference\u001b[0m\n\u001b[0m   \u001b[0m\u001b[0m\u001b[1m\u001b[38;5;12m--> \u001b[0m\u001b[0mmain.rs:112:5\u001b[0m\n\u001b[0m    \u001b[0m\u001b[0m\u001b[1m\u001b[38;5;12m|\u001b[0m\n\u001b[0m\u001b[1m\u001b[38;5;12m112\u001b[0m\u001b[0m \u001b[0m\u001b[0m\u001b[1m\u001b[38;5;12m|\u001b[0m\u001b[0m \u001b[0m\u001b[0m    game.walls.push(Wall { pos: Vec3::new(-10.0, 2.0, 0.0), size: Vec3::new(1.0, 4.0, 15.0), color: Color::rgb(0.4, 0.4, 0.4) });\u001b[0m\n\u001b[0m    \u001b[0m\u001b[0m\u001b[1m\u001b[38;5;12m|\u001b[0m\u001b[0m     \u001b[0m\u001b[0m\u001b[1m\u001b[38;5;9m^^^^^^^^^^\u001b[0m\u001b[0m \u001b[0m\u001b[0m\u001b[1m\u001b[38;5;9m`game` is a `&` reference, so the data it refers to cannot be borrowed as mutable\u001b[0m\n\u001b[0m    \u001b[0m\u001b[0m\u001b[1m\u001b[38;5;12m|\u001b[0m\n\u001b[0m\u001b[1m\u001b[38;5;14mhelp\u001b[0m\u001b[0m: consider changing this to be a mutable reference\u001b[0m\n\u001b[0m    \u001b[0m\u001b[0m\u001b[1m\u001b[38;5;12m|\u001b[0m\n\u001b[0m\u001b[1m\u001b[38;5;12m107\u001b[0m\u001b[0m \u001b[0m\u001b[0m\u001b[1m\u001b[38;5;12m| \u001b[0m\u001b[0mfn create_level(game: &\u001b[0m\u001b[0m\u001b[38;5;10mmut \u001b[0m\u001b[0mShooterGame) {\u001b[0m\n\u001b[0m    \u001b[0m\u001b[0m\u001b[1m\u001b[38;5;12m|\u001b[0m\u001b[0m                        \u001b[0m\u001b[0m\u001b[38;5;10m+++\u001b[0m\n\n"}
{"$message_type":"diagnostic","message":"cannot borrow `game.walls` as mutable, as it is behind a `&` reference","code":{"code":"E0596","explanation":"This error occurs because you tried to mutably borrow a non-mutable variable.\n\nErroneous code example:\n\n```compile_fail,E0596\nlet x = 1;\nlet y = &mut x; // error: cannot borrow mutably\n```\n\nIn here, `x` isn't mutable, so when we try to mutably borrow it in `y`, it\nfails. To fix this error, you need to make `x` mutable:\n\n```\nlet mut x = 1;\nlet y = &mut x; // ok!\n```\n"},"level":"error","spans":[{"file_name":"main.rs","byte_start":3184,"byte_end":3194,"line_start":113,"line_end":113,"column_start":5,"column_end":15,"is_primary":true,"text":[{"text":"    game.walls.push(Wall { pos: Vec3::new(10.0, 2.0, 5.0), size: Vec3::new(1.0, 4.0, 20.0), color: Color::rgb(0.4, 0.4, 0.4) });","highlight_start":5,"highlight_end":15}],"label":"`game` is a `&` reference, so the data it refers to cannot be borrowed as mutable","suggested_replacement":null,"suggestion_applicability":null,"expansion":null}],"children":[{"message":"consider changing this to be a mutable reference","code":null,"level":"help","spans":[{"file_name":"main.rs","byte_start":2517,"byte_end":2517,"line_start":107,"line_end":107,"column_start":24,"column_end":24,"is_primary":true,"text":[{"text":"fn create_level(game: &ShooterGame) {","highlight_start":24,"highlight_end":24}],"label":null,"suggested_replacement":"mut ","suggestion_applicability":"MachineApplicable","expansion":null}],"children":[],"rendered":null}],"rendered":"\u001b[0m\u001b[1m\u001b[38;5;9merror[E0596]\u001b[0m\u001b[0m\u001b[1m: cannot borrow `game.walls` as mutable, as it is behind a `&` reference\u001b[0m\n\u001b[0m   \u001b[0m\u001b[0m\u001b[1m\u001b[38;5;12m--> \u001b[0m\u001b[0mmain.rs:113:5\u001b[0m\n\u001b[0m    \u001b[0m\u001b[0m\u001b[1m\u001b[38;5;12m|\u001b[0m\n\u001b[0m\u001b[1m\u001b[38;5;12m113\u001b[0m\u001b[0m \u001b[0m\u001b[0m\u001b[1m\u001b[38;5;12m|\u001b[0m\u001b[0m \u001b[0m\u001b[0m    game.walls.push(Wall { pos: Vec3::new(10.0, 2.0, 5.0), size: Vec3::new(1.0, 4.0, 20.0), color: Color::rgb(0.4, 0.4, 0.4) });\u001b[0m\n\u001b[0m    \u001b[0m\u001b[0m\u001b[1m\u001b[38;5;12m|\u001b[0m\u001b[0m     \u001b[0m\u001b[0m\u001b[1m\u001b[38;5;9m^^^^^^^^^^\u001b[0m\u001b[0m \u001b[0m\u001b[0m\u001b[1m\u001b[38;5;9m`game` is a `&` reference, so the data it refers to cannot be borrowed as mutable\u001b[0m\n\u001b[0m    \u001b[0m\u001b[0m\u001b[1m\u001b[38;5;12m|\u001b[0m\n\u001b[0m\u001b[1m\u001b[38;5;14mhelp\u001b[0m\u001b[0m: consider changing this to be a mutable reference\u001b[0m\n\u001b[0m    \u001b[0m\u001b[0m\u001b[1m\u001b[38;5;12m|\u001b[0m\n\u001b[0m\u001b[1m\u001b[38;5;12m107\u001b[0m\u001b[0m \u001b[0m\u001b[0m\u001b[1m\u001b[38;5;12m| \u001b[0m\u001b[0mfn create_level(game: &\u001b[0m\u001b[0m\u001b[38;5;10mmut \u001b[0m\u001b[0mShooterGame) {\u001b[0m\n\u001b[0m    \u001b[0m\u001b[0m\u001b[1m\u001b[38;5;12m|\u001b[0m\u001b[0m                        \u001b[0m\u001b[0m\u001b[38;5;10m+++\u001b[0m\n\n"}
{"$message_type":"diagnostic","message":"cannot borrow `game.walls` as mutable, as it is behind a `&` reference","code":{"code":"E0596","explanation":"This error occurs because you tried to mutably borrow a non-mutable variable.\n\nErroneous code example:\n\n```compile_fail,E0596\nlet x = 1;\nlet y = &mut x; // error: cannot borrow mutably\n```\n\nIn here, `x` isn't mutable, so when we try to mutably borrow it in `y`, it\nfails. To fix this error, you need to make `x` mutable:\n\n```\nlet mut x = 1;\nlet y = &mut x; // ok!\n```\n"},"level":"error","spans":[{"file_name":"main.rs","byte_start":3313,"byte_end":3323,"line_start":114,"line_end":114,"column_start":5,"column_end":15,"is_primary":true,"text":[{"text":"    game.walls.push(Wall { pos: Vec3::new(0.0, 2.0, -10.0), size: Vec3::new(15.0, 4.0, 1.0), color: Color::rgb(0.4, 0.4, 0.4) });","highlight_start":5,"highlight_end":15}],"label":"`game` is a `&` reference, so the data it refers to cannot be borrowed as mutable","suggested_replacement":null,"suggestion_applicability":null,"expansion":null}],"children":[{"message":"consider changing this to be a mutable reference","code":null,"level":"help","spans":[{"file_name":"main.rs","byte_start":2517,"byte_end":2517,"line_start":107,"line_end":107,"column_start":24,"column_end":24,"is_primary":true,"text":[{"text":"fn create_level(game: &ShooterGame) {","highlight_start":24,"highlight_end":24}],"label":null,"suggested_replacement":"mut ","suggestion_applicability":"MachineApplicable","expansion":null}],"children":[],"rendered":null}],"rendered":"\u001b[0m\u001b[1m\u001b[38;5;9merror[E0596]\u001b[0m\u001b[0m\u001b[1m: cannot borrow `game.walls` as mutable, as it is behind a `&` reference\u001b[0m\n\u001b[0m   \u001b[0m\u001b[0m\u001b[1m\u001b[38;5;12m--> \u001b[0m\u001b[0mmain.rs:114:5\u001b[0m\n\u001b[0m    \u001b[0m\u001b[0m\u001b[1m\u001b[38;5;12m|\u001b[0m\n\u001b[0m\u001b[1m\u001b[38;5;12m114\u001b[0m\u001b[0m \u001b[0m\u001b[0m\u001b[1m\u001b[38;5;12m|\u001b[0m\u001b[0m \u001b[0m\u001b[0m    game.walls.push(Wall { pos: Vec3::new(0.0, 2.0, -10.0), size: Vec3::new(15.0, 4.0, 1.0), color: Color::rgb(0.4, 0.4, 0.4) });\u001b[0m\n\u001b[0m    \u001b[0m\u001b[0m\u001b[1m\u001b[38;5;12m|\u001b[0m\u001b[0m     \u001b[0m\u001b[0m\u001b[1m\u001b[38;5;9m^^^^^^^^^^\u001b[0m\u001b[0m \u001b[0m\u001b[0m\u001b[1m\u001b[38;5;9m`game` is a `&` reference, so the data it refers to cannot be borrowed as mutable\u001b[0m\n\u001b[0m    \u001b[0m\u001b[0m\u001b[1m\u001b[38;5;12m|\u001b[0m\n\u001b[0m\u001b[1m\u001b[38;5;14mhelp\u001b[0m\u001b[0m: consider changing this to be a mutable reference\u001b[0m\n\u001b[0m    \u001b[0m\u001b[0m\u001b[1m\u001b[38;5;12m|\u001b[0m\n\u001b[0m\u001b[1m\u001b[38;5;12m107\u001b[0m\u001b[0m \u001b[0m\u001b[0m\u001b[1m\u001b[38;5;12m| \u001b[0m\u001b[0mfn create_level(game: &\u001b[0m\u001b[0m\u001b[38;5;10mmut \u001b[0m\u001b[0mShooterGame) {\u001b[0m\n\u001b[0m    \u001b[0m\u001b[0m\u001b[1m\u001b[38;5;12m|\u001b[0m\u001b[0m                        \u001b[0m\u001b[0m\u001b[38;5;10m+++\u001b[0m\n\n"}
{"$message_type":"diagnostic","message":"cannot borrow `game.walls` as mutable, as it is behind a `&` reference","code":{"code":"E0596","explanation":"This error occurs because you tried to mutably borrow a non-mutable variable.\n\nErroneous code example:\n\n```compile_fail,E0596\nlet x = 1;\nlet y = &mut x; // error: cannot borrow mutably\n```\n\nIn here, `x` isn't mutable, so when we try to mutably borrow it in `y`, it\nfails. To fix this error, you need to make `x` mutable:\n\n```\nlet mut x = 1;\nlet y = &mut x; // ok!\n```\n"},"level":"error","spans":[{"file_name":"main.rs","byte_start":3443,"byte_end":3453,"line_start":115,"line_end":115,"column_start":5,"column_end":15,"is_primary":true,"text":[{"text":"    game.walls.push(Wall { pos: Vec3::new(5.0, 2.0, 10.0), size: Vec3::new(20.0, 4.0, 1.0), color: Color::rgb(0.4, 0.4, 0.4) })","highlight_start":5,"highlight_end":15}],"label":"`game` is a `&` reference, so the data it refers to cannot be borrowed as mutable","suggested_replacement":null,"suggestion_applicability":null,"expansion":null}],"children":[{"message":"consider changing this to be a mutable reference","code":null,"level":"help","spans":[{"file_name":"main.rs","byte_start":2517,"byte_end":2517,"line_start":107,"line_end":107,"column_start":24,"column_end":24,"is_primary":true,"text":[{"text":"fn create_level(game: &ShooterGame) {","highlight_start":24,"highlight_end":24}],"label":null,"suggested_replacement":"mut ","suggestion_applicability":"MachineApplicable","expansion":null}],"children":[],"rendered":null}],"rendered":"\u001b[0m\u001b[1m\u001b[38;5;9merror[E0596]\u001b[0m\u001b[0m\u001b[1m: cannot borrow `game.walls` as mutable, as it is behind a `&` reference\u001b[0m\n\u001b[0m   \u001b[0m\u001b[0m\u001b[1m\u001b[38;5;12m--> \u001b[0m\u001b[0mmain.rs:115:5\u001b[0m\n\u001b[0m    \u001b[0m\u001b[0m\u001b[1m\u001b[38;5;12m|\u001b[0m\n\u001b[0m\u001b[1m\u001b[38;5;12m115\u001b[0m\u001b[0m \u001b[0m\u001b[0m\u001b[1m\u001b[38;5;12m|\u001b[0m\u001b[0m \u001b[0m\u001b[0m    game.walls.push(Wall { pos: Vec3::new(5.0, 2.0, 10.0), size: Vec3::new(20.0, 4.0, 1.0), color: Color::rgb(0.4, 0.4, 0.4) })\u001b[0m\n\u001b[0m    \u001b[0m\u001b[0m\u001b[1m\u001b[38;5;12m|\u001b[0m\u001b[0m     \u001b[0m\u001b[0m\u001b[1m\u001b[38;5;9m^^^^^^^^^^\u001b[0m\u001b[0m \u001b[0m\u001b[0m\u001b[1m\u001b[38;5;9m`game` is a `&` reference, so the data it refers to cannot be borrowed as mutable\u001b[0m\n\u001b[0m    \u001b[0m\u001b[0m\u001b[1m\u001b[38;5;12m|\u001b[0m\n\u001b[0m\u001b[1m\u001b[38;5;14mhelp\u001b[0m\u001b[0m: consider changing this to be a mutable reference\u001b[0m\n\u001b[0m    \u001b[0m\u001b[0m\u001b[1m\u001b[38;5;12m|\u001b[0m\n\u001b[0m\u001b[1m\u001b[38;5;12m107\u001b[0m\u001b[0m \u001b[0m\u001b[0m\u001b[1m\u001b[38;5;12m| \u001b[0m\u001b[0mfn create_level(game: &\u001b[0m\u001b[0m\u001b[38;5;10mmut \u001b[0m\u001b[0mShooterGame) {\u001b[0m\n\u001b[0m    \u001b[0m\u001b[0m\u001b[1m\u001b[38;5;12m|\u001b[0m\u001b[0m                        \u001b[0m\u001b[0m\u001b[38;5;10m+++\u001b[0m\n\n"}
{"$message_type":"diagnostic","message":"cannot borrow `game.enemies` as mutable, as it is behind a `&` reference","code":{"code":"E0596","explanation":"This error occurs because you tried to mutably borrow a non-mutable variable.\n\nErroneous code example:\n\n```compile_fail,E0596\nlet x = 1;\nlet y = &mut x; // error: cannot borrow mutably\n```\n\nIn here, `x` isn't mutable, so when we try to mutably borrow it in `y`, it\nfails. To fix this error, you need to make `x` mutable:\n\n```\nlet mut x = 1;\nlet y = &mut x; // ok!\n```\n"},"level":"error","spans":[{"file_name":"main.rs","byte_start":3623,"byte_end":3635,"line_start":120,"line_end":120,"column_start":5,"column_end":17,"is_primary":true,"text":[{"text":"    game.enemies.push(Enemy { pos: Vec3::new(10.0, 1.0, 10.0), velocity: Vec3::new(0.0, 0.0, 0.0), health: 3, state: 1, color: Color::rgb(1.0, 0.0, 0.0) });","highlight_start":5,"highlight_end":17}],"label":"`game` is a `&` reference, so the data it refers to cannot be borrowed as mutable","suggested_replacement":null,"suggestion_applicability":null,"expansion":null}],"children":[{"message":"consider changing this to be a mutable reference","code":null,"level":"help","spans":[{"file_name":"main.rs","byte_start":3604,"byte_end":3604,"line_start":119,"line_end":119,"column_start":25,"column_end":25,"is_primary":true,"text":[{"text":"fn spawn_enemies(game: &ShooterGame) {","highlight_start":25,"highlight_end":25}],"label":null,"suggested_replacement":"mut ","suggestion_applicability":"MachineApplicable","expansion":null}],"children":[],"rendered":null}],"rendered":"\u001b[0m\u001b[1m\u001b[38;5;9merror[E0596]\u001b[0m\u001b[0m\u001b[1m: cannot borrow `game.enemies` as mutable, as it is behind a `&` reference\u001b[0m\n\u001b[0m   \u001b[0m\u001b[0m\u001b[1m\u001b[38;5;12m--> \u001b[0m\u001b[0mmain.rs:120:5\u001b[0m\n\u001b[0m    \u001b[0m\u001b[0m\u001b[1m\u001b[38;5;12m|\u001b[0m\n\u001b[0m\u001b[1m\u001b[38;5;12m120\u001b[0m\u001b[0m \u001b[0m\u001b[0m\u001b[1m\u001b[38;5;12m|\u001b[0m\u001b[0m \u001b[0m\u001b[0m    game.enemies.push(Enemy { pos: Vec3::new(10.0, 1.0, 10.0), velocity: Vec3::new(0.0, 0.0, 0.0), health: 3, state: 1, color: Color::rgb\u001b[0m\u001b[0m\u001b[1m\u001b[38;5;12m...\u001b[0m\n\u001b[0m    \u001b[0m\u001b[0m\u001b[1m\u001b[38;5;12m|\u001b[0m\u001b[0m     \u001b[0m\u001b[0m\u001b[1m\u001b[38;5;9m^^^^^^^^^^^^\u001b[0m\u001b[0m \u001b[0m\u001b[0m\u001b[1m\u001b[38;5;9m`game` is a `&` reference, so the data it refers to cannot be borrowed as mutable\u001b[0m\n\u001b[0m    \u001b[0m\u001b[0m\u001b[1m\u001b[38;5;12m|\u001b[0m\n\u001b[0m\u001b[1m\u001b[38;5;14mhelp\u001b[0m\u001b[0m: consider changing this to be a mutable reference\u001b[0m\n\u001b[0m    \u001b[0m\u001b[0m\u001b[1m\u001b[38;5;12m|\u001b[0m\n\u001b[0m\u001b[1m\u001b[38;5;12m119\u001b[0m\u001b[0m \u001b[0m\u001b[0m\u001b[1m\u001b[38;5;12m| \u001b[0m\u001b[0mfn spawn_enemies(game: &\u001b[0m\u001b[0m\u001b[38;5;10mmut \u001b[0m\u001b[0mShooterGame) {\u001b[0m\n\u001b[0m    \u001b[0m\u001b[0m\u001b[1m\u001b[38;5;12m|\u001b[0m\u001b[0m                         \u001b[0m\u001b[0m\u001b[38;5;10m+++\u001b[0m\n\n"}
{"$message_type":"diagnostic","message":"cannot borrow `game.enemies` as mutable, as it is behind a `&` reference","code":{"code":"E0596","explanation":"This error occurs because you tried to mutably borrow a non-mutable variable.\n\nErroneous code example:\n\n```compile_fail,E0596\nlet x = 1;\nlet y = &mut x; // error: cannot borrow mutably\n```\n\nIn here, `x` isn't mutable, so when we try to mutably borrow it in `y`, it\nfails. To fix this error, you need to make `x` mutable:\n\n```\nlet mut x = 1;\nlet y = &mut x; // ok!\n```\n"},"level":"error","spans":[{"file_name":"main.rs","byte_start":3780,"byte_end":3792,"line_start":121,"line_end":121,"column_start":5,"column_end":17,"is_primary":true,"text":[{"text":"    game.enemies.push(Enemy { pos: Vec3::new(-10.0, 1.0, 10.0), velocity: Vec3::new(0.0, 0.0, 0.0), health: 3, state: 1, color: Color::rgb(1.0, 0.2, 0.0) });","highlight_start":5,"highlight_end":17}],"label":"`game` is a `&` reference, so the data it refers to cannot be borrowed as mutable","suggested_replacement":null,"suggestion_applicability":null,"expansion":null}],"children":[{"message":"consider changing this to be a mutable reference","code":null,"level":"help","spans":[{"file_name":"main.rs","byte_start":3604,"byte_end":3604,"line_start":119,"line_end":119,"column_start":25,"column_end":25,"is_primary":true,"text":[{"text":"fn spawn_enemies(game: &ShooterGame) {","highlight_start":25,"highlight_end":25}],"label":null,"suggested_replacement":"mut ","suggestion_applicability":"MachineApplicable","expansion":null}],"children":[],"rendered":null}],"rendered":"\u001b[0m\u001b[1m\u001b[38;5;9merror[E0596]\u001b[0m\u001b[0m\u001b[1m: cannot borrow `game.enemies` as mutable, as it is behind a `&` reference\u001b[0m\n\u001b[0m   \u001b[0m\u001b[0m\u001b[1m\u001b[38;5;12m--> \u001b[0m\u001b[0mmain.rs:121:5\u001b[0m\n\u001b[0m    \u001b[0m\u001b[0m\u001b[1m\u001b[38;5;12m|\u001b[0m\n\u001b[0m\u001b[1m\u001b[38;5;12m121\u001b[0m\u001b[0m \u001b[0m\u001b[0m\u001b[1m\u001b[38;5;12m|\u001b[0m\u001b[0m \u001b[0m\u001b[0m    game.enemies.push(Enemy { pos: Vec3::new(-10.0, 1.0, 10.0), velocity: Vec3::new(0.0, 0.0, 0.0), health: 3, state: 1, color: Color::rg\u001b[0m\u001b[0m\u001b[1m\u001b[38;5;12m...\u001b[0m\n\u001b[0m    \u001b[0m\u001b[0m\u001b[1m\u001b[38;5;12m|\u001b[0m\u001b[0m     \u001b[0m\u001b[0m\u001b[1m\u001b[38;5;9m^^^^^^^^^^^^\u001b[0m\u001b[0m \u001b[0m\u001b[0m\u001b[1m\u001b[38;5;9m`game` is a `&` reference, so the data it refers to cannot be borrowed as mutable\u001b[0m\n\u001b[0m    \u001b[0m\u001b[0m\u001b[1m\u001b[38;5;12m|\u001b[0m\n\u001b[0m\u001b[1m\u001b[38;5;14mhelp\u001b[0m\u001b[0m: consider changing this to be a mutable reference\u001b[0m\n\u001b[0m    \u001b[0m\u001b[0m\u001b[1m\u001b[38;5;12m|\u001b[0m\n\u001b[0m\u001b[1m\u001b[38;5;12m119\u001b[0m\u001b[0m \u001b[0m\u001b[0m\u001b[1m\u001b[38;5;12m| \u001b[0m\u001b[0mfn spawn_enemies(game: &\u001b[0m\u001b[0m\u001b[38;5;10mmut \u001b[0m\u001b[0mShooterGame) {\u001b[0m\n\u001b[0m    \u001b[0m\u001b[0m\u001b[1m\u001b[38;5;12m|\u001b[0m\u001b[0m                         \u001b[0m\u001b[0m\u001b[38;5;10m+++\u001b[0m\n\n"}
{"$message_type":"diagnostic","message":"cannot borrow `game.enemies` as mutable, as it is behind a `&` reference","code":{"code":"E0596","explanation":"This error occurs because you tried to mutably borrow a non-mutable variable.\n\nErroneous code example:\n\n```compile_fail,E0596\nlet x = 1;\nlet y = &mut x; // error: cannot borrow mutably\n```\n\nIn here, `x` isn't mutable, so when we try to mutably borrow it in `y`, it\nfails. To fix this error, you need to make `x` mutable:\n\n```\nlet mut x = 1;\nlet y = &mut x; // ok!\n```\n"},"level":"error","spans":[{"file_name":"main.rs","byte_start":3938,"byte_end":3950,"line_start":122,"line_end":122,"column_start":5,"column_end":17,"is_primary":true,"text":[{"text":"    game.enemies.push(Enemy { pos: Vec3::new(10.0, 1.0, -10.0), velocity: Vec3::new(0.0, 0.0, 0.0), health: 3, state: 1, color: Color::rgb(0.8, 0.0, 0.0) });","highlight_start":5,"highlight_end":17}],"label":"`game` is a `&` reference, so the data it refers to cannot be borrowed as mutable","suggested_replacement":null,"suggestion_applicability":null,"expansion":null}],"children":[{"message":"consider changing this to be a mutable reference","code":null,"level":"help","spans":[{"file_name":"main.rs","byte_start":3604,"byte_end":3604,"line_start":119,"line_end":119,"column_start":25,"column_end":25,"is_primary":true,"text":[{"text":"fn spawn_enemies(game: &ShooterGame) {","highlight_start":25,"highlight_end":25}],"label":null,"suggested_replacement":"mut ","suggestion_applicability":"MachineApplicable","expansion":null}],"children":[],"rendered":null}],"rendered":"\u001b[0m\u001b[1m\u001b[38;5;9merror[E0596]\u001b[0m\u001b[0m\u001b[1m: cannot borrow `game.enemies` as mutable, as it is behind a `&` reference\u001b[0m\n\u001b[0m   \u001b[0m\u001b[0m\u001b[1m\u001b[38;5;12m--> \u001b[0m\u001b[0mmain.rs:122:5\u001b[0m\n\u001b[0m    \u001b[0m\u001b[0m\u001b[1m\u001b[38;5;12m|\u001b[0m\n\u001b[0m\u001b[1m\u001b[38;5;12m122\u001b[0m\u001b[0m \u001b[0m\u001b[0m\u001b[1m\u001b[38;5;12m|\u001b[0m\u001b[0m \u001b[0m\u001b[0m    game.enemies.push(Enemy { pos: Vec3::new(10.0, 1.0, -10.0), velocity: Vec3::new(0.0, 0.0, 0.0), health: 3, state: 1, color: Color::rg\u001b[0m\u001b[0m\u001b[1m\u001b[38;5;12m...\u001b[0m\n\u001b[0m    \u001b[0m\u001b[0m\u001b[1m\u001b[38;5;12m|\u001b[0m\u001b[0m     \u001b[0m\u001b[0m\u001b[1m\u001b[38;5;9m^^^^^^^^^^^^\u001b[0m\u001b[0m \u001b[0m\u001b[0m\u001b[1m\u001b[38;5;9m`game` is a `&` reference, so the data it refers to cannot be borrowed as mutable\u001b[0m\n\u001b[0m    \u001b[0m\u001b[0m\u001b[1m\u001b[38;5;12m|\u001b[0m\n\u001b[0m\u001b[1m\u001b[38;5;14mhelp\u001b[0m\u001b[0m: consider changing this to be a mutable reference\u001b[0m\n\u001b[0m    \u001b[0m\u001b[0m\u001b[1m\u001b[38;5;12m|\u001b[0m\n\u001b[0m\u001b[1m\u001b[38;5;12m119\u001b[0m\u001b[0m \u001b[0m\u001b[0m\u001b[1m\u001b[38;5;12m| \u001b[0m\u001b[0mfn spawn_enemies(game: &\u001b[0m\u001b[0m\u001b[38;5;10mmut \u001b[0m\u001b[0mShooterGame) {\u001b[0m\n\u001b[0m    \u001b[0m\u001b[0m\u001b[1m\u001b[38;5;12m|\u001b[0m\u001b[0m                         \u001b[0m\u001b[0m\u001b[38;5;10m+++\u001b[0m\n\n"}
{"$message_type":"diagnostic","message":"cannot borrow `game.enemies` as mutable, as it is behind a `&` reference","code":{"code":"E0596","explanation":"This error occurs because you tried to mutably borrow a non-mutable variable.\n\nErroneous code example:\n\n```compile_fail,E0596\nlet x = 1;\nlet y = &mut x; // error: cannot borrow mutably\n```\n\nIn here, `x` isn't mutable, so when we try to mutably borrow it in `y`, it\nfails. To fix this error, you need to make `x` mutable:\n\n```\nlet mut x = 1;\nlet y = &mut x; // ok!\n```\n"},"level":"error","spans":[{"file_name":"main.rs","byte_start":4096,"byte_end":4108,"line_start":123,"line_end":123,"column_start":5,"column_end":17,"is_primary":true,"text":[{"text":"    game.enemies.push(Enemy { pos: Vec3::new(-10.0, 1.0, -10.0), velocity: Vec3::new(0.0, 0.0, 0.0), health: 3, state: 1, color: Color::rgb(1.0, 0.1, 0.1) });","highlight_start":5,"highlight_end":17}],"label":"`game` is a `&` reference, so the data it refers to cannot be borrowed as mutable","suggested_replacement":null,"suggestion_applicability":null,"expansion":null}],"children":[{"message":"consider changing this to be a mutable reference","code":null,"level":"help","spans":[{"file_name":"main.rs","byte_start":3604,"byte_end":3604,"line_start":119,"line_end":119,"column_start":25,"column_end":25,"is_primary":true,"text":[{"text":"fn spawn_enemies(game: &ShooterGame) {","highlight_start":25,"highlight_end":25}],"label":null,"suggested_replacement":"mut ","suggestion_applicability":"MachineApplicable","expansion":null}],"children":[],"rendered":null}],"rendered":"\u001b[0m\u001b[1m\u001b[38;5;9merror[E0596]\u001b[0m\u001b[0m\u001b[1m: cannot borrow `game.enemies` as mutable, as it is behind a `&` reference\u001b[0m\n\u001b[0m   \u001b[0m\u001b[0m\u001b[1m\u001b[38;5;12m--> \u001b[0m\u001b[0mmain.rs:123:5\u001b[0m\n\u001b[0m    \u001b[0m\u001b[0m\u001b[1m\u001b[38;5;12m|\u001b[0m\n\u001b[0m\u001b[1m\u001b[38;5;12m123\u001b[0m\u001b[0m \u001b[0m\u001b[0m\u001b[1m\u001b[38;5;12m|\u001b[0m\u001b[0m \u001b[0m\u001b[0m    game.enemies.push(Enemy { pos: Vec3::new(-10.0, 1.0, -10.0), velocity: Vec3::new(0.0, 0.0, 0.0), health: 3, state: 1, color: Color::r\u001b[0m\u001b[0m\u001b[1m\u001b[38;5;12m...\u001b[0m\n\u001b[0m    \u001b[0m\u001b[0m\u001b[1m\u001b[38;5;12m|\u001b[0m\u001b[0m     \u001b[0m\u001b[0m\u001b[1m\u001b[38;5;9m^^^^^^^^^^^^\u001b[0m\u001b[0m \u001b[0m\u001b[0m\u001b[1m\u001b[38;5;9m`game` is a `&` reference, so the data it refers to cannot be borrowed as mutable\u001b[0m\n\u001b[0m    \u001b[0m\u001b[0m\u001b[1m\u001b[38;5;12m|\u001b[0m\n\u001b[0m\u001b[1m\u001b[38;5;14mhelp\u001b[0m\u001b[0m: consider changing this to be a mutable reference\u001b[0m\n\u001b[0m    \u001b[0m\u001b[0m\u001b[1m\u001b[38;5;12m|\u001b[0m\n\u001b[0m\u001b[1m\u001b[38;5;12m119\u001b[0m\u001b[0m \u001b[0m\u001b[0m\u001b[1m\u001b[38;5;12m| \u001b[0m\u001b[0mfn spawn_enemies(game: &\u001b[0m\u001b[0m\u001b[38;5;10mmut \u001b[0m\u001b[0mShooterGame) {\u001b[0m\n\u001b[0m    \u001b[0m\u001b[0m\u001b[1m\u001b[38;5;12m|\u001b[0m\u001b[0m                         \u001b[0m\u001b[0m\u001b[38;5;10m+++\u001b[0m\n\n"}
{"$message_type":"diagnostic","message":"cannot borrow `game.enemies` as mutable, as it is behind a `&` reference","code":{"code":"E0596","explanation":"This error occurs because you tried to mutably borrow a non-mutable variable.\n\nErroneous code example:\n\n```compile_fail,E0596\nlet x = 1;\nlet y = &mut x; // error: cannot borrow mutably\n```\n\nIn here, `x` isn't mutable, so when we try to mutably borrow it in `y`, it\nfails. To fix this error, you need to make `x` mutable:\n\n```\nlet mut x = 1;\nlet y = &mut x; // ok!\n```\n"},"level":"error","spans":[{"file_name":"main.rs","byte_start":4255,"byte_end":4267,"line_start":124,"line_end":124,"column_start":5,"column_end":17,"is_primary":true,"text":[{"text":"    game.enemies.push(Enemy { pos: Vec3::new(0.0, 1.0, 15.0), velocity: Vec3::new(0.0, 0.0, 0.0), health: 3, state: 1, color: Color::rgb(0.9, 0.0, 0.0) })","highlight_start":5,"highlight_end":17}],"label":"`game` is a `&` reference, so the data it refers to cannot be borrowed as mutable","suggested_replacement":null,"suggestion_applicability":null,"expansion":null}],"children":[{"message":"consider changing this to be a mutable reference","code":null,"level":"help","spans":[{"file_name":"main.rs","byte_start":3604,"byte_end":3604,"line_start":119,"line_end":119,"column_start":25,"column_end":25,"is_primary":true,"text":[{"text":"fn spawn_enemies(game: &ShooterGame) {","highlight_start":25,"highlight_end":25}],"label":null,"suggested_replacement":"mut ","suggestion_applicability":"MachineApplicable","expansion":null}],"children":[],"rendered":null}],"rendered":"\u001b[0m\u001b[1m\u001b[38;5;9merror[E0596]\u001b[0m\u001b[0m\u001b[1m: cannot borrow `game.enemies` as mutable, as it is behind a `&` reference\u001b[0m\n\u001b[0m   \u001b[0m\u001b[0m\u001b[1m\u001b[38;5;12m--> \u001b[0m\u001b[0mmain.rs:124:5\u001b[0m\n\u001b[0m    \u001b[0m\u001b[0m\u001b[1m\u001b[38;5;12m|\u001b[0m\n\u001b[0m\u001b[1m\u001b[38;5;12m124\u001b[0m\u001b[0m \u001b[0m\u001b[0m\u001b[1m\u001b[38;5;12m|\u001b[0m\u001b[0m \u001b[0m\u001b[0m    game.enemies.push(Enemy { pos: Vec3::new(0.0, 1.0, 15.0), velocity: Vec3::new(0.0, 0.0, 0.0), health: 3, state: 1, color: Color::rgb(\u001b[0m\u001b[0m\u001b[1m\u001b[38;5;12m...\u001b[0m\n\u001b[0m    \u001b[0m\u001b[0m\u001b[1m\u001b[38;5;12m|\u001b[0m\u001b[0m     \u001b[0m\u001b[0m\u001b[1m\u001b[38;5;9m^^^^^^^^^^^^\u001b[0m\u001b[0m \u001b[0m\u001b[0m\u001b[1m\u001b[38;5;9m`game` is a `&` reference, so the data it refers to cannot be borrowed as mutable\u001b[0m\n\u001b[0m    \u001b[0m\u001b[0m\u001b[1m\u001b[38;5;12m|\u001b[0m\n\u001b[0m\u001b[1m\u001b[38;5;14mhelp\u001b[0m\u001b[0m: consider changing this to be a mutable reference\u001b[0m\n\u001b[0m    \u001b[0m\u001b[0m\u001b[1m\u001b[38;5;12m|\u001b[0m\n\u001b[0m\u001b[1m\u001b[38;5;12m119\u001b[0m\u001b[0m \u001b[0m\u001b[0m\u001b[1m\u001b[38;5;12m| \u001b[0m\u001b[0mfn spawn_enemies(game: &\u001b[0m\u001b[0m\u001b[38;5;10mmut \u001b[0m\u001b[0mShooterGame) {\u001b[0m\n\u001b[0m    \u001b[0m\u001b[0m\u001b[1m\u001b[38;5;12m|\u001b[0m\u001b[0m                         \u001b[0m\u001b[0m\u001b[38;5;10m+++\u001b[0m\n\n"}
{"$message_type":"diagnostic","message":"aborting due to 54 previous errors; 2 warnings emitted","code":null,"level":"error","spans":[],"children":[],"rendered":"\u001b[0m\u001b[1m\u001b[38;5;9merror\u001b[0m\u001b[0m\u001b[1m: aborting due to 54 previous errors; 2 warnings emitted\u001b[0m\n\n"}
{"$message_type":"diagnostic","message":"Some errors have detailed explanations: E0277, E0308, E0596, E0599.","code":null,"level":"failure-note","spans":[],"children":[],"rendered":"\u001b[0m\u001b[1mSome errors have detailed explanations: E0277, E0308, E0596, E0599.\u001b[0m\n"}
{"$message_type":"diagnostic","message":"For more information about an error, try `rustc --explain E0277`.","code":null,"level":"failure-note","spans":[],"children":[],"rendered":"\u001b[0m\u001b[1mFor more information about an error, try `rustc --explain E0277`.\u001b[0m\n"}
